{"label":"main.ts","level":"info","message":"ข้อมูลยังไม่พร้อม จะเช็คใหม่อีกครั้งใน 45 วินาที...","round":252,"timestamp":"2024-10-22 00:00:01"}
{"label":"main.ts","level":"info","message":"กำลังเช็คข้อความ...","timestamp":"2024-10-22 00:00:46"}
{"label":"main.ts","level":"info","message":"ข้อมูลยังไม่พร้อม จะเช็คใหม่อีกครั้งใน 45 วินาที...","round":252,"timestamp":"2024-10-22 00:00:50"}
{"label":"main.ts","level":"info","message":"กำลังเช็คข้อความ...","timestamp":"2024-10-22 00:01:35"}
{"label":"main.ts","level":"info","message":"ข้อมูลยังไม่พร้อม จะเช็คใหม่อีกครั้งใน 45 วินาที...","round":252,"timestamp":"2024-10-22 00:01:38"}
{"label":"main.ts","level":"info","message":"กำลังเช็คข้อความ...","timestamp":"2024-10-22 00:02:23"}
{"attachment":{"content_type":"image/png","filename":"kunggo._Minimalist_dining_room_cream_colored_room._A_simple_woo_381e9065-2b8d-4c67-b409-2b5fa0df3aed.png","height":1632,"id":"1297968102340038698","placeholder":"JCkKDIKlMIqJeXaLd1qvjPnIZw==","placeholder_version":1,"proxy_url":"https://media.discordapp.net/attachments/1291762963174129696/1297968102340038698/kunggo._Minimalist_dining_room_cream_colored_room._A_simple_woo_381e9065-2b8d-4c67-b409-2b5fa0df3aed.png?ex=6717da7e&is=671688fe&hm=7009cf8a29fc7492cb32a48fc27485c9238f71d230af4c35873e294d2795b90e&","size":6461424,"url":"https://cdn.discordapp.com/attachments/1291762963174129696/1297968102340038698/kunggo._Minimalist_dining_room_cream_colored_room._A_simple_woo_381e9065-2b8d-4c67-b409-2b5fa0df3aed.png?ex=6717da7e&is=671688fe&hm=7009cf8a29fc7492cb32a48fc27485c9238f71d230af4c35873e294d2795b90e&","width":2912},"id":"381e9065-2b8d-4c67-b409-2b5fa0df3aed","label":"main.ts","level":"debug","message":"ID 381e9065-2b8d-4c67-b409-2b5fa0df3aed","timestamp":"2024-10-22 00:02:26"}
{"label":"main.ts","level":"debug","message":"seedID","message_id":"1297968102595756094","round":252,"seed_id":"381e9065-2b8d-4c67-b409-2b5fa0df3aed","timestamp":"2024-10-22 00:02:26"}
{"label":"main.ts","level":"info","message":"Wait 20 Seconds For Generate Full Photo","timestamp":"2024-10-22 00:02:26","url_1":"https://cdn.midjourney.com/381e9065-2b8d-4c67-b409-2b5fa0df3aed/0_0.jpeg","url_2":"https://cdn.midjourney.com/381e9065-2b8d-4c67-b409-2b5fa0df3aed/0_1.jpeg","url_3":"https://cdn.midjourney.com/381e9065-2b8d-4c67-b409-2b5fa0df3aed/0_2.jpeg","url_4":"https://cdn.midjourney.com/381e9065-2b8d-4c67-b409-2b5fa0df3aed/0_3.jpeg"}
{"label":"main.ts","level":"info","message":"Image Download Complete!","timestamp":"2024-10-22 00:02:57"}
{"label":"main.ts","level":"info","message":"END Round","round":252,"timestamp":"2024-10-22 00:03:00"}
{"label":"main.ts","level":"info","message":"Start Round :253","timestamp":"2024-10-22 00:03:05"}
{"file":"01.txt","label":"main.ts","level":"debug","line":252,"message":"configManager","timestamp":"2024-10-22 00:03:05"}
{"label":"main.ts","level":"debug","message":"promts =>","promt":"Minimalist dining room, cream colored room. A harmonious blend of simplicity and functionality makes this space perfect for gatherings with friends and family. Photography, Sony, 24mm lens, F/2.0, --ar 1:1","timestamp":"2024-10-22 00:03:05"}
{"label":"main.ts","level":"info","message":"Send Promt","round":253,"timestamp":"2024-10-22 00:03:08"}
{"label":"main.ts","level":"info","message":"กำลังเช็คข้อความ...","timestamp":"2024-10-22 00:03:09"}
{"label":"main.ts","level":"info","message":"ข้อมูลยังไม่พร้อม จะเช็คใหม่อีกครั้งใน 45 วินาที...","round":253,"timestamp":"2024-10-22 00:03:12"}
{"label":"main.ts","level":"info","message":"กำลังเช็คข้อความ...","timestamp":"2024-10-22 00:03:57"}
{"label":"main.ts","level":"info","message":"ข้อมูลยังไม่พร้อม จะเช็คใหม่อีกครั้งใน 45 วินาที...","round":253,"timestamp":"2024-10-22 00:04:00"}
{"label":"main.ts","level":"info","message":"กำลังเช็คข้อความ...","timestamp":"2024-10-22 00:04:45"}
{"label":"main.ts","level":"info","message":"ข้อมูลยังไม่พร้อม จะเช็คใหม่อีกครั้งใน 45 วินาที...","round":253,"timestamp":"2024-10-22 00:04:48"}
{"label":"main.ts","level":"info","message":"กำลังเช็คข้อความ...","timestamp":"2024-10-22 00:05:33"}
{"label":"main.ts","level":"info","message":"ข้อมูลยังไม่พร้อม จะเช็คใหม่อีกครั้งใน 45 วินาที...","round":253,"timestamp":"2024-10-22 00:05:36"}
{"label":"main.ts","level":"info","message":"กำลังเช็คข้อความ...","timestamp":"2024-10-22 00:06:21"}
{"label":"main.ts","level":"info","message":"ข้อมูลยังไม่พร้อม จะเช็คใหม่อีกครั้งใน 45 วินาที...","round":253,"timestamp":"2024-10-22 00:06:24"}
{"label":"main.ts","level":"info","message":"กำลังเช็คข้อความ...","timestamp":"2024-10-22 00:07:09"}
{"attachment":{"content_type":"image/png","filename":"kunggo._Minimalist_dining_room_cream_colored_room._A_harmonious_272643c9-f8be-44c2-b831-fda56569d5f5.png","height":2048,"id":"1297969303961866320","placeholder":"4ygGDwD9OZdqWImlVYhoSYdNB8ZsQMwG","placeholder_version":1,"proxy_url":"https://media.discordapp.net/attachments/1291762963174129696/1297969303961866320/kunggo._Minimalist_dining_room_cream_colored_room._A_harmonious_272643c9-f8be-44c2-b831-fda56569d5f5.png?ex=6717db9d&is=67168a1d&hm=85477870b98d2b071d94ca0f81de3c22cb121f0e1bcf42cc88a874046c624103&","size":6354071,"url":"https://cdn.discordapp.com/attachments/1291762963174129696/1297969303961866320/kunggo._Minimalist_dining_room_cream_colored_room._A_harmonious_272643c9-f8be-44c2-b831-fda56569d5f5.png?ex=6717db9d&is=67168a1d&hm=85477870b98d2b071d94ca0f81de3c22cb121f0e1bcf42cc88a874046c624103&","width":2048},"id":"272643c9-f8be-44c2-b831-fda56569d5f5","label":"main.ts","level":"debug","message":"ID 272643c9-f8be-44c2-b831-fda56569d5f5","timestamp":"2024-10-22 00:07:12"}
{"label":"main.ts","level":"debug","message":"seedID","message_id":"1297969304502796349","round":253,"seed_id":"272643c9-f8be-44c2-b831-fda56569d5f5","timestamp":"2024-10-22 00:07:12"}
{"label":"main.ts","level":"info","message":"Wait 20 Seconds For Generate Full Photo","timestamp":"2024-10-22 00:07:12","url_1":"https://cdn.midjourney.com/272643c9-f8be-44c2-b831-fda56569d5f5/0_0.jpeg","url_2":"https://cdn.midjourney.com/272643c9-f8be-44c2-b831-fda56569d5f5/0_1.jpeg","url_3":"https://cdn.midjourney.com/272643c9-f8be-44c2-b831-fda56569d5f5/0_2.jpeg","url_4":"https://cdn.midjourney.com/272643c9-f8be-44c2-b831-fda56569d5f5/0_3.jpeg"}
{"label":"main.ts","level":"info","message":"Image Download Complete!","timestamp":"2024-10-22 00:07:44"}
{"label":"main.ts","level":"info","message":"END Round","round":253,"timestamp":"2024-10-22 00:07:47"}
{"label":"main.ts","level":"info","message":"Start Round :254","timestamp":"2024-10-22 00:07:52"}
{"file":"01.txt","label":"main.ts","level":"debug","line":253,"message":"configManager","timestamp":"2024-10-22 00:07:52"}
{"label":"main.ts","level":"debug","message":"promts =>","promt":"Minimalist dining room, cream colored room. Soft textiles and neutral decor create a warm and inviting atmosphere, encouraging long, leisurely meals. Photography, Fujifilm, 50mm lens, F/2.0, --ar 5:4","timestamp":"2024-10-22 00:07:52"}
{"label":"main.ts","level":"info","message":"Send Promt","round":254,"timestamp":"2024-10-22 00:07:55"}
{"label":"main.ts","level":"info","message":"กำลังเช็คข้อความ...","timestamp":"2024-10-22 00:07:56"}
{"label":"main.ts","level":"info","message":"ข้อมูลยังไม่พร้อม จะเช็คใหม่อีกครั้งใน 45 วินาที...","round":254,"timestamp":"2024-10-22 00:07:59"}
{"label":"main.ts","level":"info","message":"กำลังเช็คข้อความ...","timestamp":"2024-10-22 00:08:44"}
{"label":"main.ts","level":"info","message":"ข้อมูลยังไม่พร้อม จะเช็คใหม่อีกครั้งใน 45 วินาที...","round":254,"timestamp":"2024-10-22 00:08:47"}
{"label":"main.ts","level":"info","message":"กำลังเช็คข้อความ...","timestamp":"2024-10-22 00:09:32"}
{"label":"main.ts","level":"info","message":"ข้อมูลยังไม่พร้อม จะเช็คใหม่อีกครั้งใน 45 วินาที...","round":254,"timestamp":"2024-10-22 00:09:35"}
{"label":"main.ts","level":"info","message":"กำลังเช็คข้อความ...","timestamp":"2024-10-22 00:10:20"}
{"label":"main.ts","level":"info","message":"ข้อมูลยังไม่พร้อม จะเช็คใหม่อีกครั้งใน 45 วินาที...","round":254,"timestamp":"2024-10-22 00:10:23"}
{"label":"main.ts","level":"info","message":"กำลังเช็คข้อความ...","timestamp":"2024-10-22 00:11:08"}
{"label":"main.ts","level":"info","message":"ข้อมูลยังไม่พร้อม จะเช็คใหม่อีกครั้งใน 45 วินาที...","round":254,"timestamp":"2024-10-22 00:11:11"}
{"label":"main.ts","level":"info","message":"กำลังเช็คข้อความ...","timestamp":"2024-10-22 00:11:56"}
{"attachment":{"content_type":"image/png","filename":"kunggo._Minimalist_dining_room_cream_colored_room._Soft_textile_d397b594-98bc-4a10-bda6-d7e100a95c3c.png","height":1920,"id":"1297970513351544935","placeholder":"6RgGDoA2VqrX+md1Z4lnFph35i96f6I=","placeholder_version":1,"proxy_url":"https://media.discordapp.net/attachments/1291762963174129696/1297970513351544935/kunggo._Minimalist_dining_room_cream_colored_room._Soft_textile_d397b594-98bc-4a10-bda6-d7e100a95c3c.png?ex=6717dcbd&is=67168b3d&hm=7664edcbc6bae081664de51489ead5eb91c8e4716ae6601283d8bbb3cd837d16&","size":6334505,"url":"https://cdn.discordapp.com/attachments/1291762963174129696/1297970513351544935/kunggo._Minimalist_dining_room_cream_colored_room._Soft_textile_d397b594-98bc-4a10-bda6-d7e100a95c3c.png?ex=6717dcbd&is=67168b3d&hm=7664edcbc6bae081664de51489ead5eb91c8e4716ae6601283d8bbb3cd837d16&","width":2400},"id":"d397b594-98bc-4a10-bda6-d7e100a95c3c","label":"main.ts","level":"debug","message":"ID d397b594-98bc-4a10-bda6-d7e100a95c3c","timestamp":"2024-10-22 00:11:59"}
{"label":"main.ts","level":"debug","message":"seedID","message_id":"1297970513963913289","round":254,"seed_id":"d397b594-98bc-4a10-bda6-d7e100a95c3c","timestamp":"2024-10-22 00:11:59"}
{"label":"main.ts","level":"info","message":"Wait 20 Seconds For Generate Full Photo","timestamp":"2024-10-22 00:11:59","url_1":"https://cdn.midjourney.com/d397b594-98bc-4a10-bda6-d7e100a95c3c/0_0.jpeg","url_2":"https://cdn.midjourney.com/d397b594-98bc-4a10-bda6-d7e100a95c3c/0_1.jpeg","url_3":"https://cdn.midjourney.com/d397b594-98bc-4a10-bda6-d7e100a95c3c/0_2.jpeg","url_4":"https://cdn.midjourney.com/d397b594-98bc-4a10-bda6-d7e100a95c3c/0_3.jpeg"}
{"label":"main.ts","level":"info","message":"Image Download Complete!","timestamp":"2024-10-22 00:12:31"}
{"label":"main.ts","level":"info","message":"END Round","round":254,"timestamp":"2024-10-22 00:12:34"}
{"label":"main.ts","level":"info","message":"Start Round :255","timestamp":"2024-10-22 00:12:39"}
{"file":"01.txt","label":"main.ts","level":"debug","line":254,"message":"configManager","timestamp":"2024-10-22 00:12:39"}
{"label":"main.ts","level":"debug","message":"promts =>","promt":"Minimalist dining room, cream colored room. The focus on natural materials enhances the calming vibe, making it a perfect retreat for dining. Photography, Olympus, 28mm lens, F/3.5, --ar 3:2","timestamp":"2024-10-22 00:12:39"}
{"label":"main.ts","level":"info","message":"Send Promt","round":255,"timestamp":"2024-10-22 00:12:42"}
{"label":"main.ts","level":"info","message":"กำลังเช็คข้อความ...","timestamp":"2024-10-22 00:12:43"}
{"label":"main.ts","level":"info","message":"ข้อมูลยังไม่พร้อม จะเช็คใหม่อีกครั้งใน 45 วินาที...","round":255,"timestamp":"2024-10-22 00:12:46"}
{"label":"main.ts","level":"info","message":"กำลังเช็คข้อความ...","timestamp":"2024-10-22 00:13:31"}
{"label":"main.ts","level":"info","message":"ข้อมูลยังไม่พร้อม จะเช็คใหม่อีกครั้งใน 45 วินาที...","round":255,"timestamp":"2024-10-22 00:13:34"}
{"label":"main.ts","level":"info","message":"กำลังเช็คข้อความ...","timestamp":"2024-10-22 00:14:19"}
{"label":"main.ts","level":"info","message":"ข้อมูลยังไม่พร้อม จะเช็คใหม่อีกครั้งใน 45 วินาที...","round":255,"timestamp":"2024-10-22 00:14:22"}
{"label":"main.ts","level":"info","message":"กำลังเช็คข้อความ...","timestamp":"2024-10-22 00:15:07"}
{"label":"main.ts","level":"info","message":"ข้อมูลยังไม่พร้อม จะเช็คใหม่อีกครั้งใน 45 วินาที...","round":255,"timestamp":"2024-10-22 00:15:10"}
{"label":"main.ts","level":"info","message":"กำลังเช็คข้อความ...","timestamp":"2024-10-22 00:15:55"}
{"label":"main.ts","level":"info","message":"ข้อมูลยังไม่พร้อม จะเช็คใหม่อีกครั้งใน 45 วินาที...","round":255,"timestamp":"2024-10-22 00:15:58"}
{"label":"main.ts","level":"info","message":"กำลังเช็คข้อความ...","timestamp":"2024-10-22 00:16:43"}
{"attachment":{"content_type":"image/png","filename":"kunggo._Minimalist_dining_room_cream_colored_room._The_focus_on_e4d2c549-4ec2-499d-9836-9b755e2436d9.png","height":1792,"id":"1297971719407140976","placeholder":"ZCkKDYJ7CnhqqoeaaLaIk0hQeQaH","placeholder_version":1,"proxy_url":"https://media.discordapp.net/attachments/1291762963174129696/1297971719407140976/kunggo._Minimalist_dining_room_cream_colored_room._The_focus_on_e4d2c549-4ec2-499d-9836-9b755e2436d9.png?ex=6717dddd&is=67168c5d&hm=7c50c0cfbb69095a24ec91246620ba42da20c438f2707e4ab2cc5f5c2c1586bf&","size":6808771,"url":"https://cdn.discordapp.com/attachments/1291762963174129696/1297971719407140976/kunggo._Minimalist_dining_room_cream_colored_room._The_focus_on_e4d2c549-4ec2-499d-9836-9b755e2436d9.png?ex=6717dddd&is=67168c5d&hm=7c50c0cfbb69095a24ec91246620ba42da20c438f2707e4ab2cc5f5c2c1586bf&","width":2688},"id":"e4d2c549-4ec2-499d-9836-9b755e2436d9","label":"main.ts","level":"debug","message":"ID e4d2c549-4ec2-499d-9836-9b755e2436d9","timestamp":"2024-10-22 00:16:46"}
{"label":"main.ts","level":"debug","message":"seedID","message_id":"1297971720010858506","round":255,"seed_id":"e4d2c549-4ec2-499d-9836-9b755e2436d9","timestamp":"2024-10-22 00:16:46"}
{"label":"main.ts","level":"info","message":"Wait 20 Seconds For Generate Full Photo","timestamp":"2024-10-22 00:16:46","url_1":"https://cdn.midjourney.com/e4d2c549-4ec2-499d-9836-9b755e2436d9/0_0.jpeg","url_2":"https://cdn.midjourney.com/e4d2c549-4ec2-499d-9836-9b755e2436d9/0_1.jpeg","url_3":"https://cdn.midjourney.com/e4d2c549-4ec2-499d-9836-9b755e2436d9/0_2.jpeg","url_4":"https://cdn.midjourney.com/e4d2c549-4ec2-499d-9836-9b755e2436d9/0_3.jpeg"}
{"label":"main.ts","level":"info","message":"Image Download Complete!","timestamp":"2024-10-22 00:17:18"}
{"label":"main.ts","level":"info","message":"END Round","round":255,"timestamp":"2024-10-22 00:17:21"}
{"label":"main.ts","level":"info","message":"Start Round :256","timestamp":"2024-10-22 00:17:26"}
{"file":"01.txt","label":"main.ts","level":"debug","line":255,"message":"configManager","timestamp":"2024-10-22 00:17:26"}
{"label":"main.ts","level":"debug","message":"promts =>","promt":"Minimalist dining room, cream colored room. The spacious layout allows for effortless movement, with a large window offering a view of the outdoors. Photography, Panasonic, 35mm lens, F/4, --ar 16:9","timestamp":"2024-10-22 00:17:26"}
{"label":"main.ts","level":"info","message":"Send Promt","round":256,"timestamp":"2024-10-22 00:17:29"}
{"label":"main.ts","level":"info","message":"กำลังเช็คข้อความ...","timestamp":"2024-10-22 00:17:30"}
{"label":"main.ts","level":"info","message":"ข้อมูลยังไม่พร้อม จะเช็คใหม่อีกครั้งใน 45 วินาที...","round":256,"timestamp":"2024-10-22 00:17:33"}
{"label":"main.ts","level":"info","message":"กำลังเช็คข้อความ...","timestamp":"2024-10-22 00:18:18"}
{"label":"main.ts","level":"info","message":"ข้อมูลยังไม่พร้อม จะเช็คใหม่อีกครั้งใน 45 วินาที...","round":256,"timestamp":"2024-10-22 00:18:21"}
{"label":"main.ts","level":"info","message":"กำลังเช็คข้อความ...","timestamp":"2024-10-22 00:19:06"}
{"label":"main.ts","level":"info","message":"ข้อมูลยังไม่พร้อม จะเช็คใหม่อีกครั้งใน 45 วินาที...","round":256,"timestamp":"2024-10-22 00:19:09"}
{"label":"main.ts","level":"info","message":"กำลังเช็คข้อความ...","timestamp":"2024-10-22 00:19:54"}
{"label":"main.ts","level":"info","message":"ข้อมูลยังไม่พร้อม จะเช็คใหม่อีกครั้งใน 45 วินาที...","round":256,"timestamp":"2024-10-22 00:19:57"}
{"label":"main.ts","level":"info","message":"กำลังเช็คข้อความ...","timestamp":"2024-10-22 00:20:42"}
{"label":"main.ts","level":"info","message":"ข้อมูลยังไม่พร้อม จะเช็คใหม่อีกครั้งใน 45 วินาที...","round":256,"timestamp":"2024-10-22 00:20:45"}
{"label":"main.ts","level":"info","message":"กำลังเช็คข้อความ...","timestamp":"2024-10-22 00:21:30"}
{"attachment":{"content_type":"image/png","filename":"kunggo._Minimalist_dining_room_cream_colored_room._The_spacious_98ad964c-953b-4f57-a5ea-f84aa70e1200.png","height":1632,"id":"1297972921737805955","placeholder":"pikGDIJzBpkaa0SXeZNP2Pe3ew==","placeholder_version":1,"proxy_url":"https://media.discordapp.net/attachments/1291762963174129696/1297972921737805955/kunggo._Minimalist_dining_room_cream_colored_room._The_spacious_98ad964c-953b-4f57-a5ea-f84aa70e1200.png?ex=6717defb&is=67168d7b&hm=39553e086d14f439f2360b2feeb9af6184a0d25cfb4a79d4830b39408361e7fc&","size":6605700,"url":"https://cdn.discordapp.com/attachments/1291762963174129696/1297972921737805955/kunggo._Minimalist_dining_room_cream_colored_room._The_spacious_98ad964c-953b-4f57-a5ea-f84aa70e1200.png?ex=6717defb&is=67168d7b&hm=39553e086d14f439f2360b2feeb9af6184a0d25cfb4a79d4830b39408361e7fc&","width":2912},"id":"98ad964c-953b-4f57-a5ea-f84aa70e1200","label":"main.ts","level":"debug","message":"ID 98ad964c-953b-4f57-a5ea-f84aa70e1200","timestamp":"2024-10-22 00:21:33"}
{"label":"main.ts","level":"debug","message":"seedID","message_id":"1297972922387927111","round":256,"seed_id":"98ad964c-953b-4f57-a5ea-f84aa70e1200","timestamp":"2024-10-22 00:21:33"}
{"label":"main.ts","level":"info","message":"Wait 20 Seconds For Generate Full Photo","timestamp":"2024-10-22 00:21:33","url_1":"https://cdn.midjourney.com/98ad964c-953b-4f57-a5ea-f84aa70e1200/0_0.jpeg","url_2":"https://cdn.midjourney.com/98ad964c-953b-4f57-a5ea-f84aa70e1200/0_1.jpeg","url_3":"https://cdn.midjourney.com/98ad964c-953b-4f57-a5ea-f84aa70e1200/0_2.jpeg","url_4":"https://cdn.midjourney.com/98ad964c-953b-4f57-a5ea-f84aa70e1200/0_3.jpeg"}
{"label":"main.ts","level":"info","message":"Image Download Complete!","timestamp":"2024-10-22 00:22:05"}
{"label":"main.ts","level":"info","message":"END Round","round":256,"timestamp":"2024-10-22 00:22:07"}
{"label":"main.ts","level":"info","message":"Start Round :257","timestamp":"2024-10-22 00:22:12"}
{"file":"01.txt","label":"main.ts","level":"debug","line":256,"message":"configManager","timestamp":"2024-10-22 00:22:12"}
{"label":"main.ts","level":"debug","message":"promts =>","promt":"Minimalist dining room, cream colored room. A single pendant light illuminates the table, creating a focal point that draws attention to the inviting setup. Photography, Leica, 50mm lens, F/2.0, --ar 1:1","timestamp":"2024-10-22 00:22:12"}
{"label":"main.ts","level":"info","message":"Send Promt","round":257,"timestamp":"2024-10-22 00:22:15"}
{"label":"main.ts","level":"info","message":"กำลังเช็คข้อความ...","timestamp":"2024-10-22 00:22:17"}
{"label":"main.ts","level":"info","message":"ข้อมูลยังไม่พร้อม จะเช็คใหม่อีกครั้งใน 45 วินาที...","round":257,"timestamp":"2024-10-22 00:22:20"}
{"label":"main.ts","level":"info","message":"กำลังเช็คข้อความ...","timestamp":"2024-10-22 00:23:05"}
{"label":"main.ts","level":"info","message":"ข้อมูลยังไม่พร้อม จะเช็คใหม่อีกครั้งใน 45 วินาที...","round":257,"timestamp":"2024-10-22 00:23:08"}
{"label":"main.ts","level":"info","message":"กำลังเช็คข้อความ...","timestamp":"2024-10-22 00:23:53"}
{"label":"main.ts","level":"info","message":"ข้อมูลยังไม่พร้อม จะเช็คใหม่อีกครั้งใน 45 วินาที...","round":257,"timestamp":"2024-10-22 00:23:56"}
{"label":"main.ts","level":"info","message":"กำลังเช็คข้อความ...","timestamp":"2024-10-22 00:24:41"}
{"label":"main.ts","level":"info","message":"ข้อมูลยังไม่พร้อม จะเช็คใหม่อีกครั้งใน 45 วินาที...","round":257,"timestamp":"2024-10-22 00:24:44"}
{"label":"main.ts","level":"info","message":"กำลังเช็คข้อความ...","timestamp":"2024-10-22 00:25:29"}
{"label":"main.ts","level":"info","message":"ข้อมูลยังไม่พร้อม จะเช็คใหม่อีกครั้งใน 45 วินาที...","round":257,"timestamp":"2024-10-22 00:25:32"}
{"label":"main.ts","level":"info","message":"กำลังเช็คข้อความ...","timestamp":"2024-10-22 00:26:17"}
{"attachment":{"content_type":"image/png","filename":"kunggo._Minimalist_dining_room_cream_colored_room._A_single_pen_e70bc085-6990-4886-b334-94299d2be545.png","height":2048,"id":"1297974121606549666","placeholder":"JSkKDwK5aaacaWqmZ7iHB3eIqSRgWgAG","placeholder_version":1,"proxy_url":"https://media.discordapp.net/attachments/1291762963174129696/1297974121606549666/kunggo._Minimalist_dining_room_cream_colored_room._A_single_pen_e70bc085-6990-4886-b334-94299d2be545.png?ex=6717e019&is=67168e99&hm=cda7d836257e5e011cf5345301c80c5eac72565edac3c4af739c56b2cbd40cfe&","size":6348810,"url":"https://cdn.discordapp.com/attachments/1291762963174129696/1297974121606549666/kunggo._Minimalist_dining_room_cream_colored_room._A_single_pen_e70bc085-6990-4886-b334-94299d2be545.png?ex=6717e019&is=67168e99&hm=cda7d836257e5e011cf5345301c80c5eac72565edac3c4af739c56b2cbd40cfe&","width":2048},"id":"e70bc085-6990-4886-b334-94299d2be545","label":"main.ts","level":"debug","message":"ID e70bc085-6990-4886-b334-94299d2be545","timestamp":"2024-10-22 00:26:20"}
{"label":"main.ts","level":"debug","message":"seedID","message_id":"1297974122373971968","round":257,"seed_id":"e70bc085-6990-4886-b334-94299d2be545","timestamp":"2024-10-22 00:26:20"}
{"label":"main.ts","level":"info","message":"Wait 20 Seconds For Generate Full Photo","timestamp":"2024-10-22 00:26:20","url_1":"https://cdn.midjourney.com/e70bc085-6990-4886-b334-94299d2be545/0_0.jpeg","url_2":"https://cdn.midjourney.com/e70bc085-6990-4886-b334-94299d2be545/0_1.jpeg","url_3":"https://cdn.midjourney.com/e70bc085-6990-4886-b334-94299d2be545/0_2.jpeg","url_4":"https://cdn.midjourney.com/e70bc085-6990-4886-b334-94299d2be545/0_3.jpeg"}
{"label":"main.ts","level":"info","message":"Image Download Complete!","timestamp":"2024-10-22 00:26:52"}
{"label":"main.ts","level":"info","message":"END Round","round":257,"timestamp":"2024-10-22 00:26:55"}
{"label":"main.ts","level":"info","message":"Start Round :258","timestamp":"2024-10-22 00:27:00"}
{"file":"01.txt","label":"main.ts","level":"debug","line":257,"message":"configManager","timestamp":"2024-10-22 00:27:00"}
{"label":"main.ts","level":"debug","message":"promts =>","promt":"Minimalist dining room, cream colored room. The open layout and simple decor create an inviting atmosphere for shared meals and laughter. Photography, Pentax, 24mm lens, F/2.8, --ar 5:4","timestamp":"2024-10-22 00:27:00"}
{"label":"main.ts","level":"info","message":"Send Promt","round":258,"timestamp":"2024-10-22 00:27:03"}
{"label":"main.ts","level":"info","message":"กำลังเช็คข้อความ...","timestamp":"2024-10-22 00:27:04"}
{"label":"main.ts","level":"info","message":"ข้อมูลยังไม่พร้อม จะเช็คใหม่อีกครั้งใน 45 วินาที...","round":258,"timestamp":"2024-10-22 00:27:07"}
{"label":"main.ts","level":"info","message":"กำลังเช็คข้อความ...","timestamp":"2024-10-22 00:27:52"}
{"label":"main.ts","level":"info","message":"ข้อมูลยังไม่พร้อม จะเช็คใหม่อีกครั้งใน 45 วินาที...","round":258,"timestamp":"2024-10-22 00:27:55"}
{"label":"main.ts","level":"info","message":"กำลังเช็คข้อความ...","timestamp":"2024-10-22 00:28:40"}
{"label":"main.ts","level":"info","message":"ข้อมูลยังไม่พร้อม จะเช็คใหม่อีกครั้งใน 45 วินาที...","round":258,"timestamp":"2024-10-22 00:28:43"}
{"label":"main.ts","level":"info","message":"กำลังเช็คข้อความ...","timestamp":"2024-10-22 00:29:28"}
{"label":"main.ts","level":"info","message":"ข้อมูลยังไม่พร้อม จะเช็คใหม่อีกครั้งใน 45 วินาที...","round":258,"timestamp":"2024-10-22 00:29:33"}
{"label":"main.ts","level":"info","message":"กำลังเช็คข้อความ...","timestamp":"2024-10-22 00:30:18"}
{"attachment":{"content_type":"image/png","filename":"kunggo._Minimalist_dining_room_cream_colored_room._The_open_lay_083955bd-98ad-48ab-9cb7-e7b11dc4dc30.png","height":1920,"id":"1297975260196376608","placeholder":"JRkKDoI+j4Sod4hnmJeFSIeVtF8c/ak=","placeholder_version":1,"proxy_url":"https://media.discordapp.net/attachments/1291762963174129696/1297975260196376608/kunggo._Minimalist_dining_room_cream_colored_room._The_open_lay_083955bd-98ad-48ab-9cb7-e7b11dc4dc30.png?ex=6717e129&is=67168fa9&hm=416930480987cd209d7355fde1fcb6f371a60a4089301d8371c3f33a5a200e1a&","size":6700955,"url":"https://cdn.discordapp.com/attachments/1291762963174129696/1297975260196376608/kunggo._Minimalist_dining_room_cream_colored_room._The_open_lay_083955bd-98ad-48ab-9cb7-e7b11dc4dc30.png?ex=6717e129&is=67168fa9&hm=416930480987cd209d7355fde1fcb6f371a60a4089301d8371c3f33a5a200e1a&","width":2400},"id":"083955bd-98ad-48ab-9cb7-e7b11dc4dc30","label":"main.ts","level":"debug","message":"ID 083955bd-98ad-48ab-9cb7-e7b11dc4dc30","timestamp":"2024-10-22 00:30:21"}
{"label":"main.ts","level":"debug","message":"seedID","message_id":"1297975260737568918","round":258,"seed_id":"083955bd-98ad-48ab-9cb7-e7b11dc4dc30","timestamp":"2024-10-22 00:30:21"}
{"label":"main.ts","level":"info","message":"Wait 20 Seconds For Generate Full Photo","timestamp":"2024-10-22 00:30:21","url_1":"https://cdn.midjourney.com/083955bd-98ad-48ab-9cb7-e7b11dc4dc30/0_0.jpeg","url_2":"https://cdn.midjourney.com/083955bd-98ad-48ab-9cb7-e7b11dc4dc30/0_1.jpeg","url_3":"https://cdn.midjourney.com/083955bd-98ad-48ab-9cb7-e7b11dc4dc30/0_2.jpeg","url_4":"https://cdn.midjourney.com/083955bd-98ad-48ab-9cb7-e7b11dc4dc30/0_3.jpeg"}
{"label":"main.ts","level":"info","message":"Image Download Complete!","timestamp":"2024-10-22 00:30:53"}
{"label":"main.ts","level":"info","message":"END Round","round":258,"timestamp":"2024-10-22 00:30:57"}
{"label":"main.ts","level":"info","message":"Start Round :259","timestamp":"2024-10-22 00:31:02"}
{"file":"01.txt","label":"main.ts","level":"debug","line":258,"message":"configManager","timestamp":"2024-10-22 00:31:02"}
{"label":"main.ts","level":"debug","message":"promts =>","promt":"Minimalist dining room, cream colored room. Natural textures and a muted palette foster a sense of peace, ideal for intimate dining experiences. Photography, Canon, 18mm lens, F/3.0, --ar 3:2","timestamp":"2024-10-22 00:31:02"}
{"label":"main.ts","level":"info","message":"Send Promt","round":259,"timestamp":"2024-10-22 00:31:05"}
{"label":"main.ts","level":"info","message":"กำลังเช็คข้อความ...","timestamp":"2024-10-22 00:31:06"}
{"label":"main.ts","level":"info","message":"ข้อมูลยังไม่พร้อม จะเช็คใหม่อีกครั้งใน 45 วินาที...","round":259,"timestamp":"2024-10-22 00:31:09"}
{"label":"main.ts","level":"info","message":"กำลังเช็คข้อความ...","timestamp":"2024-10-22 00:31:54"}
{"label":"main.ts","level":"info","message":"ข้อมูลยังไม่พร้อม จะเช็คใหม่อีกครั้งใน 45 วินาที...","round":259,"timestamp":"2024-10-22 00:31:57"}
{"label":"main.ts","level":"info","message":"กำลังเช็คข้อความ...","timestamp":"2024-10-22 00:32:42"}
{"label":"main.ts","level":"info","message":"ข้อมูลยังไม่พร้อม จะเช็คใหม่อีกครั้งใน 45 วินาที...","round":259,"timestamp":"2024-10-22 00:32:45"}
{"label":"main.ts","level":"info","message":"กำลังเช็คข้อความ...","timestamp":"2024-10-22 00:33:30"}
{"label":"main.ts","level":"info","message":"ข้อมูลยังไม่พร้อม จะเช็คใหม่อีกครั้งใน 45 วินาที...","round":259,"timestamp":"2024-10-22 00:33:33"}
{"label":"main.ts","level":"info","message":"กำลังเช็คข้อความ...","timestamp":"2024-10-22 02:07:05"}
{"attachment":{"content_type":"image/png","filename":"kunggo._Minimalist_dining_room_cream_colored_room._Natural_text_57b6427f-5385-4f56-a1b1-a093a652440b.png","height":1792,"id":"1297976282792988776","placeholder":"JikKDYI/eVVsVJaJiYaYZKCiBJ45","placeholder_version":1,"proxy_url":"https://media.discordapp.net/attachments/1291762963174129696/1297976282792988776/kunggo._Minimalist_dining_room_cream_colored_room._Natural_text_57b6427f-5385-4f56-a1b1-a093a652440b.png?ex=6717e21d&is=6716909d&hm=ec567da99198eff9181235dd76015e13f8d4bca049c28b9d40ea33cee8431c9f&","size":7114872,"url":"https://cdn.discordapp.com/attachments/1291762963174129696/1297976282792988776/kunggo._Minimalist_dining_room_cream_colored_room._Natural_text_57b6427f-5385-4f56-a1b1-a093a652440b.png?ex=6717e21d&is=6716909d&hm=ec567da99198eff9181235dd76015e13f8d4bca049c28b9d40ea33cee8431c9f&","width":2688},"id":"57b6427f-5385-4f56-a1b1-a093a652440b","label":"main.ts","level":"debug","message":"ID 57b6427f-5385-4f56-a1b1-a093a652440b","timestamp":"2024-10-22 02:07:07"}
{"label":"main.ts","level":"debug","message":"seedID","message_id":"1297976283413610577","round":259,"seed_id":"57b6427f-5385-4f56-a1b1-a093a652440b","timestamp":"2024-10-22 02:07:07"}
{"label":"main.ts","level":"info","message":"Wait 20 Seconds For Generate Full Photo","timestamp":"2024-10-22 02:07:07","url_1":"https://cdn.midjourney.com/57b6427f-5385-4f56-a1b1-a093a652440b/0_0.jpeg","url_2":"https://cdn.midjourney.com/57b6427f-5385-4f56-a1b1-a093a652440b/0_1.jpeg","url_3":"https://cdn.midjourney.com/57b6427f-5385-4f56-a1b1-a093a652440b/0_2.jpeg","url_4":"https://cdn.midjourney.com/57b6427f-5385-4f56-a1b1-a093a652440b/0_3.jpeg"}
{"label":"main.ts","level":"error","message":"Download failed:","timestamp":"2024-10-22 21:49:51"}
{"label":"main.ts","level":"info","message":"Start Round :259","timestamp":"2024-10-22 22:02:20"}
{"file":"01.txt","label":"main.ts","level":"debug","line":258,"message":"configManager","timestamp":"2024-10-22 22:02:20"}
{"label":"main.ts","level":"debug","message":"promts =>","promt":"Minimalist dining room, cream colored room. Natural textures and a muted palette foster a sense of peace, ideal for intimate dining experiences. Photography, Canon, 18mm lens, F/3.0, --ar 3:2","timestamp":"2024-10-22 22:02:20"}
{"label":"main.ts","level":"info","message":"กำลังเช็คข้อความ...","timestamp":"2024-10-22 22:02:23"}
{"attachment":{"content_scan_version":1,"content_type":"image/png","filename":"kunggo._A_charming_scene_of_a_New_Years_Eve_celebration_with_fr_b9811582-ebf6-42c2-9987-9d788fbd8210.png","height":1632,"id":"1298298287048360069","placeholder":"DzkKFIR8BniMd3doh4p7v8j4ig==","placeholder_version":1,"proxy_url":"https://media.discordapp.net/attachments/1291762963174129696/1298298287048360069/kunggo._A_charming_scene_of_a_New_Years_Eve_celebration_with_fr_b9811582-ebf6-42c2-9987-9d788fbd8210.png?ex=67190e00&is=6717bc80&hm=748695094d6a7339ad89c4ac259e5da83206b279cb2bff99e8f94f69e1d4bd46&","size":8657898,"url":"https://cdn.discordapp.com/attachments/1291762963174129696/1298298287048360069/kunggo._A_charming_scene_of_a_New_Years_Eve_celebration_with_fr_b9811582-ebf6-42c2-9987-9d788fbd8210.png?ex=67190e00&is=6717bc80&hm=748695094d6a7339ad89c4ac259e5da83206b279cb2bff99e8f94f69e1d4bd46&","width":2912},"id":"b9811582-ebf6-42c2-9987-9d788fbd8210","label":"main.ts","level":"debug","message":"ID b9811582-ebf6-42c2-9987-9d788fbd8210","timestamp":"2024-10-22 22:02:24"}
{"label":"main.ts","level":"debug","message":"seedID","message_id":"1298298287383773225","round":259,"seed_id":"b9811582-ebf6-42c2-9987-9d788fbd8210","timestamp":"2024-10-22 22:02:24"}
{"label":"main.ts","level":"info","message":"Wait 20 Seconds For Generate Full Photo","timestamp":"2024-10-22 22:02:24","url_1":"https://cdn.midjourney.com/b9811582-ebf6-42c2-9987-9d788fbd8210/0_0.jpeg","url_2":"https://cdn.midjourney.com/b9811582-ebf6-42c2-9987-9d788fbd8210/0_1.jpeg","url_3":"https://cdn.midjourney.com/b9811582-ebf6-42c2-9987-9d788fbd8210/0_2.jpeg","url_4":"https://cdn.midjourney.com/b9811582-ebf6-42c2-9987-9d788fbd8210/0_3.jpeg"}
{"label":"main.ts","level":"info","message":"Start Round :259","timestamp":"2024-10-22 22:02:42"}
{"file":"01.txt","label":"main.ts","level":"debug","line":258,"message":"configManager","timestamp":"2024-10-22 22:02:42"}
{"label":"main.ts","level":"debug","message":"promts =>","promt":"Minimalist dining room, cream colored room. Natural textures and a muted palette foster a sense of peace, ideal for intimate dining experiences. Photography, Canon, 18mm lens, F/3.0, --ar 3:2","timestamp":"2024-10-22 22:02:42"}
{"label":"main.ts","level":"info","message":"กำลังเช็คข้อความ...","timestamp":"2024-10-22 22:02:45"}
{"attachment":{"content_scan_version":1,"content_type":"image/png","filename":"kunggo._A_charming_scene_of_a_New_Years_Eve_celebration_with_fr_b9811582-ebf6-42c2-9987-9d788fbd8210.png","height":1632,"id":"1298298287048360069","placeholder":"DzkKFIR8BniMd3doh4p7v8j4ig==","placeholder_version":1,"proxy_url":"https://media.discordapp.net/attachments/1291762963174129696/1298298287048360069/kunggo._A_charming_scene_of_a_New_Years_Eve_celebration_with_fr_b9811582-ebf6-42c2-9987-9d788fbd8210.png?ex=67190e00&is=6717bc80&hm=748695094d6a7339ad89c4ac259e5da83206b279cb2bff99e8f94f69e1d4bd46&","size":8657898,"url":"https://cdn.discordapp.com/attachments/1291762963174129696/1298298287048360069/kunggo._A_charming_scene_of_a_New_Years_Eve_celebration_with_fr_b9811582-ebf6-42c2-9987-9d788fbd8210.png?ex=67190e00&is=6717bc80&hm=748695094d6a7339ad89c4ac259e5da83206b279cb2bff99e8f94f69e1d4bd46&","width":2912},"id":"b9811582-ebf6-42c2-9987-9d788fbd8210","label":"main.ts","level":"debug","message":"ID b9811582-ebf6-42c2-9987-9d788fbd8210","timestamp":"2024-10-22 22:02:46"}
{"label":"main.ts","level":"debug","message":"seedID","message_id":"1298298287383773225","round":259,"seed_id":"b9811582-ebf6-42c2-9987-9d788fbd8210","timestamp":"2024-10-22 22:02:46"}
{"label":"main.ts","level":"info","message":"Wait 20 Seconds For Generate Full Photo","timestamp":"2024-10-22 22:02:46","url_1":"https://cdn.midjourney.com/b9811582-ebf6-42c2-9987-9d788fbd8210/0_0.jpeg","url_2":"https://cdn.midjourney.com/b9811582-ebf6-42c2-9987-9d788fbd8210/0_1.jpeg","url_3":"https://cdn.midjourney.com/b9811582-ebf6-42c2-9987-9d788fbd8210/0_2.jpeg","url_4":"https://cdn.midjourney.com/b9811582-ebf6-42c2-9987-9d788fbd8210/0_3.jpeg"}
{"label":"main.ts","level":"info","message":"Image Download Complete!","timestamp":"2024-10-22 22:03:18"}
{"label":"main.ts","level":"info","message":"END Round","round":259,"timestamp":"2024-10-22 22:03:20"}
{"label":"main.ts","level":"info","message":"Start Round :260","timestamp":"2024-10-22 22:03:25"}
{"file":"01.txt","label":"main.ts","level":"debug","line":259,"message":"configManager","timestamp":"2024-10-22 22:03:25"}
{"label":"main.ts","level":"debug","message":"promts =>","promt":"Minimalist dining room, cream colored room. A carefully arranged centerpiece adds character while maintaining the room's serene simplicity. Photography, Nikon, 35mm lens, F/4, --ar 16:9","timestamp":"2024-10-22 22:03:25"}
{"label":"main.ts","level":"info","message":"กำลังเช็คข้อความ...","timestamp":"2024-10-22 22:03:28"}
{"attachment":{"content_scan_version":1,"content_type":"image/png","filename":"kunggo._Minimalist_dining_room_cream_colored_room._Natural_text_57b6427f-5385-4f56-a1b1-a093a652440b.png","height":1792,"id":"1297976282792988776","placeholder":"JikKDYI/eVVsVJaJiYaYZKCiBJ45","placeholder_version":1,"proxy_url":"https://media.discordapp.net/attachments/1291762963174129696/1297976282792988776/kunggo._Minimalist_dining_room_cream_colored_room._Natural_text_57b6427f-5385-4f56-a1b1-a093a652440b.png?ex=67188add&is=6717395d&hm=7102c0ec3d0b73a3d6430577762e42315101f85e4422a4d1df6061c864a699f6&","size":7114872,"url":"https://cdn.discordapp.com/attachments/1291762963174129696/1297976282792988776/kunggo._Minimalist_dining_room_cream_colored_room._Natural_text_57b6427f-5385-4f56-a1b1-a093a652440b.png?ex=67188add&is=6717395d&hm=7102c0ec3d0b73a3d6430577762e42315101f85e4422a4d1df6061c864a699f6&","width":2688},"id":"57b6427f-5385-4f56-a1b1-a093a652440b","label":"main.ts","level":"debug","message":"ID 57b6427f-5385-4f56-a1b1-a093a652440b","timestamp":"2024-10-22 22:03:28"}
{"label":"main.ts","level":"debug","message":"seedID","message_id":"1297976283413610577","round":260,"seed_id":"57b6427f-5385-4f56-a1b1-a093a652440b","timestamp":"2024-10-22 22:03:28"}
{"label":"main.ts","level":"info","message":"Wait 20 Seconds For Generate Full Photo","timestamp":"2024-10-22 22:03:28","url_1":"https://cdn.midjourney.com/57b6427f-5385-4f56-a1b1-a093a652440b/0_0.jpeg","url_2":"https://cdn.midjourney.com/57b6427f-5385-4f56-a1b1-a093a652440b/0_1.jpeg","url_3":"https://cdn.midjourney.com/57b6427f-5385-4f56-a1b1-a093a652440b/0_2.jpeg","url_4":"https://cdn.midjourney.com/57b6427f-5385-4f56-a1b1-a093a652440b/0_3.jpeg"}
{"label":"main.ts","level":"info","message":"Image Download Complete!","timestamp":"2024-10-22 22:03:59"}
{"label":"main.ts","level":"info","message":"END Round","round":260,"timestamp":"2024-10-22 22:04:03"}
{"label":"main.ts","level":"info","message":"Start Round :261","timestamp":"2024-10-22 22:04:08"}
{"file":"01.txt","label":"main.ts","level":"debug","line":260,"message":"configManager","timestamp":"2024-10-22 22:04:08"}
{"label":"main.ts","level":"debug","message":"promts =>","promt":"Minimalist dining room, cream colored room. The elegant simplicity of the space encourages mindfulness during meals, enhancing the dining experience. Photography, Sony, 50mm lens, F/2.0, --ar 1:1","timestamp":"2024-10-22 22:04:08"}
{"label":"main.ts","level":"info","message":"Send Promt","round":261,"timestamp":"2024-10-22 22:04:11"}
{"label":"main.ts","level":"info","message":"กำลังเช็คข้อความ...","timestamp":"2024-10-22 22:04:12"}
{"label":"main.ts","level":"info","message":"ข้อมูลยังไม่พร้อม จะเช็คใหม่อีกครั้งใน 45 วินาที...","round":261,"timestamp":"2024-10-22 22:04:15"}
{"label":"main.ts","level":"info","message":"กำลังเช็คข้อความ...","timestamp":"2024-10-22 22:05:00"}
{"label":"main.ts","level":"info","message":"ข้อมูลยังไม่พร้อม จะเช็คใหม่อีกครั้งใน 45 วินาที...","round":261,"timestamp":"2024-10-22 22:05:03"}
{"label":"main.ts","level":"info","message":"กำลังเช็คข้อความ...","timestamp":"2024-10-22 22:05:48"}
{"label":"main.ts","level":"info","message":"ข้อมูลยังไม่พร้อม จะเช็คใหม่อีกครั้งใน 45 วินาที...","round":261,"timestamp":"2024-10-22 22:05:51"}
{"label":"main.ts","level":"info","message":"กำลังเช็คข้อความ...","timestamp":"2024-10-22 22:06:36"}
{"label":"main.ts","level":"info","message":"ข้อมูลยังไม่พร้อม จะเช็คใหม่อีกครั้งใน 45 วินาที...","round":261,"timestamp":"2024-10-22 22:06:39"}
{"label":"main.ts","level":"info","message":"Start Round :302","timestamp":"2024-10-22 23:23:03"}
{"file":"01.txt","label":"main.ts","level":"debug","line":301,"message":"configManager","previousfile":["00.txt","test.txt"],"timestamp":"2024-10-22 23:23:03"}
{"label":"main.ts","level":"debug","message":"promts =>","timestamp":"2024-10-22 23:23:03"}
{"label":"main.ts","level":"info","message":"END","timestamp":"2024-10-22 23:23:03"}
{"label":"main.ts","level":"info","message":"Next File","timestamp":"2024-10-22 23:23:03"}
{"label":"main.ts","level":"info","message":"Start Round :261","timestamp":"2024-10-22 23:59:16"}
{"file":"01.txt","label":"main.ts","level":"debug","line":260,"message":"configManager","previousfile":["00.txt","test.txt"],"timestamp":"2024-10-22 23:59:16"}
{"label":"main.ts","level":"debug","message":"promts =>","promt":"Minimalist dining room, cream colored room. The elegant simplicity of the space encourages mindfulness during meals, enhancing the dining experience. Photography, Sony, 50mm lens, F/2.0, --ar 1:1","timestamp":"2024-10-22 23:59:16"}
{"label":"main.ts","level":"info","message":"กำลังเช็คข้อความ...","timestamp":"2024-10-22 23:59:18"}
{"attachment":{"content_scan_version":1,"content_type":"image/png","filename":"kunggo._Minimalist_dining_room_cream_colored_room._The_elegant__ad0af921-0f5c-4c51-8229-b2b819faaf2e.png","height":2048,"id":"1298301766827507805","placeholder":"5hgGBwD0O2pqWKl6hXdZZoiIKNCYBWgH","placeholder_version":1,"proxy_url":"https://media.discordapp.net/attachments/1291762963174129696/1298301766827507805/kunggo._Minimalist_dining_room_cream_colored_room._The_elegant__ad0af921-0f5c-4c51-8229-b2b819faaf2e.png?ex=6719113e&is=6717bfbe&hm=a3898ba5d947b05b070c7ccce9f3a3e207315ac21b17294b288716cf7bc796ac&","size":5974644,"url":"https://cdn.discordapp.com/attachments/1291762963174129696/1298301766827507805/kunggo._Minimalist_dining_room_cream_colored_room._The_elegant__ad0af921-0f5c-4c51-8229-b2b819faaf2e.png?ex=6719113e&is=6717bfbe&hm=a3898ba5d947b05b070c7ccce9f3a3e207315ac21b17294b288716cf7bc796ac&","width":2048},"id":"ad0af921-0f5c-4c51-8229-b2b819faaf2e","label":"main.ts","level":"debug","message":"ID ad0af921-0f5c-4c51-8229-b2b819faaf2e","timestamp":"2024-10-22 23:59:19"}
{"label":"main.ts","level":"debug","message":"seedID","message_id":"1298301767385088030","round":261,"seed_id":"ad0af921-0f5c-4c51-8229-b2b819faaf2e","timestamp":"2024-10-22 23:59:19"}
{"dirImage":"/home/tonkung/work/upscayl/auto-bot-midjourney-discord/images/01","label":"main.ts","level":"info","message":"Wait 20 Seconds For Generate Full Photo","seedID":"ad0af921-0f5c-4c51-8229-b2b819faaf2e","timestamp":"2024-10-22 23:59:19","url_1":"https://cdn.midjourney.com/ad0af921-0f5c-4c51-8229-b2b819faaf2e/0_0.jpeg","url_2":"https://cdn.midjourney.com/ad0af921-0f5c-4c51-8229-b2b819faaf2e/0_1.jpeg","url_3":"https://cdn.midjourney.com/ad0af921-0f5c-4c51-8229-b2b819faaf2e/0_2.jpeg","url_4":"https://cdn.midjourney.com/ad0af921-0f5c-4c51-8229-b2b819faaf2e/0_3.jpeg"}
{"label":"main.ts","level":"info","message":"Image Download Complete!","timestamp":"2024-10-22 23:59:51"}
{"label":"main.ts","level":"info","message":"END Round","round":261,"timestamp":"2024-10-22 23:59:54"}
{"label":"main.ts","level":"info","message":"Start Round :262","timestamp":"2024-10-22 23:59:59"}
{"file":"01.txt","label":"main.ts","level":"debug","line":261,"message":"configManager","previousfile":["00.txt","test.txt"],"timestamp":"2024-10-22 23:59:59"}
{"label":"main.ts","level":"debug","message":"promts =>","promt":"Minimalist dining room, cream colored room. Large windows allow sunlight to pour in, creating a bright and airy space for dining. Photography, Fujifilm, 35mm lens, F/2.8, --ar 5:4","timestamp":"2024-10-22 23:59:59"}
