{"label":"comfy-down.ts","level":"error","message":"Unexpected error in starts(): [object Object]","timestamp":"2025-03-15 21:26:43"}
{"label":"comfy-down.ts","level":"error","message":"Unexpected error in starts(): [object Object]","timestamp":"2025-03-15 21:26:54"}
{"label":"comfy-down.ts","level":"info","message":"No pending prompts. Retrying in 5 seconds...","timestamp":"2025-03-15 21:27:04"}
{"label":"comfy-down.ts","level":"info","message":"No pending prompts. Retrying in 5 seconds...","timestamp":"2025-03-15 21:27:19"}
{"label":"comfy-down.ts","level":"info","message":"No pending prompts. Retrying in 5 seconds...","timestamp":"2025-03-15 21:27:27"}
{"label":"comfy-down.ts","level":"info","message":"No pending prompts. Retrying in 5 seconds...","timestamp":"2025-03-15 21:27:35"}
{"label":"comfy-down.ts","level":"info","message":"No pending prompts. Retrying in 5 seconds...","timestamp":"2025-03-15 21:28:02"}
{"label":"comfy-down.ts","level":"info","message":"No pending prompts. Retrying in 5 seconds...","timestamp":"2025-03-15 21:28:10"}
{"label":"comfy-down.ts","level":"info","message":"No pending prompts. Retrying in 5 seconds...","timestamp":"2025-03-15 21:28:18"}
{"label":"comfy-down.ts","level":"info","message":"No pending prompts. Retrying in 5 seconds...","timestamp":"2025-03-15 21:28:26"}
{"label":"comfy-down.ts","level":"info","message":"No pending prompts. Retrying in 5 seconds...","timestamp":"2025-03-15 21:28:34"}
{"label":"comfy-down.ts","level":"info","message":"No pending prompts. Retrying in 5 seconds...","timestamp":"2025-03-15 21:28:42"}
{"label":"comfy-down.ts","level":"info","message":"No pending prompts. Retrying in 5 seconds...","timestamp":"2025-03-15 21:28:50"}
{"label":"comfy-down.ts","level":"info","message":"No pending prompts. Retrying in 5 seconds...","timestamp":"2025-03-15 21:28:58"}
{"label":"comfy-down.ts","level":"info","message":"No pending prompts. Retrying in 5 seconds...","timestamp":"2025-03-15 21:29:06"}
{"label":"comfy-down.ts","level":"info","message":"No pending prompts. Retrying in 5 seconds...","timestamp":"2025-03-15 21:29:14"}
{"label":"comfy-down.ts","level":"info","message":"No pending prompts. Retrying in 5 seconds...","timestamp":"2025-03-15 21:29:22"}
{"label":"comfy-down.ts","level":"info","message":"No pending prompts. Retrying in 5 seconds...","timestamp":"2025-03-15 21:38:52"}
{"label":"comfy-down.ts","level":"info","message":"No pending prompts. Retrying in 5 seconds...","timestamp":"2025-03-15 21:39:00"}
{"label":"comfy-down.ts","level":"info","message":"No pending prompts. Retrying in 5 seconds...","timestamp":"2025-03-15 21:39:08"}
{"label":"comfy-down.ts","level":"info","message":"No pending prompts. Retrying in 5 seconds...","timestamp":"2025-03-15 21:39:16"}
{"label":"comfy-down.ts","level":"info","message":"No pending prompts. Retrying in 5 seconds...","timestamp":"2025-03-15 21:39:24"}
{"label":"comfy-gen.ts","level":"info","message":"WebSocket closed from server no vary-encountered-benz-intensive.trycloudflare.com when event is error","timestamp":"2025-03-15 21:39:30"}
{"label":"comfy-gen.ts","level":"info","message":"Reconnecting server 0 in 1 seconds...","timestamp":"2025-03-15 21:39:30"}
{"label":"comfy-gen.ts","level":"info","message":"WebSocket closed from server no vary-encountered-benz-intensive.trycloudflare.com when event is 1006","timestamp":"2025-03-15 21:39:30"}
{"label":"comfy-gen.ts","level":"info","message":"Reconnecting server 0 in 2 seconds...","timestamp":"2025-03-15 21:39:30"}
{"label":"comfy-gen.ts","level":"info","message":"Shutting down gracefully...","timestamp":"2025-03-15 21:39:32"}
{"label":"comfy-down.ts","level":"info","message":"No pending prompts. Retrying in 5 seconds...","timestamp":"2025-03-15 21:39:33"}
{"label":"comfy-down.ts","level":"info","message":"No pending prompts. Retrying in 5 seconds...","timestamp":"2025-03-15 21:39:41"}
{"label":"comfy-down.ts","level":"info","message":"No pending prompts. Retrying in 5 seconds...","timestamp":"2025-03-15 21:39:49"}
{"label":"comfy-down.ts","level":"info","message":"No pending prompts. Retrying in 5 seconds...","timestamp":"2025-03-15 21:39:57"}
{"label":"comfy-down.ts","level":"info","message":"No pending prompts. Retrying in 5 seconds...","timestamp":"2025-03-15 21:40:05"}
{"label":"comfy-down.ts","level":"info","message":"No pending prompts. Retrying in 5 seconds...","timestamp":"2025-03-15 21:40:13"}
{"label":"comfy-down.ts","level":"info","message":"No pending prompts. Retrying in 5 seconds...","timestamp":"2025-03-15 21:40:21"}
{"label":"comfy-down.ts","level":"info","message":"No pending prompts. Retrying in 5 seconds...","timestamp":"2025-03-15 21:40:29"}
{"label":"comfy-down.ts","level":"info","message":"No pending prompts. Retrying in 5 seconds...","timestamp":"2025-03-15 21:40:37"}
{"label":"comfy-down.ts","level":"info","message":"No pending prompts. Retrying in 5 seconds...","timestamp":"2025-03-15 21:40:45"}
{"label":"comfy-down.ts","level":"info","message":"No pending prompts. Retrying in 5 seconds...","timestamp":"2025-03-15 21:40:53"}
{"label":"comfy-down.ts","level":"info","message":"No pending prompts. Retrying in 5 seconds...","timestamp":"2025-03-15 21:41:01"}
{"label":"comfy-down.ts","level":"info","message":"No pending prompts. Retrying in 5 seconds...","timestamp":"2025-03-15 21:41:09"}
{"label":"comfy-down.ts","level":"info","message":"No pending prompts. Retrying in 5 seconds...","timestamp":"2025-03-15 21:41:17"}
{"label":"comfy-down.ts","level":"info","message":"No pending prompts. Retrying in 5 seconds...","timestamp":"2025-03-15 21:41:25"}
{"label":"comfy-gen.ts","level":"info","message":"WebSocket closed from server no vary-encountered-benz-intensive.trycloudflare.com when event is error","timestamp":"2025-03-15 21:41:25"}
{"label":"comfy-gen.ts","level":"info","message":"Reconnecting server 0 in 1 seconds...","timestamp":"2025-03-15 21:41:25"}
{"label":"comfy-gen.ts","level":"info","message":"WebSocket closed from server no vary-encountered-benz-intensive.trycloudflare.com when event is 1006","timestamp":"2025-03-15 21:41:25"}
{"label":"comfy-gen.ts","level":"info","message":"Reconnecting server 0 in 2 seconds...","timestamp":"2025-03-15 21:41:25"}
{"label":"comfy-gen.ts","level":"info","message":"Shutting down gracefully...","timestamp":"2025-03-15 21:41:27"}
{"label":"comfy-down.ts","level":"info","message":"No pending prompts. Retrying in 5 seconds...","timestamp":"2025-03-15 21:41:33"}
{"label":"comfy-down.ts","level":"info","message":"No pending prompts. Retrying in 5 seconds...","timestamp":"2025-03-15 21:41:41"}
{"label":"comfy-down.ts","level":"info","message":"No pending prompts. Retrying in 5 seconds...","timestamp":"2025-03-15 21:41:49"}
{"label":"comfy-down.ts","level":"info","message":"No pending prompts. Retrying in 5 seconds...","timestamp":"2025-03-15 21:41:57"}
{"label":"comfy-down.ts","level":"info","message":"No pending prompts. Retrying in 5 seconds...","timestamp":"2025-03-15 21:42:05"}
{"label":"comfy-down.ts","level":"info","message":"No pending prompts. Retrying in 5 seconds...","timestamp":"2025-03-15 21:42:13"}
{"label":"comfy-down.ts","level":"info","message":"No pending prompts. Retrying in 5 seconds...","timestamp":"2025-03-15 21:42:21"}
{"label":"comfy-down.ts","level":"info","message":"No pending prompts. Retrying in 5 seconds...","timestamp":"2025-03-15 21:42:29"}
{"label":"comfy-down.ts","level":"info","message":"No pending prompts. Retrying in 5 seconds...","timestamp":"2025-03-15 21:42:37"}
{"label":"comfy-down.ts","level":"info","message":"No pending prompts. Retrying in 5 seconds...","timestamp":"2025-03-15 21:42:45"}
{"label":"comfy-down.ts","level":"info","message":"No pending prompts. Retrying in 5 seconds...","timestamp":"2025-03-15 21:42:53"}
{"label":"comfy-down.ts","level":"info","message":"No pending prompts. Retrying in 5 seconds...","timestamp":"2025-03-15 21:43:01"}
{"label":"comfy-down.ts","level":"info","message":"No pending prompts. Retrying in 5 seconds...","timestamp":"2025-03-15 21:43:09"}
{"label":"comfy-down.ts","level":"info","message":"No pending prompts. Retrying in 5 seconds...","timestamp":"2025-03-15 21:43:17"}
{"label":"comfy-down.ts","level":"info","message":"No pending prompts. Retrying in 5 seconds...","timestamp":"2025-03-15 21:43:25"}
{"label":"comfy-down.ts","level":"info","message":"No pending prompts. Retrying in 5 seconds...","timestamp":"2025-03-15 21:43:33"}
{"label":"comfy-down.ts","level":"info","message":"No pending prompts. Retrying in 5 seconds...","timestamp":"2025-03-15 21:43:41"}
{"label":"comfy-down.ts","level":"info","message":"No pending prompts. Retrying in 5 seconds...","timestamp":"2025-03-15 21:43:49"}
{"label":"comfy-down.ts","level":"info","message":"No pending prompts. Retrying in 5 seconds...","timestamp":"2025-03-15 21:43:57"}
{"label":"comfy-down.ts","level":"info","message":"No pending prompts. Retrying in 5 seconds...","timestamp":"2025-03-15 21:44:06"}
{"label":"comfy-down.ts","level":"info","message":"No pending prompts. Retrying in 5 seconds...","timestamp":"2025-03-15 21:44:14"}
{"label":"comfy-down.ts","level":"info","message":"No pending prompts. Retrying in 5 seconds...","timestamp":"2025-03-15 21:44:22"}
{"label":"comfy-down.ts","level":"info","message":"No pending prompts. Retrying in 5 seconds...","timestamp":"2025-03-15 21:44:30"}
{"label":"comfy-down.ts","level":"info","message":"No pending prompts. Retrying in 5 seconds...","timestamp":"2025-03-15 21:44:38"}
{"label":"comfy-down.ts","level":"info","message":"No pending prompts. Retrying in 5 seconds...","timestamp":"2025-03-15 21:44:46"}
{"label":"comfy-down.ts","level":"info","message":"No pending prompts. Retrying in 5 seconds...","timestamp":"2025-03-15 21:44:54"}
{"label":"comfy-down.ts","level":"info","message":"No pending prompts. Retrying in 5 seconds...","timestamp":"2025-03-15 21:45:02"}
{"label":"comfy-down.ts","level":"info","message":"No pending prompts. Retrying in 5 seconds...","timestamp":"2025-03-15 21:45:10"}
{"label":"comfy-down.ts","level":"info","message":"No pending prompts. Retrying in 5 seconds...","timestamp":"2025-03-15 21:45:18"}
{"label":"comfy-down.ts","level":"info","message":"No pending prompts. Retrying in 5 seconds...","timestamp":"2025-03-15 21:45:26"}
{"label":"comfy-down.ts","level":"info","message":"No pending prompts. Retrying in 5 seconds...","timestamp":"2025-03-15 21:45:34"}
{"label":"comfy-down.ts","level":"info","message":"No pending prompts. Retrying in 5 seconds...","timestamp":"2025-03-15 21:45:42"}
{"label":"comfy-down.ts","level":"info","message":"No pending prompts. Retrying in 5 seconds...","timestamp":"2025-03-15 21:45:50"}
{"label":"comfy-down.ts","level":"info","message":"No pending prompts. Retrying in 5 seconds...","timestamp":"2025-03-15 21:45:58"}
{"label":"comfy-down.ts","level":"info","message":"No pending prompts. Retrying in 5 seconds...","timestamp":"2025-03-15 21:46:06"}
{"label":"comfy-down.ts","level":"info","message":"No pending prompts. Retrying in 5 seconds...","timestamp":"2025-03-15 21:46:14"}
{"label":"comfy-down.ts","level":"info","message":"No pending prompts. Retrying in 5 seconds...","timestamp":"2025-03-15 21:46:22"}
{"label":"comfy-down.ts","level":"info","message":"No pending prompts. Retrying in 5 seconds...","timestamp":"2025-03-15 21:46:30"}
{"label":"comfy-down.ts","level":"info","message":"No pending prompts. Retrying in 5 seconds...","timestamp":"2025-03-15 21:46:38"}
{"label":"comfy-down.ts","level":"info","message":"No pending prompts. Retrying in 5 seconds...","timestamp":"2025-03-15 21:46:46"}
{"label":"comfy-down.ts","level":"info","message":"No pending prompts. Retrying in 5 seconds...","timestamp":"2025-03-15 21:46:54"}
{"label":"comfy-down.ts","level":"info","message":"No pending prompts. Retrying in 5 seconds...","timestamp":"2025-03-15 21:47:02"}
{"label":"comfy-down.ts","level":"info","message":"No pending prompts. Retrying in 5 seconds...","timestamp":"2025-03-15 21:47:10"}
{"label":"comfy-down.ts","level":"info","message":"No pending prompts. Retrying in 5 seconds...","timestamp":"2025-03-15 21:47:18"}
{"label":"comfy-down.ts","level":"info","message":"No pending prompts. Retrying in 5 seconds...","timestamp":"2025-03-15 21:47:26"}
{"label":"comfy-down.ts","level":"info","message":"No pending prompts. Retrying in 5 seconds...","timestamp":"2025-03-15 21:47:34"}
{"label":"comfy-down.ts","level":"info","message":"No pending prompts. Retrying in 5 seconds...","timestamp":"2025-03-15 21:47:42"}
{"label":"comfy-down.ts","level":"info","message":"No pending prompts. Retrying in 5 seconds...","timestamp":"2025-03-15 21:47:50"}
{"label":"comfy-down.ts","level":"info","message":"No pending prompts. Retrying in 5 seconds...","timestamp":"2025-03-15 21:47:58"}
{"label":"comfy-down.ts","level":"info","message":"No pending prompts. Retrying in 5 seconds...","timestamp":"2025-03-15 21:48:06"}
{"label":"comfy-down.ts","level":"info","message":"No pending prompts. Retrying in 5 seconds...","timestamp":"2025-03-15 21:48:14"}
{"label":"comfy-down.ts","level":"info","message":"No pending prompts. Retrying in 5 seconds...","timestamp":"2025-03-15 21:48:22"}
{"label":"comfy-down.ts","level":"info","message":"No pending prompts. Retrying in 5 seconds...","timestamp":"2025-03-15 21:48:31"}
{"label":"comfy-down.ts","level":"info","message":"No pending prompts. Retrying in 5 seconds...","timestamp":"2025-03-15 21:48:39"}
{"label":"comfy-down.ts","level":"info","message":"No pending prompts. Retrying in 5 seconds...","timestamp":"2025-03-15 21:48:47"}
{"label":"comfy-down.ts","level":"info","message":"No pending prompts. Retrying in 5 seconds...","timestamp":"2025-03-15 21:48:55"}
{"label":"comfy-down.ts","level":"info","message":"No pending prompts. Retrying in 5 seconds...","timestamp":"2025-03-15 21:49:03"}
{"label":"comfy-down.ts","level":"info","message":"No pending prompts. Retrying in 5 seconds...","timestamp":"2025-03-15 21:49:11"}
{"label":"comfy-down.ts","level":"info","message":"No pending prompts. Retrying in 5 seconds...","timestamp":"2025-03-15 21:49:19"}
{"label":"comfy-down.ts","level":"info","message":"No pending prompts. Retrying in 5 seconds...","timestamp":"2025-03-15 21:49:27"}
{"label":"comfy-down.ts","level":"info","message":"No pending prompts. Retrying in 5 seconds...","timestamp":"2025-03-15 21:49:35"}
{"label":"comfy-down.ts","level":"info","message":"No pending prompts. Retrying in 5 seconds...","timestamp":"2025-03-15 21:49:43"}
{"label":"comfy-down.ts","level":"info","message":"No pending prompts. Retrying in 5 seconds...","timestamp":"2025-03-15 21:49:51"}
{"label":"comfy-down.ts","level":"info","message":"No pending prompts. Retrying in 5 seconds...","timestamp":"2025-03-15 21:49:59"}
{"label":"comfy-down.ts","level":"info","message":"No pending prompts. Retrying in 5 seconds...","timestamp":"2025-03-15 21:50:07"}
{"label":"comfy-down.ts","level":"info","message":"No pending prompts. Retrying in 5 seconds...","timestamp":"2025-03-15 21:50:15"}
{"label":"comfy-down.ts","level":"info","message":"No pending prompts. Retrying in 5 seconds...","timestamp":"2025-03-15 21:50:23"}
{"label":"comfy-down.ts","level":"info","message":"No pending prompts. Retrying in 5 seconds...","timestamp":"2025-03-15 21:50:31"}
{"label":"comfy-down.ts","level":"info","message":"No pending prompts. Retrying in 5 seconds...","timestamp":"2025-03-15 21:50:39"}
{"label":"comfy-down.ts","level":"info","message":"No pending prompts. Retrying in 5 seconds...","timestamp":"2025-03-15 21:50:47"}
{"label":"comfy-down.ts","level":"info","message":"No pending prompts. Retrying in 5 seconds...","timestamp":"2025-03-15 21:50:55"}
{"label":"comfy-down.ts","level":"info","message":"No pending prompts. Retrying in 5 seconds...","timestamp":"2025-03-15 21:51:03"}
{"label":"comfy-down.ts","level":"info","message":"No pending prompts. Retrying in 5 seconds...","timestamp":"2025-03-15 21:51:11"}
{"label":"comfy-down.ts","level":"info","message":"No pending prompts. Retrying in 5 seconds...","timestamp":"2025-03-15 21:51:19"}
{"label":"comfy-down.ts","level":"info","message":"No pending prompts. Retrying in 5 seconds...","timestamp":"2025-03-15 21:51:27"}
{"label":"comfy-down.ts","level":"info","message":"No pending prompts. Retrying in 5 seconds...","timestamp":"2025-03-15 21:51:35"}
{"label":"comfy-down.ts","level":"info","message":"No pending prompts. Retrying in 5 seconds...","timestamp":"2025-03-15 21:51:43"}
{"label":"comfy-down.ts","level":"info","message":"No pending prompts. Retrying in 5 seconds...","timestamp":"2025-03-15 21:51:51"}
{"label":"comfy-down.ts","level":"info","message":"No pending prompts. Retrying in 5 seconds...","timestamp":"2025-03-15 21:51:59"}
{"label":"comfy-down.ts","level":"info","message":"No pending prompts. Retrying in 5 seconds...","timestamp":"2025-03-15 21:52:07"}
{"label":"comfy-down.ts","level":"info","message":"No pending prompts. Retrying in 5 seconds...","timestamp":"2025-03-15 21:52:15"}
{"label":"comfy-down.ts","level":"info","message":"No pending prompts. Retrying in 5 seconds...","timestamp":"2025-03-15 21:52:23"}
{"label":"comfy-down.ts","level":"info","message":"No pending prompts. Retrying in 5 seconds...","timestamp":"2025-03-15 21:52:31"}
{"label":"comfy-down.ts","level":"info","message":"No pending prompts. Retrying in 5 seconds...","timestamp":"2025-03-15 21:52:39"}
{"label":"comfy-down.ts","level":"info","message":"No pending prompts. Retrying in 5 seconds...","timestamp":"2025-03-15 21:52:47"}
{"label":"comfy-down.ts","level":"info","message":"No pending prompts. Retrying in 5 seconds...","timestamp":"2025-03-15 21:52:55"}
{"label":"comfy-down.ts","level":"info","message":"No pending prompts. Retrying in 5 seconds...","timestamp":"2025-03-15 21:53:03"}
{"label":"comfy-down.ts","level":"info","message":"No pending prompts. Retrying in 5 seconds...","timestamp":"2025-03-15 21:53:11"}
{"label":"comfy-down.ts","level":"info","message":"No pending prompts. Retrying in 5 seconds...","timestamp":"2025-03-15 21:53:19"}
{"label":"comfy-down.ts","level":"info","message":"No pending prompts. Retrying in 5 seconds...","timestamp":"2025-03-15 21:53:27"}
{"label":"comfy-down.ts","level":"info","message":"No pending prompts. Retrying in 5 seconds...","timestamp":"2025-03-15 21:53:35"}
{"label":"comfy-down.ts","level":"info","message":"No pending prompts. Retrying in 5 seconds...","timestamp":"2025-03-15 21:53:43"}
{"label":"comfy-down.ts","level":"info","message":"No pending prompts. Retrying in 5 seconds...","timestamp":"2025-03-15 21:53:51"}
{"label":"comfy-down.ts","level":"info","message":"No pending prompts. Retrying in 5 seconds...","timestamp":"2025-03-15 21:53:59"}
{"label":"comfy-down.ts","level":"info","message":"No pending prompts. Retrying in 5 seconds...","timestamp":"2025-03-15 21:54:07"}
{"label":"comfy-down.ts","level":"info","message":"No pending prompts. Retrying in 5 seconds...","timestamp":"2025-03-15 21:54:15"}
{"label":"comfy-down.ts","level":"info","message":"No pending prompts. Retrying in 5 seconds...","timestamp":"2025-03-15 21:54:23"}
{"label":"comfy-down.ts","level":"info","message":"No pending prompts. Retrying in 5 seconds...","timestamp":"2025-03-15 21:54:31"}
{"label":"comfy-down.ts","level":"info","message":"No pending prompts. Retrying in 5 seconds...","timestamp":"2025-03-15 21:54:39"}
{"label":"comfy-down.ts","level":"info","message":"No pending prompts. Retrying in 5 seconds...","timestamp":"2025-03-15 21:54:48"}
{"label":"comfy-down.ts","level":"info","message":"No pending prompts. Retrying in 5 seconds...","timestamp":"2025-03-15 21:54:56"}
{"label":"comfy-down.ts","level":"info","message":"No pending prompts. Retrying in 5 seconds...","timestamp":"2025-03-15 21:55:04"}
{"label":"comfy-down.ts","level":"info","message":"No pending prompts. Retrying in 5 seconds...","timestamp":"2025-03-15 21:55:12"}
{"label":"comfy-down.ts","level":"info","message":"No pending prompts. Retrying in 5 seconds...","timestamp":"2025-03-15 21:55:20"}
{"label":"comfy-down.ts","level":"info","message":"No pending prompts. Retrying in 5 seconds...","timestamp":"2025-03-15 21:55:28"}
{"label":"comfy-down.ts","level":"info","message":"No pending prompts. Retrying in 5 seconds...","timestamp":"2025-03-15 21:55:36"}
{"label":"comfy-down.ts","level":"info","message":"No pending prompts. Retrying in 5 seconds...","timestamp":"2025-03-15 21:55:44"}
{"label":"comfy-down.ts","level":"info","message":"No pending prompts. Retrying in 5 seconds...","timestamp":"2025-03-15 21:55:52"}
{"label":"comfy-down.ts","level":"info","message":"No pending prompts. Retrying in 5 seconds...","timestamp":"2025-03-15 21:56:00"}
{"label":"comfy-down.ts","level":"info","message":"No pending prompts. Retrying in 5 seconds...","timestamp":"2025-03-15 21:56:08"}
{"label":"comfy-down.ts","level":"info","message":"No pending prompts. Retrying in 5 seconds...","timestamp":"2025-03-15 21:56:16"}
{"label":"comfy-down.ts","level":"info","message":"No pending prompts. Retrying in 5 seconds...","timestamp":"2025-03-15 21:56:24"}
{"label":"comfy-down.ts","level":"info","message":"No pending prompts. Retrying in 5 seconds...","timestamp":"2025-03-15 21:56:32"}
{"label":"comfy-down.ts","level":"info","message":"No pending prompts. Retrying in 5 seconds...","timestamp":"2025-03-15 21:56:40"}
{"label":"comfy-down.ts","level":"info","message":"No pending prompts. Retrying in 5 seconds...","timestamp":"2025-03-15 21:56:48"}
{"label":"comfy-down.ts","level":"info","message":"No pending prompts. Retrying in 5 seconds...","timestamp":"2025-03-15 21:56:56"}
{"label":"comfy-down.ts","level":"info","message":"No pending prompts. Retrying in 5 seconds...","timestamp":"2025-03-15 21:57:04"}
{"label":"comfy-down.ts","level":"info","message":"No pending prompts. Retrying in 5 seconds...","timestamp":"2025-03-15 21:57:12"}
{"label":"comfy-down.ts","level":"info","message":"No pending prompts. Retrying in 5 seconds...","timestamp":"2025-03-15 21:57:20"}
{"label":"comfy-down.ts","level":"info","message":"No pending prompts. Retrying in 5 seconds...","timestamp":"2025-03-15 21:57:28"}
{"label":"comfy-down.ts","level":"info","message":"No pending prompts. Retrying in 5 seconds...","timestamp":"2025-03-15 21:57:36"}
{"label":"comfy-down.ts","level":"info","message":"No pending prompts. Retrying in 5 seconds...","timestamp":"2025-03-15 21:57:44"}
{"label":"comfy-down.ts","level":"info","message":"No pending prompts. Retrying in 5 seconds...","timestamp":"2025-03-15 21:57:52"}
{"label":"comfy-down.ts","level":"info","message":"No pending prompts. Retrying in 5 seconds...","timestamp":"2025-03-15 21:58:00"}
{"label":"comfy-down.ts","level":"info","message":"No pending prompts. Retrying in 5 seconds...","timestamp":"2025-03-15 21:58:08"}
{"label":"comfy-down.ts","level":"info","message":"No pending prompts. Retrying in 5 seconds...","timestamp":"2025-03-15 21:58:16"}
{"label":"comfy-down.ts","level":"info","message":"No pending prompts. Retrying in 5 seconds...","timestamp":"2025-03-15 21:58:24"}
{"label":"comfy-down.ts","level":"info","message":"No pending prompts. Retrying in 5 seconds...","timestamp":"2025-03-15 21:58:32"}
{"label":"comfy-down.ts","level":"info","message":"No pending prompts. Retrying in 5 seconds...","timestamp":"2025-03-15 21:58:40"}
{"label":"comfy-down.ts","level":"info","message":"No pending prompts. Retrying in 5 seconds...","timestamp":"2025-03-15 21:58:48"}
{"label":"comfy-down.ts","level":"info","message":"No pending prompts. Retrying in 5 seconds...","timestamp":"2025-03-15 21:58:56"}
{"label":"comfy-down.ts","level":"info","message":"No pending prompts. Retrying in 5 seconds...","timestamp":"2025-03-15 21:59:04"}
{"label":"comfy-down.ts","level":"info","message":"No pending prompts. Retrying in 5 seconds...","timestamp":"2025-03-15 21:59:12"}
{"label":"comfy-down.ts","level":"info","message":"No pending prompts. Retrying in 5 seconds...","timestamp":"2025-03-15 21:59:20"}
{"label":"comfy-down.ts","level":"info","message":"No pending prompts. Retrying in 5 seconds...","timestamp":"2025-03-15 21:59:28"}
{"label":"comfy-down.ts","level":"info","message":"No pending prompts. Retrying in 5 seconds...","timestamp":"2025-03-15 21:59:36"}
{"label":"comfy-down.ts","level":"info","message":"No pending prompts. Retrying in 5 seconds...","timestamp":"2025-03-15 21:59:44"}
{"label":"comfy-down.ts","level":"info","message":"No pending prompts. Retrying in 5 seconds...","timestamp":"2025-03-15 21:59:52"}
{"label":"comfy-down.ts","level":"info","message":"No pending prompts. Retrying in 5 seconds...","timestamp":"2025-03-15 22:00:00"}
{"label":"comfy-down.ts","level":"info","message":"No pending prompts. Retrying in 5 seconds...","timestamp":"2025-03-15 22:00:08"}
{"label":"comfy-down.ts","level":"info","message":"No pending prompts. Retrying in 5 seconds...","timestamp":"2025-03-15 22:00:16"}
{"label":"comfy-down.ts","level":"info","message":"No pending prompts. Retrying in 5 seconds...","timestamp":"2025-03-15 22:00:24"}
{"label":"comfy-down.ts","level":"info","message":"No pending prompts. Retrying in 5 seconds...","timestamp":"2025-03-15 22:00:32"}
{"label":"comfy-down.ts","level":"info","message":"No pending prompts. Retrying in 5 seconds...","timestamp":"2025-03-15 22:00:40"}
{"label":"comfy-down.ts","level":"info","message":"No pending prompts. Retrying in 5 seconds...","timestamp":"2025-03-15 22:00:48"}
{"label":"comfy-down.ts","level":"info","message":"No pending prompts. Retrying in 5 seconds...","timestamp":"2025-03-15 22:00:56"}
{"label":"comfy-down.ts","level":"info","message":"No pending prompts. Retrying in 5 seconds...","timestamp":"2025-03-15 22:01:04"}
{"label":"comfy-down.ts","level":"info","message":"No pending prompts. Retrying in 5 seconds...","timestamp":"2025-03-15 22:01:12"}
{"label":"comfy-down.ts","level":"info","message":"No pending prompts. Retrying in 5 seconds...","timestamp":"2025-03-15 22:01:20"}
{"label":"comfy-down.ts","level":"info","message":"No pending prompts. Retrying in 5 seconds...","timestamp":"2025-03-15 22:01:28"}
{"label":"comfy-down.ts","level":"info","message":"No pending prompts. Retrying in 5 seconds...","timestamp":"2025-03-15 22:01:36"}
{"label":"comfy-down.ts","level":"info","message":"No pending prompts. Retrying in 5 seconds...","timestamp":"2025-03-15 22:01:44"}
{"label":"comfy-down.ts","level":"info","message":"No pending prompts. Retrying in 5 seconds...","timestamp":"2025-03-15 22:01:52"}
{"label":"comfy-down.ts","level":"info","message":"No pending prompts. Retrying in 5 seconds...","timestamp":"2025-03-15 22:02:00"}
{"label":"comfy-down.ts","level":"info","message":"No pending prompts. Retrying in 5 seconds...","timestamp":"2025-03-15 22:02:08"}
{"label":"comfy-down.ts","level":"info","message":"No pending prompts. Retrying in 5 seconds...","timestamp":"2025-03-15 22:02:16"}
{"label":"comfy-down.ts","level":"info","message":"No pending prompts. Retrying in 5 seconds...","timestamp":"2025-03-15 22:02:24"}
{"label":"comfy-down.ts","level":"info","message":"No pending prompts. Retrying in 5 seconds...","timestamp":"2025-03-15 22:02:32"}
{"label":"comfy-down.ts","level":"info","message":"No pending prompts. Retrying in 5 seconds...","timestamp":"2025-03-15 22:02:40"}
{"label":"comfy-down.ts","level":"info","message":"No pending prompts. Retrying in 5 seconds...","timestamp":"2025-03-15 22:02:48"}
{"label":"comfy-down.ts","level":"info","message":"No pending prompts. Retrying in 5 seconds...","timestamp":"2025-03-15 22:02:56"}
{"label":"comfy-down.ts","level":"info","message":"No pending prompts. Retrying in 5 seconds...","timestamp":"2025-03-15 22:03:05"}
{"label":"comfy-down.ts","level":"info","message":"No pending prompts. Retrying in 5 seconds...","timestamp":"2025-03-15 22:03:14"}
{"label":"comfy-down.ts","level":"info","message":"No pending prompts. Retrying in 5 seconds...","timestamp":"2025-03-15 22:03:22"}
{"label":"comfy-down.ts","level":"info","message":"No pending prompts. Retrying in 5 seconds...","timestamp":"2025-03-15 22:03:30"}
{"label":"comfy-down.ts","level":"info","message":"No pending prompts. Retrying in 5 seconds...","timestamp":"2025-03-15 22:03:38"}
{"label":"comfy-down.ts","level":"info","message":"No pending prompts. Retrying in 5 seconds...","timestamp":"2025-03-15 22:03:46"}
{"label":"comfy-down.ts","level":"info","message":"No pending prompts. Retrying in 5 seconds...","timestamp":"2025-03-15 22:03:54"}
{"label":"comfy-down.ts","level":"info","message":"No pending prompts. Retrying in 5 seconds...","timestamp":"2025-03-15 22:04:02"}
{"label":"comfy-down.ts","level":"info","message":"No pending prompts. Retrying in 5 seconds...","timestamp":"2025-03-15 22:04:10"}
{"label":"comfy-down.ts","level":"info","message":"No pending prompts. Retrying in 5 seconds...","timestamp":"2025-03-15 22:04:18"}
{"label":"comfy-down.ts","level":"info","message":"No pending prompts. Retrying in 5 seconds...","timestamp":"2025-03-15 22:04:26"}
{"label":"comfy-down.ts","level":"info","message":"No pending prompts. Retrying in 5 seconds...","timestamp":"2025-03-15 22:04:34"}
{"label":"comfy-down.ts","level":"info","message":"No pending prompts. Retrying in 5 seconds...","timestamp":"2025-03-15 22:04:42"}
{"label":"comfy-down.ts","level":"info","message":"No pending prompts. Retrying in 5 seconds...","timestamp":"2025-03-15 22:04:50"}
{"label":"comfy-down.ts","level":"info","message":"No pending prompts. Retrying in 5 seconds...","timestamp":"2025-03-15 22:04:58"}
{"label":"comfy-down.ts","level":"info","message":"No pending prompts. Retrying in 5 seconds...","timestamp":"2025-03-15 22:05:06"}
{"label":"comfy-down.ts","level":"info","message":"No pending prompts. Retrying in 5 seconds...","timestamp":"2025-03-15 22:05:14"}
{"label":"comfy-down.ts","level":"info","message":"No pending prompts. Retrying in 5 seconds...","timestamp":"2025-03-15 22:05:22"}
{"label":"comfy-down.ts","level":"info","message":"No pending prompts. Retrying in 5 seconds...","timestamp":"2025-03-15 22:05:30"}
{"label":"comfy-down.ts","level":"info","message":"No pending prompts. Retrying in 5 seconds...","timestamp":"2025-03-15 22:05:38"}
{"label":"comfy-down.ts","level":"info","message":"No pending prompts. Retrying in 5 seconds...","timestamp":"2025-03-15 22:05:46"}
{"label":"comfy-down.ts","level":"info","message":"No pending prompts. Retrying in 5 seconds...","timestamp":"2025-03-15 22:05:54"}
{"label":"comfy-down.ts","level":"info","message":"No pending prompts. Retrying in 5 seconds...","timestamp":"2025-03-15 22:06:02"}
{"label":"comfy-down.ts","level":"info","message":"No pending prompts. Retrying in 5 seconds...","timestamp":"2025-03-15 22:06:10"}
{"label":"comfy-down.ts","level":"info","message":"No pending prompts. Retrying in 5 seconds...","timestamp":"2025-03-15 22:06:18"}
{"label":"comfy-down.ts","level":"info","message":"No pending prompts. Retrying in 5 seconds...","timestamp":"2025-03-15 22:06:26"}
{"label":"comfy-gen.ts","level":"info","message":"WebSocket closed from server no vary-encountered-benz-intensive.trycloudflare.com when event is error","timestamp":"2025-03-15 22:06:27"}
{"label":"comfy-gen.ts","level":"info","message":"Reconnecting server 0 in 1 seconds...","timestamp":"2025-03-15 22:06:27"}
{"label":"comfy-gen.ts","level":"info","message":"WebSocket closed from server no vary-encountered-benz-intensive.trycloudflare.com when event is 1006","timestamp":"2025-03-15 22:06:27"}
{"label":"comfy-gen.ts","level":"info","message":"Reconnecting server 0 in 2 seconds...","timestamp":"2025-03-15 22:06:27"}
{"label":"comfy-gen.ts","level":"info","message":"Shutting down gracefully...","timestamp":"2025-03-15 22:06:29"}
{"label":"comfy-down.ts","level":"info","message":"No pending prompts. Retrying in 5 seconds...","timestamp":"2025-03-15 22:06:34"}
{"label":"comfy-down.ts","level":"info","message":"No pending prompts. Retrying in 5 seconds...","timestamp":"2025-03-15 22:06:42"}
{"label":"comfy-down.ts","level":"info","message":"No pending prompts. Retrying in 5 seconds...","timestamp":"2025-03-15 22:06:50"}
{"label":"comfy-gen.ts","level":"info","message":"WebSocket closed from server no vary-encountered-benz-intensive.trycloudflare.com when event is error","timestamp":"2025-03-15 22:06:57"}
{"label":"comfy-gen.ts","level":"info","message":"Reconnecting server 0 in 1 seconds...","timestamp":"2025-03-15 22:06:57"}
{"label":"comfy-gen.ts","level":"info","message":"WebSocket closed from server no vary-encountered-benz-intensive.trycloudflare.com when event is 1006","timestamp":"2025-03-15 22:06:57"}
{"label":"comfy-gen.ts","level":"info","message":"Reconnecting server 0 in 2 seconds...","timestamp":"2025-03-15 22:06:57"}
{"label":"comfy-down.ts","level":"info","message":"No pending prompts. Retrying in 5 seconds...","timestamp":"2025-03-15 22:06:58"}
{"label":"comfy-gen.ts","level":"info","message":"Shutting down gracefully...","timestamp":"2025-03-15 22:06:59"}
{"label":"comfy-down.ts","level":"info","message":"No pending prompts. Retrying in 5 seconds...","timestamp":"2025-03-15 22:07:07"}
{"label":"comfy-down.ts","level":"info","message":"No pending prompts. Retrying in 5 seconds...","timestamp":"2025-03-15 22:07:15"}
{"label":"comfy-down.ts","level":"info","message":"No pending prompts. Retrying in 5 seconds...","timestamp":"2025-03-15 22:07:23"}
{"label":"comfy-down.ts","level":"info","message":"No pending prompts. Retrying in 5 seconds...","timestamp":"2025-03-15 22:07:31"}
{"label":"comfy-down.ts","level":"info","message":"No pending prompts. Retrying in 5 seconds...","timestamp":"2025-03-15 22:07:39"}
{"label":"comfy-down.ts","level":"info","message":"No pending prompts. Retrying in 5 seconds...","timestamp":"2025-03-15 22:07:47"}
{"label":"comfy-down.ts","level":"info","message":"No pending prompts. Retrying in 5 seconds...","timestamp":"2025-03-15 22:07:55"}
{"label":"comfy-gen.ts","level":"info","message":"WebSocket closed from server no vary-encountered-benz-intensive.trycloudflare.com when event is error","timestamp":"2025-03-15 22:07:56"}
{"label":"comfy-gen.ts","level":"info","message":"Reconnecting server 0 in 1 seconds...","timestamp":"2025-03-15 22:07:56"}
{"label":"comfy-gen.ts","level":"info","message":"WebSocket closed from server no vary-encountered-benz-intensive.trycloudflare.com when event is 1006","timestamp":"2025-03-15 22:07:56"}
{"label":"comfy-gen.ts","level":"info","message":"Reconnecting server 0 in 2 seconds...","timestamp":"2025-03-15 22:07:56"}
{"label":"comfy-gen.ts","level":"info","message":"Shutting down gracefully...","timestamp":"2025-03-15 22:07:58"}
{"label":"comfy-down.ts","level":"info","message":"No pending prompts. Retrying in 5 seconds...","timestamp":"2025-03-15 22:08:03"}
{"label":"comfy-down.ts","level":"info","message":"No pending prompts. Retrying in 5 seconds...","timestamp":"2025-03-15 22:08:11"}
{"label":"comfy-down.ts","level":"info","message":"No pending prompts. Retrying in 5 seconds...","timestamp":"2025-03-15 22:08:19"}
{"label":"comfy-down.ts","level":"info","message":"No pending prompts. Retrying in 5 seconds...","timestamp":"2025-03-15 22:08:27"}
{"label":"comfy-down.ts","level":"info","message":"No pending prompts. Retrying in 5 seconds...","timestamp":"2025-03-15 22:08:35"}
{"label":"comfy-down.ts","level":"info","message":"No pending prompts. Retrying in 5 seconds...","timestamp":"2025-03-15 22:08:43"}
{"label":"comfy-down.ts","level":"info","message":"No pending prompts. Retrying in 5 seconds...","timestamp":"2025-03-15 22:08:51"}
{"label":"comfy-down.ts","level":"info","message":"No pending prompts. Retrying in 5 seconds...","timestamp":"2025-03-15 22:08:59"}
{"label":"comfy-down.ts","level":"info","message":"No pending prompts. Retrying in 5 seconds...","timestamp":"2025-03-15 22:09:07"}
{"label":"comfy-down.ts","level":"info","message":"No pending prompts. Retrying in 5 seconds...","timestamp":"2025-03-15 22:09:15"}
{"label":"comfy-down.ts","level":"info","message":"No pending prompts. Retrying in 5 seconds...","timestamp":"2025-03-15 22:09:23"}
{"label":"comfy-down.ts","level":"info","message":"No pending prompts. Retrying in 5 seconds...","timestamp":"2025-03-15 22:09:31"}
{"label":"comfy-down.ts","level":"info","message":"No pending prompts. Retrying in 5 seconds...","timestamp":"2025-03-15 22:09:44"}
{"label":"comfy-down.ts","level":"info","message":"No pending prompts. Retrying in 5 seconds...","timestamp":"2025-03-15 22:09:52"}
{"label":"comfy-down.ts","level":"info","message":"No pending prompts. Retrying in 5 seconds...","timestamp":"2025-03-15 22:10:00"}
{"label":"comfy-down.ts","level":"info","message":"No pending prompts. Retrying in 5 seconds...","timestamp":"2025-03-15 22:10:08"}
{"label":"comfy-down.ts","level":"info","message":"No pending prompts. Retrying in 5 seconds...","timestamp":"2025-03-15 22:10:16"}
{"label":"comfy-down.ts","level":"info","message":"No pending prompts. Retrying in 5 seconds...","timestamp":"2025-03-15 22:10:24"}
{"label":"comfy-down.ts","level":"info","message":"No pending prompts. Retrying in 5 seconds...","timestamp":"2025-03-15 22:10:32"}
{"label":"comfy-down.ts","level":"info","message":"No pending prompts. Retrying in 5 seconds...","timestamp":"2025-03-15 22:10:40"}
{"label":"comfy-down.ts","level":"info","message":"No pending prompts. Retrying in 5 seconds...","timestamp":"2025-03-15 22:10:48"}
{"label":"comfy-down.ts","level":"info","message":"No pending prompts. Retrying in 5 seconds...","timestamp":"2025-03-15 22:10:56"}
{"label":"comfy-down.ts","level":"info","message":"No pending prompts. Retrying in 5 seconds...","timestamp":"2025-03-15 22:11:04"}
{"label":"comfy-down.ts","level":"info","message":"No pending prompts. Retrying in 5 seconds...","timestamp":"2025-03-15 22:11:13"}
{"label":"comfy-down.ts","level":"info","message":"No pending prompts. Retrying in 5 seconds...","timestamp":"2025-03-15 22:11:21"}
{"label":"comfy-down.ts","level":"info","message":"No pending prompts. Retrying in 5 seconds...","timestamp":"2025-03-15 22:11:29"}
{"label":"comfy-gen.ts","level":"info","message":"WebSocket closed from server no vary-encountered-benz-intensive.trycloudflare.com when event is error","timestamp":"2025-03-15 22:11:31"}
{"label":"comfy-gen.ts","level":"info","message":"Reconnecting server 0 in 1 seconds...","timestamp":"2025-03-15 22:11:31"}
{"label":"comfy-gen.ts","level":"info","message":"WebSocket closed from server no vary-encountered-benz-intensive.trycloudflare.com when event is 1006","timestamp":"2025-03-15 22:11:31"}
{"label":"comfy-gen.ts","level":"info","message":"Reconnecting server 0 in 2 seconds...","timestamp":"2025-03-15 22:11:31"}
{"label":"comfy-gen.ts","level":"info","message":"Shutting down gracefully...","timestamp":"2025-03-15 22:11:33"}
{"label":"comfy-down.ts","level":"info","message":"No pending prompts. Retrying in 5 seconds...","timestamp":"2025-03-15 22:11:37"}
{"label":"comfy-gen.ts","level":"info","message":"WebSocket closed from server no vary-encountered-benz-intensive.trycloudflare.com when event is error","timestamp":"2025-03-15 22:11:43"}
{"label":"comfy-gen.ts","level":"info","message":"Reconnecting server 0 in 1 seconds...","timestamp":"2025-03-15 22:11:43"}
{"label":"comfy-gen.ts","level":"info","message":"WebSocket closed from server no vary-encountered-benz-intensive.trycloudflare.com when event is 1006","timestamp":"2025-03-15 22:11:43"}
{"label":"comfy-gen.ts","level":"info","message":"Reconnecting server 0 in 2 seconds...","timestamp":"2025-03-15 22:11:43"}
{"label":"comfy-gen.ts","level":"info","message":"Shutting down gracefully...","timestamp":"2025-03-15 22:11:45"}
{"label":"comfy-down.ts","level":"info","message":"No pending prompts. Retrying in 5 seconds...","timestamp":"2025-03-15 22:11:45"}
{"label":"comfy-down.ts","level":"info","message":"No pending prompts. Retrying in 5 seconds...","timestamp":"2025-03-15 22:11:53"}
{"label":"comfy-down.ts","level":"info","message":"No pending prompts. Retrying in 5 seconds...","timestamp":"2025-03-15 22:12:01"}
{"label":"comfy-down.ts","level":"info","message":"No pending prompts. Retrying in 5 seconds...","timestamp":"2025-03-15 22:12:09"}
{"label":"comfy-down.ts","level":"info","message":"No pending prompts. Retrying in 5 seconds...","timestamp":"2025-03-15 22:12:17"}
{"label":"comfy-down.ts","level":"info","message":"No pending prompts. Retrying in 5 seconds...","timestamp":"2025-03-15 22:12:25"}
{"label":"comfy-down.ts","level":"info","message":"No pending prompts. Retrying in 5 seconds...","timestamp":"2025-03-15 22:12:33"}
{"label":"comfy-down.ts","level":"info","message":"No pending prompts. Retrying in 5 seconds...","timestamp":"2025-03-15 22:12:41"}
{"label":"comfy-down.ts","level":"info","message":"No pending prompts. Retrying in 5 seconds...","timestamp":"2025-03-15 22:12:49"}
{"label":"comfy-down.ts","level":"info","message":"No pending prompts. Retrying in 5 seconds...","timestamp":"2025-03-15 22:12:57"}
{"label":"comfy-down.ts","level":"info","message":"No pending prompts. Retrying in 5 seconds...","timestamp":"2025-03-15 22:13:05"}
{"label":"comfy-down.ts","level":"info","message":"No pending prompts. Retrying in 5 seconds...","timestamp":"2025-03-15 22:13:13"}
{"label":"comfy-down.ts","level":"info","message":"No pending prompts. Retrying in 5 seconds...","timestamp":"2025-03-15 22:13:21"}
{"label":"comfy-down.ts","level":"info","message":"No pending prompts. Retrying in 5 seconds...","timestamp":"2025-03-15 22:13:29"}
{"label":"comfy-down.ts","level":"info","message":"No pending prompts. Retrying in 5 seconds...","timestamp":"2025-03-15 22:13:37"}
{"label":"comfy-down.ts","level":"info","message":"No pending prompts. Retrying in 5 seconds...","timestamp":"2025-03-15 22:13:45"}
{"label":"comfy-down.ts","level":"info","message":"No pending prompts. Retrying in 5 seconds...","timestamp":"2025-03-15 22:13:53"}
{"label":"comfy-gen.ts","level":"info","message":"WebSocket closed from server no vary-encountered-benz-intensive.trycloudflare.com when event is error","timestamp":"2025-03-15 22:13:59"}
{"label":"comfy-gen.ts","level":"info","message":"Reconnecting server 0 in 1 seconds...","timestamp":"2025-03-15 22:13:59"}
{"label":"comfy-gen.ts","level":"info","message":"WebSocket closed from server no vary-encountered-benz-intensive.trycloudflare.com when event is 1006","timestamp":"2025-03-15 22:13:59"}
{"label":"comfy-gen.ts","level":"info","message":"Reconnecting server 0 in 2 seconds...","timestamp":"2025-03-15 22:13:59"}
{"label":"comfy-gen.ts","level":"info","message":"Shutting down gracefully...","timestamp":"2025-03-15 22:14:01"}
{"label":"comfy-down.ts","level":"info","message":"No pending prompts. Retrying in 5 seconds...","timestamp":"2025-03-15 22:14:01"}
{"label":"comfy-down.ts","level":"info","message":"No pending prompts. Retrying in 5 seconds...","timestamp":"2025-03-15 22:14:09"}
{"label":"comfy-down.ts","level":"info","message":"No pending prompts. Retrying in 5 seconds...","timestamp":"2025-03-15 22:14:17"}
{"label":"comfy-down.ts","level":"info","message":"No pending prompts. Retrying in 5 seconds...","timestamp":"2025-03-15 22:14:25"}
{"label":"comfy-down.ts","level":"info","message":"No pending prompts. Retrying in 5 seconds...","timestamp":"2025-03-15 22:14:33"}
{"label":"comfy-down.ts","level":"info","message":"No pending prompts. Retrying in 5 seconds...","timestamp":"2025-03-15 22:14:41"}
{"label":"comfy-down.ts","level":"info","message":"No pending prompts. Retrying in 5 seconds...","timestamp":"2025-03-15 22:14:49"}
{"label":"comfy-down.ts","level":"info","message":"No pending prompts. Retrying in 5 seconds...","timestamp":"2025-03-15 22:14:57"}
{"label":"comfy-down.ts","level":"info","message":"No pending prompts. Retrying in 5 seconds...","timestamp":"2025-03-15 22:15:05"}
{"label":"comfy-down.ts","level":"info","message":"No pending prompts. Retrying in 5 seconds...","timestamp":"2025-03-15 22:15:13"}
{"label":"comfy-gen.ts","level":"info","message":"WebSocket closed from server no vary-encountered-benz-intensive.trycloudflare.com when event is error","timestamp":"2025-03-15 22:15:14"}
{"label":"comfy-gen.ts","level":"info","message":"Reconnecting server 0 in 1 seconds...","timestamp":"2025-03-15 22:15:14"}
{"label":"comfy-gen.ts","level":"info","message":"WebSocket closed from server no vary-encountered-benz-intensive.trycloudflare.com when event is 1006","timestamp":"2025-03-15 22:15:14"}
{"label":"comfy-gen.ts","level":"info","message":"Reconnecting server 0 in 2 seconds...","timestamp":"2025-03-15 22:15:14"}
{"label":"comfy-gen.ts","level":"info","message":"Shutting down gracefully...","timestamp":"2025-03-15 22:15:16"}
{"label":"comfy-down.ts","level":"info","message":"No pending prompts. Retrying in 5 seconds...","timestamp":"2025-03-15 22:15:21"}
{"label":"comfy-down.ts","level":"info","message":"No pending prompts. Retrying in 5 seconds...","timestamp":"2025-03-15 22:15:29"}
{"label":"comfy-gen.ts","level":"info","message":"WebSocket closed from server no vary-encountered-benz-intensive.trycloudflare.com when event is error","timestamp":"2025-03-15 22:15:33"}
{"label":"comfy-gen.ts","level":"info","message":"Reconnecting server 0 in 1 seconds...","timestamp":"2025-03-15 22:15:33"}
{"label":"comfy-gen.ts","level":"info","message":"WebSocket closed from server no vary-encountered-benz-intensive.trycloudflare.com when event is 1006","timestamp":"2025-03-15 22:15:33"}
{"label":"comfy-gen.ts","level":"info","message":"Reconnecting server 0 in 2 seconds...","timestamp":"2025-03-15 22:15:33"}
{"label":"comfy-gen.ts","level":"info","message":"Shutting down gracefully...","timestamp":"2025-03-15 22:15:35"}
{"label":"comfy-down.ts","level":"info","message":"No pending prompts. Retrying in 5 seconds...","timestamp":"2025-03-15 22:15:37"}
{"label":"comfy-down.ts","level":"info","message":"No pending prompts. Retrying in 5 seconds...","timestamp":"2025-03-15 22:15:45"}
{"label":"comfy-down.ts","level":"info","message":"No pending prompts. Retrying in 5 seconds...","timestamp":"2025-03-15 22:15:53"}
{"label":"comfy-down.ts","level":"info","message":"No pending prompts. Retrying in 5 seconds...","timestamp":"2025-03-15 22:16:01"}
{"label":"comfy-down.ts","level":"info","message":"No pending prompts. Retrying in 5 seconds...","timestamp":"2025-03-15 22:16:09"}
{"label":"comfy-down.ts","level":"info","message":"No pending prompts. Retrying in 5 seconds...","timestamp":"2025-03-15 22:16:17"}
{"label":"comfy-down.ts","level":"info","message":"No pending prompts. Retrying in 5 seconds...","timestamp":"2025-03-15 22:16:25"}
{"label":"comfy-down.ts","level":"info","message":"No pending prompts. Retrying in 5 seconds...","timestamp":"2025-03-15 22:16:33"}
{"label":"comfy-down.ts","level":"info","message":"No pending prompts. Retrying in 5 seconds...","timestamp":"2025-03-15 22:16:41"}
{"label":"comfy-down.ts","level":"info","message":"No pending prompts. Retrying in 5 seconds...","timestamp":"2025-03-15 22:16:49"}
{"label":"comfy-down.ts","level":"info","message":"No pending prompts. Retrying in 5 seconds...","timestamp":"2025-03-15 22:16:57"}
{"label":"comfy-down.ts","level":"info","message":"No pending prompts. Retrying in 5 seconds...","timestamp":"2025-03-15 22:17:05"}
{"label":"comfy-down.ts","level":"info","message":"No pending prompts. Retrying in 5 seconds...","timestamp":"2025-03-15 22:17:13"}
{"label":"comfy-down.ts","level":"info","message":"No pending prompts. Retrying in 5 seconds...","timestamp":"2025-03-15 22:17:21"}
{"label":"comfy-down.ts","level":"info","message":"No pending prompts. Retrying in 5 seconds...","timestamp":"2025-03-15 22:17:29"}
{"label":"comfy-down.ts","level":"info","message":"No pending prompts. Retrying in 5 seconds...","timestamp":"2025-03-15 22:17:37"}
{"label":"comfy-down.ts","level":"info","message":"No pending prompts. Retrying in 5 seconds...","timestamp":"2025-03-15 22:17:45"}
{"label":"comfy-down.ts","level":"info","message":"No pending prompts. Retrying in 5 seconds...","timestamp":"2025-03-15 22:17:53"}
{"label":"comfy-down.ts","level":"info","message":"No pending prompts. Retrying in 5 seconds...","timestamp":"2025-03-15 22:18:01"}
{"label":"comfy-down.ts","level":"info","message":"No pending prompts. Retrying in 5 seconds...","timestamp":"2025-03-15 22:18:09"}
{"label":"comfy-down.ts","level":"info","message":"No pending prompts. Retrying in 5 seconds...","timestamp":"2025-03-15 22:18:17"}
{"label":"comfy-down.ts","level":"info","message":"No pending prompts. Retrying in 5 seconds...","timestamp":"2025-03-15 22:18:25"}
{"label":"comfy-down.ts","level":"info","message":"No pending prompts. Retrying in 5 seconds...","timestamp":"2025-03-15 22:18:33"}
{"label":"comfy-down.ts","level":"info","message":"No pending prompts. Retrying in 5 seconds...","timestamp":"2025-03-15 22:18:41"}
{"label":"comfy-down.ts","level":"info","message":"No pending prompts. Retrying in 5 seconds...","timestamp":"2025-03-15 22:18:49"}
{"label":"comfy-down.ts","level":"info","message":"No pending prompts. Retrying in 5 seconds...","timestamp":"2025-03-15 22:18:57"}
{"label":"comfy-down.ts","level":"info","message":"No pending prompts. Retrying in 5 seconds...","timestamp":"2025-03-15 22:19:05"}
{"label":"comfy-down.ts","level":"info","message":"No pending prompts. Retrying in 5 seconds...","timestamp":"2025-03-15 22:19:13"}
{"label":"comfy-down.ts","level":"info","message":"No pending prompts. Retrying in 5 seconds...","timestamp":"2025-03-15 22:19:21"}
{"label":"comfy-down.ts","level":"info","message":"No pending prompts. Retrying in 5 seconds...","timestamp":"2025-03-15 22:19:29"}
{"label":"comfy-down.ts","level":"info","message":"No pending prompts. Retrying in 5 seconds...","timestamp":"2025-03-15 22:19:37"}
{"label":"comfy-down.ts","level":"info","message":"No pending prompts. Retrying in 5 seconds...","timestamp":"2025-03-15 22:19:45"}
{"label":"comfy-down.ts","level":"info","message":"No pending prompts. Retrying in 5 seconds...","timestamp":"2025-03-15 22:19:53"}
{"label":"comfy-down.ts","level":"info","message":"No pending prompts. Retrying in 5 seconds...","timestamp":"2025-03-15 22:20:01"}
{"label":"comfy-down.ts","level":"info","message":"No pending prompts. Retrying in 5 seconds...","timestamp":"2025-03-15 22:20:09"}
{"label":"comfy-down.ts","level":"info","message":"No pending prompts. Retrying in 5 seconds...","timestamp":"2025-03-15 22:20:17"}
{"label":"comfy-down.ts","level":"info","message":"No pending prompts. Retrying in 5 seconds...","timestamp":"2025-03-15 22:20:25"}
{"label":"comfy-down.ts","level":"info","message":"No pending prompts. Retrying in 5 seconds...","timestamp":"2025-03-15 22:20:36"}
{"label":"comfy-down.ts","level":"info","message":"No pending prompts. Retrying in 5 seconds...","timestamp":"2025-03-15 22:20:44"}
{"label":"comfy-down.ts","level":"info","message":"No pending prompts. Retrying in 5 seconds...","timestamp":"2025-03-15 22:20:52"}
{"label":"comfy-down.ts","level":"info","message":"No pending prompts. Retrying in 5 seconds...","timestamp":"2025-03-15 22:21:00"}
{"label":"comfy-down.ts","level":"info","message":"No pending prompts. Retrying in 5 seconds...","timestamp":"2025-03-15 22:21:08"}
{"label":"comfy-down.ts","level":"info","message":"No pending prompts. Retrying in 5 seconds...","timestamp":"2025-03-15 22:21:16"}
{"label":"comfy-down.ts","level":"info","message":"No pending prompts. Retrying in 5 seconds...","timestamp":"2025-03-15 22:21:24"}
{"label":"comfy-down.ts","level":"info","message":"No pending prompts. Retrying in 5 seconds...","timestamp":"2025-03-15 22:21:32"}
{"label":"comfy-down.ts","level":"info","message":"No pending prompts. Retrying in 5 seconds...","timestamp":"2025-03-15 22:21:40"}
{"label":"comfy-down.ts","level":"info","message":"No pending prompts. Retrying in 5 seconds...","timestamp":"2025-03-15 22:21:48"}
{"label":"comfy-down.ts","level":"info","message":"No pending prompts. Retrying in 5 seconds...","timestamp":"2025-03-15 22:21:56"}
{"label":"comfy-down.ts","level":"info","message":"No pending prompts. Retrying in 5 seconds...","timestamp":"2025-03-15 22:22:04"}
{"label":"comfy-down.ts","level":"info","message":"No pending prompts. Retrying in 5 seconds...","timestamp":"2025-03-15 22:22:12"}
{"label":"comfy-down.ts","level":"info","message":"No pending prompts. Retrying in 5 seconds...","timestamp":"2025-03-15 22:22:20"}
{"label":"comfy-down.ts","level":"info","message":"No pending prompts. Retrying in 5 seconds...","timestamp":"2025-03-15 22:22:28"}
{"label":"comfy-down.ts","level":"info","message":"No pending prompts. Retrying in 5 seconds...","timestamp":"2025-03-15 22:22:36"}
{"label":"comfy-down.ts","level":"info","message":"No pending prompts. Retrying in 5 seconds...","timestamp":"2025-03-15 22:22:44"}
{"label":"comfy-down.ts","level":"info","message":"No pending prompts. Retrying in 5 seconds...","timestamp":"2025-03-15 22:22:52"}
{"label":"comfy-down.ts","level":"info","message":"No pending prompts. Retrying in 5 seconds...","timestamp":"2025-03-15 22:23:00"}
{"label":"comfy-down.ts","level":"info","message":"No pending prompts. Retrying in 5 seconds...","timestamp":"2025-03-15 22:23:08"}
{"label":"comfy-down.ts","level":"info","message":"No pending prompts. Retrying in 5 seconds...","timestamp":"2025-03-15 22:23:16"}
{"label":"comfy-down.ts","level":"info","message":"No pending prompts. Retrying in 5 seconds...","timestamp":"2025-03-15 22:23:25"}
{"label":"comfy-down.ts","level":"info","message":"No pending prompts. Retrying in 5 seconds...","timestamp":"2025-03-15 22:23:33"}
{"label":"comfy-down.ts","level":"info","message":"No pending prompts. Retrying in 5 seconds...","timestamp":"2025-03-15 22:23:41"}
{"label":"comfy-down.ts","level":"info","message":"No pending prompts. Retrying in 5 seconds...","timestamp":"2025-03-15 22:23:49"}
{"label":"comfy-down.ts","level":"info","message":"No pending prompts. Retrying in 5 seconds...","timestamp":"2025-03-15 22:23:57"}
{"label":"comfy-down.ts","level":"info","message":"No pending prompts. Retrying in 5 seconds...","timestamp":"2025-03-15 22:24:05"}
{"label":"comfy-down.ts","level":"info","message":"No pending prompts. Retrying in 5 seconds...","timestamp":"2025-03-15 22:24:13"}
{"label":"comfy-down.ts","level":"info","message":"No pending prompts. Retrying in 5 seconds...","timestamp":"2025-03-15 22:24:21"}
{"label":"comfy-down.ts","level":"info","message":"No pending prompts. Retrying in 5 seconds...","timestamp":"2025-03-15 22:24:29"}
{"label":"comfy-down.ts","level":"info","message":"No pending prompts. Retrying in 5 seconds...","timestamp":"2025-03-15 22:24:37"}
{"label":"comfy-down.ts","level":"info","message":"No pending prompts. Retrying in 5 seconds...","timestamp":"2025-03-15 22:24:45"}
{"label":"comfy-down.ts","level":"info","message":"No pending prompts. Retrying in 5 seconds...","timestamp":"2025-03-15 22:24:53"}
{"label":"comfy-down.ts","level":"info","message":"No pending prompts. Retrying in 5 seconds...","timestamp":"2025-03-15 22:25:01"}
{"label":"comfy-down.ts","level":"info","message":"No pending prompts. Retrying in 5 seconds...","timestamp":"2025-03-15 22:25:09"}
{"label":"comfy-down.ts","level":"info","message":"No pending prompts. Retrying in 5 seconds...","timestamp":"2025-03-15 22:25:17"}
{"label":"comfy-down.ts","level":"info","message":"No pending prompts. Retrying in 5 seconds...","timestamp":"2025-03-15 22:25:25"}
{"label":"comfy-down.ts","level":"info","message":"No pending prompts. Retrying in 5 seconds...","timestamp":"2025-03-15 22:25:33"}
{"label":"comfy-down.ts","level":"info","message":"No pending prompts. Retrying in 5 seconds...","timestamp":"2025-03-15 22:25:41"}
{"label":"comfy-down.ts","level":"info","message":"No pending prompts. Retrying in 5 seconds...","timestamp":"2025-03-15 22:25:49"}
{"label":"comfy-down.ts","level":"error","message":"Unexpected error in starts(): [object Object]","timestamp":"2025-03-15 22:25:59"}
{"label":"comfy-down.ts","level":"error","message":"Unexpected error in starts(): [object Object]","timestamp":"2025-03-15 22:26:04"}
{"label":"comfy-down.ts","level":"error","message":"Unexpected error in starts(): [object Object]","timestamp":"2025-03-15 22:26:09"}
{"label":"comfy-down.ts","level":"error","message":"Unexpected error in starts(): [object Object]","timestamp":"2025-03-15 22:26:14"}
{"label":"comfy-down.ts","level":"error","message":"Unexpected error in starts(): [object Object]","timestamp":"2025-03-15 22:26:19"}
{"label":"comfy-down.ts","level":"error","message":"Unexpected error in starts(): [object Object]","timestamp":"2025-03-15 22:26:24"}
{"label":"comfy-down.ts","level":"error","message":"Unexpected error in starts(): [object Object]","timestamp":"2025-03-15 23:38:43"}
{"label":"comfy-down.ts","level":"error","message":"Unexpected error in starts(): [object Object]","timestamp":"2025-03-15 23:38:55"}
{"label":"comfy-down.ts","level":"info","message":"No pending prompts. Retrying in 5 seconds...","timestamp":"2025-03-15 23:39:05"}
{"label":"comfy-down.ts","level":"info","message":"No pending prompts. Retrying in 5 seconds...","timestamp":"2025-03-15 23:39:14"}
{"label":"comfy-down.ts","level":"info","message":"No pending prompts. Retrying in 5 seconds...","timestamp":"2025-03-15 23:39:21"}
{"label":"comfy-down.ts","level":"info","message":"No pending prompts. Retrying in 5 seconds...","timestamp":"2025-03-15 23:39:29"}
{"label":"comfy-down.ts","level":"info","message":"No pending prompts. Retrying in 5 seconds...","timestamp":"2025-03-15 23:39:37"}
{"label":"comfy-down.ts","level":"info","message":"No pending prompts. Retrying in 5 seconds...","timestamp":"2025-03-15 23:39:45"}
{"label":"comfy-down.ts","level":"info","message":"No pending prompts. Retrying in 5 seconds...","timestamp":"2025-03-15 23:39:53"}
{"label":"comfy-down.ts","level":"info","message":"No pending prompts. Retrying in 5 seconds...","timestamp":"2025-03-15 23:40:01"}
{"label":"comfy-down.ts","level":"info","message":"No pending prompts. Retrying in 5 seconds...","timestamp":"2025-03-15 23:40:09"}
{"label":"comfy-down.ts","level":"info","message":"No pending prompts. Retrying in 5 seconds...","timestamp":"2025-03-15 23:40:17"}
{"label":"comfy-down.ts","level":"info","message":"No pending prompts. Retrying in 5 seconds...","timestamp":"2025-03-15 23:40:25"}
{"label":"comfy-down.ts","level":"info","message":"No pending prompts. Retrying in 5 seconds...","timestamp":"2025-03-15 23:40:33"}
{"label":"comfy-down.ts","level":"info","message":"No pending prompts. Retrying in 5 seconds...","timestamp":"2025-03-15 23:40:41"}
{"label":"comfy-down.ts","level":"info","message":"No pending prompts. Retrying in 5 seconds...","timestamp":"2025-03-15 23:40:49"}
{"label":"comfy-down.ts","level":"info","message":"No pending prompts. Retrying in 5 seconds...","timestamp":"2025-03-15 23:40:57"}
{"label":"comfy-down.ts","level":"info","message":"No pending prompts. Retrying in 5 seconds...","timestamp":"2025-03-15 23:41:05"}
{"label":"comfy-down.ts","level":"info","message":"No pending prompts. Retrying in 5 seconds...","timestamp":"2025-03-15 23:41:14"}
{"label":"comfy-down.ts","level":"info","message":"No pending prompts. Retrying in 5 seconds...","timestamp":"2025-03-15 23:41:21"}
{"label":"comfy-down.ts","level":"info","message":"No pending prompts. Retrying in 5 seconds...","timestamp":"2025-03-15 23:41:29"}
{"label":"comfy-down.ts","level":"info","message":"No pending prompts. Retrying in 5 seconds...","timestamp":"2025-03-15 23:41:37"}
{"label":"comfy-down.ts","level":"info","message":"No pending prompts. Retrying in 5 seconds...","timestamp":"2025-03-15 23:41:45"}
{"label":"comfy-down.ts","level":"info","message":"No pending prompts. Retrying in 5 seconds...","timestamp":"2025-03-15 23:41:53"}
{"label":"comfy-down.ts","level":"info","message":"No pending prompts. Retrying in 5 seconds...","timestamp":"2025-03-15 23:42:01"}
{"label":"comfy-down.ts","level":"info","message":"No pending prompts. Retrying in 5 seconds...","timestamp":"2025-03-15 23:42:09"}
{"label":"comfy-down.ts","level":"info","message":"No pending prompts. Retrying in 5 seconds...","timestamp":"2025-03-15 23:42:17"}
{"label":"comfy-down.ts","level":"info","message":"No pending prompts. Retrying in 5 seconds...","timestamp":"2025-03-15 23:42:25"}
{"label":"comfy-down.ts","level":"info","message":"No pending prompts. Retrying in 5 seconds...","timestamp":"2025-03-15 23:42:33"}
{"label":"comfy-down.ts","level":"info","message":"No pending prompts. Retrying in 5 seconds...","timestamp":"2025-03-15 23:42:41"}
{"label":"comfy-down.ts","level":"info","message":"No pending prompts. Retrying in 5 seconds...","timestamp":"2025-03-15 23:42:49"}
{"label":"comfy-down.ts","level":"info","message":"No pending prompts. Retrying in 5 seconds...","timestamp":"2025-03-15 23:42:57"}
{"label":"comfy-down.ts","level":"info","message":"No pending prompts. Retrying in 5 seconds...","timestamp":"2025-03-15 23:43:05"}
{"label":"comfy-down.ts","level":"info","message":"No pending prompts. Retrying in 5 seconds...","timestamp":"2025-03-15 23:43:13"}
{"label":"comfy-down.ts","level":"info","message":"No pending prompts. Retrying in 5 seconds...","timestamp":"2025-03-15 23:43:21"}
{"label":"comfy-down.ts","level":"info","message":"No pending prompts. Retrying in 5 seconds...","timestamp":"2025-03-15 23:43:29"}
{"label":"comfy-down.ts","level":"info","message":"No pending prompts. Retrying in 5 seconds...","timestamp":"2025-03-15 23:43:37"}
{"label":"comfy-down.ts","level":"info","message":"No pending prompts. Retrying in 5 seconds...","timestamp":"2025-03-15 23:43:45"}
{"label":"comfy-down.ts","level":"info","message":"No pending prompts. Retrying in 5 seconds...","timestamp":"2025-03-15 23:43:53"}
{"label":"comfy-down.ts","level":"info","message":"No pending prompts. Retrying in 5 seconds...","timestamp":"2025-03-15 23:44:01"}
{"label":"comfy-down.ts","level":"info","message":"No pending prompts. Retrying in 5 seconds...","timestamp":"2025-03-15 23:44:09"}
{"label":"comfy-down.ts","level":"info","message":"No pending prompts. Retrying in 5 seconds...","timestamp":"2025-03-15 23:44:17"}
{"label":"comfy-down.ts","level":"info","message":"No pending prompts. Retrying in 5 seconds...","timestamp":"2025-03-15 23:44:25"}
{"label":"comfy-down.ts","level":"info","message":"No pending prompts. Retrying in 5 seconds...","timestamp":"2025-03-15 23:44:33"}
{"label":"comfy-down.ts","level":"info","message":"No pending prompts. Retrying in 5 seconds...","timestamp":"2025-03-15 23:44:41"}
{"label":"comfy-down.ts","level":"info","message":"No pending prompts. Retrying in 5 seconds...","timestamp":"2025-03-15 23:44:49"}
{"label":"comfy-down.ts","level":"info","message":"No pending prompts. Retrying in 5 seconds...","timestamp":"2025-03-15 23:44:57"}
{"label":"comfy-down.ts","level":"info","message":"No pending prompts. Retrying in 5 seconds...","timestamp":"2025-03-15 23:45:05"}
{"label":"comfy-down.ts","level":"info","message":"No pending prompts. Retrying in 5 seconds...","timestamp":"2025-03-15 23:45:13"}
{"label":"comfy-down.ts","level":"info","message":"No pending prompts. Retrying in 5 seconds...","timestamp":"2025-03-15 23:45:21"}
{"label":"comfy-down.ts","level":"info","message":"No pending prompts. Retrying in 5 seconds...","timestamp":"2025-03-15 23:45:29"}
{"label":"comfy-down.ts","level":"info","message":"No pending prompts. Retrying in 5 seconds...","timestamp":"2025-03-15 23:45:37"}
{"label":"comfy-down.ts","level":"info","message":"No pending prompts. Retrying in 5 seconds...","timestamp":"2025-03-15 23:45:45"}
{"label":"comfy-down.ts","level":"info","message":"No pending prompts. Retrying in 5 seconds...","timestamp":"2025-03-15 23:45:53"}
{"label":"comfy-down.ts","level":"info","message":"No pending prompts. Retrying in 5 seconds...","timestamp":"2025-03-15 23:46:01"}
{"label":"comfy-down.ts","level":"info","message":"No pending prompts. Retrying in 5 seconds...","timestamp":"2025-03-15 23:46:09"}
{"label":"comfy-down.ts","level":"info","message":"No pending prompts. Retrying in 5 seconds...","timestamp":"2025-03-15 23:46:17"}
{"label":"comfy-down.ts","level":"info","message":"No pending prompts. Retrying in 5 seconds...","timestamp":"2025-03-15 23:46:25"}
{"label":"comfy-down.ts","level":"info","message":"No pending prompts. Retrying in 5 seconds...","timestamp":"2025-03-15 23:46:33"}
{"label":"comfy-down.ts","level":"info","message":"No pending prompts. Retrying in 5 seconds...","timestamp":"2025-03-15 23:46:41"}
{"label":"comfy-down.ts","level":"info","message":"No pending prompts. Retrying in 5 seconds...","timestamp":"2025-03-15 23:46:49"}
{"label":"comfy-down.ts","level":"info","message":"No pending prompts. Retrying in 5 seconds...","timestamp":"2025-03-15 23:46:57"}
{"label":"comfy-down.ts","level":"info","message":"No pending prompts. Retrying in 5 seconds...","timestamp":"2025-03-15 23:47:05"}
{"label":"comfy-down.ts","level":"info","message":"No pending prompts. Retrying in 5 seconds...","timestamp":"2025-03-15 23:47:13"}
{"label":"comfy-down.ts","level":"info","message":"No pending prompts. Retrying in 5 seconds...","timestamp":"2025-03-15 23:47:21"}
{"label":"comfy-down.ts","level":"info","message":"No pending prompts. Retrying in 5 seconds...","timestamp":"2025-03-15 23:47:29"}
{"label":"comfy-down.ts","level":"info","message":"No pending prompts. Retrying in 5 seconds...","timestamp":"2025-03-15 23:47:37"}
{"label":"comfy-down.ts","level":"info","message":"No pending prompts. Retrying in 5 seconds...","timestamp":"2025-03-15 23:47:45"}
{"label":"comfy-down.ts","level":"info","message":"No pending prompts. Retrying in 5 seconds...","timestamp":"2025-03-15 23:47:53"}
{"label":"comfy-down.ts","level":"info","message":"No pending prompts. Retrying in 5 seconds...","timestamp":"2025-03-15 23:48:01"}
{"label":"comfy-down.ts","level":"info","message":"No pending prompts. Retrying in 5 seconds...","timestamp":"2025-03-15 23:48:09"}
{"label":"comfy-down.ts","level":"info","message":"No pending prompts. Retrying in 5 seconds...","timestamp":"2025-03-15 23:48:17"}
{"label":"comfy-down.ts","level":"info","message":"No pending prompts. Retrying in 5 seconds...","timestamp":"2025-03-15 23:48:25"}
{"label":"comfy-down.ts","level":"info","message":"No pending prompts. Retrying in 5 seconds...","timestamp":"2025-03-15 23:48:33"}
{"label":"comfy-down.ts","level":"info","message":"No pending prompts. Retrying in 5 seconds...","timestamp":"2025-03-15 23:48:41"}
{"label":"comfy-down.ts","level":"info","message":"No pending prompts. Retrying in 5 seconds...","timestamp":"2025-03-15 23:48:49"}
{"label":"comfy-down.ts","level":"info","message":"No pending prompts. Retrying in 5 seconds...","timestamp":"2025-03-15 23:48:58"}
{"label":"comfy-down.ts","level":"info","message":"No pending prompts. Retrying in 5 seconds...","timestamp":"2025-03-15 23:49:06"}
{"label":"comfy-down.ts","level":"info","message":"No pending prompts. Retrying in 5 seconds...","timestamp":"2025-03-15 23:49:14"}
{"label":"comfy-down.ts","level":"info","message":"No pending prompts. Retrying in 5 seconds...","timestamp":"2025-03-15 23:49:22"}
{"label":"comfy-down.ts","level":"info","message":"No pending prompts. Retrying in 5 seconds...","timestamp":"2025-03-15 23:49:30"}
{"label":"comfy-down.ts","level":"info","message":"No pending prompts. Retrying in 5 seconds...","timestamp":"2025-03-15 23:49:38"}
{"label":"comfy-down.ts","level":"info","message":"No pending prompts. Retrying in 5 seconds...","timestamp":"2025-03-15 23:49:46"}
{"label":"comfy-down.ts","level":"info","message":"No pending prompts. Retrying in 5 seconds...","timestamp":"2025-03-15 23:49:54"}
{"label":"comfy-down.ts","level":"info","message":"No pending prompts. Retrying in 5 seconds...","timestamp":"2025-03-15 23:50:02"}
{"label":"comfy-down.ts","level":"info","message":"No pending prompts. Retrying in 5 seconds...","timestamp":"2025-03-15 23:50:10"}
{"label":"comfy-down.ts","level":"info","message":"No pending prompts. Retrying in 5 seconds...","timestamp":"2025-03-15 23:50:18"}
{"label":"comfy-down.ts","level":"info","message":"No pending prompts. Retrying in 5 seconds...","timestamp":"2025-03-15 23:50:26"}
{"label":"comfy-down.ts","level":"info","message":"No pending prompts. Retrying in 5 seconds...","timestamp":"2025-03-15 23:50:34"}
{"label":"comfy-down.ts","level":"info","message":"No pending prompts. Retrying in 5 seconds...","timestamp":"2025-03-15 23:50:42"}
{"label":"comfy-down.ts","level":"info","message":"No pending prompts. Retrying in 5 seconds...","timestamp":"2025-03-15 23:50:50"}
{"label":"comfy-down.ts","level":"info","message":"No pending prompts. Retrying in 5 seconds...","timestamp":"2025-03-15 23:50:58"}
{"label":"comfy-down.ts","level":"info","message":"No pending prompts. Retrying in 5 seconds...","timestamp":"2025-03-15 23:51:06"}
{"label":"comfy-down.ts","level":"info","message":"No pending prompts. Retrying in 5 seconds...","timestamp":"2025-03-15 23:51:15"}
{"label":"comfy-down.ts","level":"info","message":"No pending prompts. Retrying in 5 seconds...","timestamp":"2025-03-15 23:51:23"}
{"label":"comfy-down.ts","level":"info","message":"No pending prompts. Retrying in 5 seconds...","timestamp":"2025-03-15 23:51:31"}
{"label":"comfy-down.ts","level":"info","message":"No pending prompts. Retrying in 5 seconds...","timestamp":"2025-03-15 23:51:39"}
{"label":"comfy-down.ts","level":"info","message":"No pending prompts. Retrying in 5 seconds...","timestamp":"2025-03-15 23:51:47"}
{"label":"comfy-down.ts","level":"info","message":"No pending prompts. Retrying in 5 seconds...","timestamp":"2025-03-15 23:51:55"}
{"label":"comfy-down.ts","level":"info","message":"No pending prompts. Retrying in 5 seconds...","timestamp":"2025-03-15 23:52:03"}
{"label":"comfy-down.ts","level":"info","message":"No pending prompts. Retrying in 5 seconds...","timestamp":"2025-03-15 23:52:11"}
{"label":"comfy-down.ts","level":"info","message":"No pending prompts. Retrying in 5 seconds...","timestamp":"2025-03-15 23:52:19"}
{"label":"comfy-down.ts","level":"info","message":"No pending prompts. Retrying in 5 seconds...","timestamp":"2025-03-15 23:52:27"}
{"label":"comfy-down.ts","level":"info","message":"No pending prompts. Retrying in 5 seconds...","timestamp":"2025-03-15 23:52:35"}
{"label":"comfy-down.ts","level":"info","message":"No pending prompts. Retrying in 5 seconds...","timestamp":"2025-03-15 23:52:43"}
{"label":"comfy-down.ts","level":"info","message":"No pending prompts. Retrying in 5 seconds...","timestamp":"2025-03-15 23:52:51"}
{"label":"comfy-down.ts","level":"info","message":"No pending prompts. Retrying in 5 seconds...","timestamp":"2025-03-15 23:52:59"}
{"label":"comfy-down.ts","level":"info","message":"No pending prompts. Retrying in 5 seconds...","timestamp":"2025-03-15 23:53:08"}
{"label":"comfy-down.ts","level":"info","message":"No pending prompts. Retrying in 5 seconds...","timestamp":"2025-03-15 23:53:15"}
{"label":"comfy-down.ts","level":"info","message":"No pending prompts. Retrying in 5 seconds...","timestamp":"2025-03-15 23:53:23"}
{"label":"comfy-down.ts","level":"info","message":"No pending prompts. Retrying in 5 seconds...","timestamp":"2025-03-15 23:53:31"}
{"label":"comfy-down.ts","level":"info","message":"No pending prompts. Retrying in 5 seconds...","timestamp":"2025-03-15 23:53:39"}
{"label":"comfy-down.ts","level":"info","message":"No pending prompts. Retrying in 5 seconds...","timestamp":"2025-03-15 23:53:47"}
{"label":"comfy-down.ts","level":"info","message":"No pending prompts. Retrying in 5 seconds...","timestamp":"2025-03-15 23:53:55"}
{"label":"comfy-down.ts","level":"info","message":"No pending prompts. Retrying in 5 seconds...","timestamp":"2025-03-15 23:54:03"}
{"label":"comfy-down.ts","level":"info","message":"No pending prompts. Retrying in 5 seconds...","timestamp":"2025-03-15 23:54:12"}
{"label":"comfy-down.ts","level":"info","message":"No pending prompts. Retrying in 5 seconds...","timestamp":"2025-03-15 23:54:19"}
{"label":"comfy-down.ts","level":"info","message":"No pending prompts. Retrying in 5 seconds...","timestamp":"2025-03-15 23:54:27"}
{"label":"comfy-down.ts","level":"info","message":"No pending prompts. Retrying in 5 seconds...","timestamp":"2025-03-15 23:54:35"}
{"label":"comfy-down.ts","level":"info","message":"No pending prompts. Retrying in 5 seconds...","timestamp":"2025-03-15 23:54:43"}
{"label":"comfy-down.ts","level":"info","message":"No pending prompts. Retrying in 5 seconds...","timestamp":"2025-03-15 23:54:51"}
{"label":"comfy-down.ts","level":"info","message":"No pending prompts. Retrying in 5 seconds...","timestamp":"2025-03-15 23:54:59"}
{"label":"comfy-down.ts","level":"info","message":"No pending prompts. Retrying in 5 seconds...","timestamp":"2025-03-15 23:55:08"}
{"label":"comfy-down.ts","level":"info","message":"No pending prompts. Retrying in 5 seconds...","timestamp":"2025-03-15 23:55:16"}
{"label":"comfy-down.ts","level":"info","message":"No pending prompts. Retrying in 5 seconds...","timestamp":"2025-03-15 23:55:24"}
{"label":"comfy-down.ts","level":"info","message":"No pending prompts. Retrying in 5 seconds...","timestamp":"2025-03-15 23:55:32"}
{"label":"comfy-down.ts","level":"info","message":"No pending prompts. Retrying in 5 seconds...","timestamp":"2025-03-15 23:55:40"}
{"label":"comfy-down.ts","level":"info","message":"No pending prompts. Retrying in 5 seconds...","timestamp":"2025-03-15 23:55:48"}
{"label":"comfy-down.ts","level":"info","message":"No pending prompts. Retrying in 5 seconds...","timestamp":"2025-03-15 23:55:56"}
{"label":"comfy-down.ts","level":"info","message":"No pending prompts. Retrying in 5 seconds...","timestamp":"2025-03-15 23:56:04"}
{"label":"comfy-down.ts","level":"info","message":"No pending prompts. Retrying in 5 seconds...","timestamp":"2025-03-15 23:56:12"}
{"label":"comfy-down.ts","level":"info","message":"No pending prompts. Retrying in 5 seconds...","timestamp":"2025-03-15 23:56:20"}
{"label":"comfy-down.ts","level":"info","message":"No pending prompts. Retrying in 5 seconds...","timestamp":"2025-03-15 23:56:28"}
{"label":"comfy-down.ts","level":"info","message":"No pending prompts. Retrying in 5 seconds...","timestamp":"2025-03-15 23:56:36"}
{"label":"comfy-down.ts","level":"info","message":"No pending prompts. Retrying in 5 seconds...","timestamp":"2025-03-15 23:56:44"}
{"label":"comfy-down.ts","level":"info","message":"No pending prompts. Retrying in 5 seconds...","timestamp":"2025-03-15 23:56:52"}
{"label":"comfy-down.ts","level":"info","message":"No pending prompts. Retrying in 5 seconds...","timestamp":"2025-03-15 23:57:00"}
{"label":"comfy-down.ts","level":"info","message":"No pending prompts. Retrying in 5 seconds...","timestamp":"2025-03-15 23:57:08"}
{"label":"comfy-down.ts","level":"info","message":"No pending prompts. Retrying in 5 seconds...","timestamp":"2025-03-15 23:57:16"}
{"label":"comfy-down.ts","level":"info","message":"No pending prompts. Retrying in 5 seconds...","timestamp":"2025-03-15 23:57:24"}
{"label":"comfy-down.ts","level":"info","message":"No pending prompts. Retrying in 5 seconds...","timestamp":"2025-03-15 23:57:32"}
{"label":"comfy-down.ts","level":"info","message":"No pending prompts. Retrying in 5 seconds...","timestamp":"2025-03-15 23:57:40"}
{"label":"comfy-down.ts","level":"info","message":"No pending prompts. Retrying in 5 seconds...","timestamp":"2025-03-15 23:57:48"}
{"label":"comfy-down.ts","level":"info","message":"No pending prompts. Retrying in 5 seconds...","timestamp":"2025-03-15 23:57:56"}
{"label":"comfy-down.ts","level":"info","message":"No pending prompts. Retrying in 5 seconds...","timestamp":"2025-03-15 23:58:04"}
{"label":"comfy-down.ts","level":"info","message":"No pending prompts. Retrying in 5 seconds...","timestamp":"2025-03-15 23:58:13"}
{"label":"comfy-down.ts","level":"info","message":"No pending prompts. Retrying in 5 seconds...","timestamp":"2025-03-15 23:58:20"}
{"label":"comfy-down.ts","level":"info","message":"No pending prompts. Retrying in 5 seconds...","timestamp":"2025-03-15 23:58:28"}
{"label":"comfy-down.ts","level":"info","message":"No pending prompts. Retrying in 5 seconds...","timestamp":"2025-03-15 23:58:36"}
{"label":"comfy-down.ts","level":"info","message":"No pending prompts. Retrying in 5 seconds...","timestamp":"2025-03-15 23:58:44"}
{"label":"comfy-down.ts","level":"info","message":"No pending prompts. Retrying in 5 seconds...","timestamp":"2025-03-15 23:58:52"}
{"label":"comfy-down.ts","level":"info","message":"No pending prompts. Retrying in 5 seconds...","timestamp":"2025-03-15 23:59:00"}
{"label":"comfy-down.ts","level":"info","message":"No pending prompts. Retrying in 5 seconds...","timestamp":"2025-03-15 23:59:08"}
{"label":"comfy-down.ts","level":"info","message":"No pending prompts. Retrying in 5 seconds...","timestamp":"2025-03-15 23:59:16"}
{"label":"comfy-down.ts","level":"info","message":"No pending prompts. Retrying in 5 seconds...","timestamp":"2025-03-15 23:59:24"}
{"label":"comfy-down.ts","level":"info","message":"No pending prompts. Retrying in 5 seconds...","timestamp":"2025-03-15 23:59:32"}
{"label":"comfy-down.ts","level":"info","message":"No pending prompts. Retrying in 5 seconds...","timestamp":"2025-03-15 23:59:40"}
{"label":"comfy-down.ts","level":"info","message":"No pending prompts. Retrying in 5 seconds...","timestamp":"2025-03-15 23:59:48"}
{"label":"comfy-down.ts","level":"info","message":"No pending prompts. Retrying in 5 seconds...","timestamp":"2025-03-15 23:59:56"}
