{"botIndex":0,"keyword":"Keoladeo Ghana National Park","label":"gen.ts","level":"info","message":"Bot 0 processing keyword \"Keoladeo Ghana National Park\" round 4/ 6","round":4,"timestamp":"2025-03-01 00:00:02"}
{"botIndex":0,"keyword":"Keoladeo Ghana National Park","label":"gen.ts","level":"info","message":"Bot 0 processing keyword \"Keoladeo Ghana National Park\" round 5/ 6","round":5,"timestamp":"2025-03-01 00:00:16"}
{"botIndex":0,"keyword":"Keoladeo Ghana National Park","label":"gen.ts","level":"info","message":"Bot 0 processing keyword \"Keoladeo Ghana National Park\" round 6/ 6","round":6,"timestamp":"2025-03-01 00:00:30"}
{"botIndex":0,"keyword":"Mukurthi National Park","label":"gen.ts","level":"info","message":"Bot 0 processing keyword \"Mukurthi National Park\" round 1/ 6","round":1,"timestamp":"2025-03-01 00:00:43"}
{"label":"gen.ts","level":"info","message":"รอบที่ 9 / 463","round":9,"timestamp":"2025-03-01 00:00:43","total":463}
{"label":"gen.ts","level":"info","message":"รอ  Bot ว่าง","timestamp":"2025-03-01 00:00:43"}
{"botIndex":0,"keyword":"Mukurthi National Park","label":"gen.ts","level":"info","message":"Bot 0 processing keyword \"Mukurthi National Park\" round 2/ 6","round":2,"timestamp":"2025-03-01 00:00:55"}
{"botIndex":0,"keyword":"Mukurthi National Park","label":"gen.ts","level":"info","message":"Bot 0 processing keyword \"Mukurthi National Park\" round 3/ 6","round":3,"timestamp":"2025-03-01 00:01:07"}
{"botIndex":0,"keyword":"Mukurthi National Park","label":"gen.ts","level":"info","message":"Bot 0 processing keyword \"Mukurthi National Park\" round 4/ 6","round":4,"timestamp":"2025-03-01 00:01:21"}
{"botIndex":0,"keyword":"Mukurthi National Park","label":"gen.ts","level":"info","message":"Bot 0 processing keyword \"Mukurthi National Park\" round 5/ 6","round":5,"timestamp":"2025-03-01 00:01:33"}
{"botIndex":0,"keyword":"Mukurthi National Park","label":"gen.ts","level":"info","message":"Bot 0 processing keyword \"Mukurthi National Park\" round 6/ 6","round":6,"timestamp":"2025-03-01 00:01:46"}
{"botIndex":0,"keyword":"Namdapha National Park","label":"gen.ts","level":"info","message":"Bot 0 processing keyword \"Namdapha National Park\" round 1/ 6","round":1,"timestamp":"2025-03-01 00:02:07"}
{"label":"gen.ts","level":"info","message":"รอบที่ 10 / 463","round":10,"timestamp":"2025-03-01 00:02:07","total":463}
{"label":"gen.ts","level":"info","message":"รอ  Bot ว่าง","timestamp":"2025-03-01 00:02:07"}
{"botIndex":0,"keyword":"Namdapha National Park","label":"gen.ts","level":"info","message":"Bot 0 processing keyword \"Namdapha National Park\" round 2/ 6","round":2,"timestamp":"2025-03-01 00:02:22"}
{"botIndex":0,"keyword":"Namdapha National Park","label":"gen.ts","level":"info","message":"Bot 0 processing keyword \"Namdapha National Park\" round 3/ 6","round":3,"timestamp":"2025-03-01 00:02:36"}
{"botIndex":0,"keyword":"Namdapha National Park","label":"gen.ts","level":"info","message":"Bot 0 processing keyword \"Namdapha National Park\" round 4/ 6","round":4,"timestamp":"2025-03-01 00:02:51"}
{"botIndex":0,"keyword":"Namdapha National Park","label":"gen.ts","level":"info","message":"Bot 0 processing keyword \"Namdapha National Park\" round 5/ 6","round":5,"timestamp":"2025-03-01 00:03:05"}
{"botIndex":0,"keyword":"Namdapha National Park","label":"gen.ts","level":"info","message":"Bot 0 processing keyword \"Namdapha National Park\" round 6/ 6","round":6,"timestamp":"2025-03-01 00:03:18"}
{"botIndex":0,"keyword":"Buxa National Park","label":"gen.ts","level":"info","message":"Bot 0 processing keyword \"Buxa National Park\" round 1/ 6","round":1,"timestamp":"2025-03-01 00:03:35"}
{"label":"gen.ts","level":"info","message":"รอบที่ 11 / 463","round":11,"timestamp":"2025-03-01 00:03:35","total":463}
{"label":"gen.ts","level":"info","message":"รอ  Bot ว่าง","timestamp":"2025-03-01 00:03:35"}
{"botIndex":0,"keyword":"Buxa National Park","label":"gen.ts","level":"info","message":"Bot 0 processing keyword \"Buxa National Park\" round 2/ 6","round":2,"timestamp":"2025-03-01 00:03:51"}
{"botIndex":0,"keyword":"Buxa National Park","label":"gen.ts","level":"info","message":"Bot 0 processing keyword \"Buxa National Park\" round 3/ 6","round":3,"timestamp":"2025-03-01 00:04:05"}
{"botIndex":0,"keyword":"Buxa National Park","label":"gen.ts","level":"info","message":"Bot 0 processing keyword \"Buxa National Park\" round 4/ 6","round":4,"timestamp":"2025-03-01 00:04:21"}
{"botIndex":0,"keyword":"Buxa National Park","label":"gen.ts","level":"info","message":"Bot 0 processing keyword \"Buxa National Park\" round 5/ 6","round":5,"timestamp":"2025-03-01 00:04:36"}
{"botIndex":0,"keyword":"Buxa National Park","label":"gen.ts","level":"info","message":"Bot 0 processing keyword \"Buxa National Park\" round 6/ 6","round":6,"timestamp":"2025-03-01 00:04:54"}
{"botIndex":0,"keyword":"Gorumara National Park","label":"gen.ts","level":"info","message":"Bot 0 processing keyword \"Gorumara National Park\" round 1/ 6","round":1,"timestamp":"2025-03-01 00:05:06"}
{"label":"gen.ts","level":"info","message":"รอบที่ 12 / 463","round":12,"timestamp":"2025-03-01 00:05:06","total":463}
{"label":"gen.ts","level":"info","message":"รอ  Bot ว่าง","timestamp":"2025-03-01 00:05:06"}
{"botIndex":0,"keyword":"Gorumara National Park","label":"gen.ts","level":"info","message":"Bot 0 processing keyword \"Gorumara National Park\" round 2/ 6","round":2,"timestamp":"2025-03-01 00:05:24"}
{"botIndex":0,"keyword":"Gorumara National Park","label":"gen.ts","level":"info","message":"Bot 0 processing keyword \"Gorumara National Park\" round 3/ 6","round":3,"timestamp":"2025-03-01 00:05:33"}
{"botIndex":0,"keyword":"Gorumara National Park","label":"gen.ts","level":"info","message":"Bot 0 processing keyword \"Gorumara National Park\" round 4/ 6","round":4,"timestamp":"2025-03-01 00:05:45"}
{"botIndex":0,"keyword":"Gorumara National Park","label":"gen.ts","level":"info","message":"Bot 0 processing keyword \"Gorumara National Park\" round 5/ 6","round":5,"timestamp":"2025-03-01 00:06:00"}
{"botIndex":0,"keyword":"Gorumara National Park","label":"gen.ts","level":"info","message":"Bot 0 processing keyword \"Gorumara National Park\" round 6/ 6","round":6,"timestamp":"2025-03-01 00:06:16"}
{"botIndex":0,"keyword":"Khangchendzonga National Park","label":"gen.ts","level":"info","message":"Bot 0 processing keyword \"Khangchendzonga National Park\" round 1/ 6","round":1,"timestamp":"2025-03-01 00:06:31"}
{"label":"gen.ts","level":"info","message":"รอบที่ 13 / 463","round":13,"timestamp":"2025-03-01 00:06:31","total":463}
{"label":"gen.ts","level":"info","message":"รอ  Bot ว่าง","timestamp":"2025-03-01 00:06:31"}
{"botIndex":0,"keyword":"Khangchendzonga National Park","label":"gen.ts","level":"info","message":"Bot 0 processing keyword \"Khangchendzonga National Park\" round 2/ 6","round":2,"timestamp":"2025-03-01 00:06:46"}
{"botIndex":0,"keyword":"Khangchendzonga National Park","label":"gen.ts","level":"info","message":"Bot 0 processing keyword \"Khangchendzonga National Park\" round 3/ 6","round":3,"timestamp":"2025-03-01 00:07:00"}
{"botIndex":0,"keyword":"Khangchendzonga National Park","label":"gen.ts","level":"info","message":"Bot 0 processing keyword \"Khangchendzonga National Park\" round 4/ 6","round":4,"timestamp":"2025-03-01 00:07:14"}
{"botIndex":0,"keyword":"Khangchendzonga National Park","label":"gen.ts","level":"info","message":"Bot 0 processing keyword \"Khangchendzonga National Park\" round 5/ 6","round":5,"timestamp":"2025-03-01 00:07:25"}
{"botIndex":0,"keyword":"Khangchendzonga National Park","label":"gen.ts","level":"info","message":"Bot 0 processing keyword \"Khangchendzonga National Park\" round 6/ 6","round":6,"timestamp":"2025-03-01 00:07:40"}
{"botIndex":0,"keyword":"Saddle Peak National Park","label":"gen.ts","level":"info","message":"Bot 0 processing keyword \"Saddle Peak National Park\" round 1/ 6","round":1,"timestamp":"2025-03-01 00:07:53"}
{"label":"gen.ts","level":"info","message":"รอบที่ 14 / 463","round":14,"timestamp":"2025-03-01 00:07:53","total":463}
{"label":"gen.ts","level":"info","message":"รอ  Bot ว่าง","timestamp":"2025-03-01 00:07:53"}
{"botIndex":0,"keyword":"Saddle Peak National Park","label":"gen.ts","level":"info","message":"Bot 0 processing keyword \"Saddle Peak National Park\" round 2/ 6","round":2,"timestamp":"2025-03-01 00:08:05"}
{"botIndex":0,"keyword":"Saddle Peak National Park","label":"gen.ts","level":"info","message":"Bot 0 processing keyword \"Saddle Peak National Park\" round 3/ 6","round":3,"timestamp":"2025-03-01 00:08:19"}
{"botIndex":0,"keyword":"Saddle Peak National Park","label":"gen.ts","level":"info","message":"Bot 0 processing keyword \"Saddle Peak National Park\" round 4/ 6","round":4,"timestamp":"2025-03-01 00:08:33"}
{"botIndex":0,"keyword":"Saddle Peak National Park","label":"gen.ts","level":"info","message":"Bot 0 processing keyword \"Saddle Peak National Park\" round 5/ 6","round":5,"timestamp":"2025-03-01 00:08:48"}
{"botIndex":0,"keyword":"Saddle Peak National Park","label":"gen.ts","level":"info","message":"Bot 0 processing keyword \"Saddle Peak National Park\" round 6/ 6","round":6,"timestamp":"2025-03-01 00:09:02"}
{"botIndex":0,"keyword":"Campbell Bay National Park","label":"gen.ts","level":"info","message":"Bot 0 processing keyword \"Campbell Bay National Park\" round 1/ 6","round":1,"timestamp":"2025-03-01 00:09:15"}
{"label":"gen.ts","level":"info","message":"รอบที่ 15 / 463","round":15,"timestamp":"2025-03-01 00:09:15","total":463}
{"label":"gen.ts","level":"info","message":"รอ  Bot ว่าง","timestamp":"2025-03-01 00:09:15"}
{"botIndex":0,"keyword":"Campbell Bay National Park","label":"gen.ts","level":"info","message":"Bot 0 processing keyword \"Campbell Bay National Park\" round 2/ 6","round":2,"timestamp":"2025-03-01 00:09:29"}
{"botIndex":0,"keyword":"Campbell Bay National Park","label":"gen.ts","level":"info","message":"Bot 0 processing keyword \"Campbell Bay National Park\" round 3/ 6","round":3,"timestamp":"2025-03-01 00:09:43"}
{"botIndex":0,"keyword":"Campbell Bay National Park","label":"gen.ts","level":"info","message":"Bot 0 processing keyword \"Campbell Bay National Park\" round 4/ 6","round":4,"timestamp":"2025-03-01 00:09:59"}
{"botIndex":0,"keyword":"Campbell Bay National Park","label":"gen.ts","level":"info","message":"Bot 0 processing keyword \"Campbell Bay National Park\" round 5/ 6","round":5,"timestamp":"2025-03-01 00:10:14"}
{"botIndex":0,"keyword":"Campbell Bay National Park","label":"gen.ts","level":"info","message":"Bot 0 processing keyword \"Campbell Bay National Park\" round 6/ 6","round":6,"timestamp":"2025-03-01 00:10:29"}
{"botIndex":0,"keyword":"Galathea National Park","label":"gen.ts","level":"info","message":"Bot 0 processing keyword \"Galathea National Park\" round 1/ 6","round":1,"timestamp":"2025-03-01 00:10:45"}
{"label":"gen.ts","level":"info","message":"รอบที่ 16 / 463","round":16,"timestamp":"2025-03-01 00:10:45","total":463}
{"label":"gen.ts","level":"info","message":"รอ  Bot ว่าง","timestamp":"2025-03-01 00:10:45"}
{"botIndex":0,"keyword":"Galathea National Park","label":"gen.ts","level":"info","message":"Bot 0 processing keyword \"Galathea National Park\" round 2/ 6","round":2,"timestamp":"2025-03-01 00:10:58"}
{"botIndex":0,"keyword":"Galathea National Park","label":"gen.ts","level":"info","message":"Bot 0 processing keyword \"Galathea National Park\" round 3/ 6","round":3,"timestamp":"2025-03-01 00:11:12"}
{"botIndex":0,"keyword":"Galathea National Park","label":"gen.ts","level":"info","message":"Bot 0 processing keyword \"Galathea National Park\" round 4/ 6","round":4,"timestamp":"2025-03-01 00:11:25"}
{"botIndex":0,"keyword":"Galathea National Park","label":"gen.ts","level":"info","message":"Bot 0 processing keyword \"Galathea National Park\" round 5/ 6","round":5,"timestamp":"2025-03-01 00:11:37"}
{"botIndex":0,"keyword":"Galathea National Park","label":"gen.ts","level":"info","message":"Bot 0 processing keyword \"Galathea National Park\" round 6/ 6","round":6,"timestamp":"2025-03-01 00:11:51"}
{"botIndex":0,"keyword":"Keibul Lamjao National Park","label":"gen.ts","level":"info","message":"Bot 0 processing keyword \"Keibul Lamjao National Park\" round 1/ 6","round":1,"timestamp":"2025-03-01 00:12:03"}
{"label":"gen.ts","level":"info","message":"รอบที่ 17 / 463","round":17,"timestamp":"2025-03-01 00:12:03","total":463}
{"label":"gen.ts","level":"info","message":"รอ  Bot ว่าง","timestamp":"2025-03-01 00:12:03"}
{"botIndex":0,"keyword":"Keibul Lamjao National Park","label":"gen.ts","level":"info","message":"Bot 0 processing keyword \"Keibul Lamjao National Park\" round 2/ 6","round":2,"timestamp":"2025-03-01 00:12:19"}
{"botIndex":0,"keyword":"Keibul Lamjao National Park","label":"gen.ts","level":"info","message":"Bot 0 processing keyword \"Keibul Lamjao National Park\" round 3/ 6","round":3,"timestamp":"2025-03-01 00:12:32"}
{"botIndex":0,"keyword":"Keibul Lamjao National Park","label":"gen.ts","level":"info","message":"Bot 0 processing keyword \"Keibul Lamjao National Park\" round 4/ 6","round":4,"timestamp":"2025-03-01 00:12:48"}
{"botIndex":0,"keyword":"Keibul Lamjao National Park","label":"gen.ts","level":"info","message":"Bot 0 processing keyword \"Keibul Lamjao National Park\" round 5/ 6","round":5,"timestamp":"2025-03-01 00:13:01"}
{"botIndex":0,"keyword":"Keibul Lamjao National Park","label":"gen.ts","level":"info","message":"Bot 0 processing keyword \"Keibul Lamjao National Park\" round 6/ 6","round":6,"timestamp":"2025-03-01 00:13:15"}
{"botIndex":0,"keyword":"Betla National Park","label":"gen.ts","level":"info","message":"Bot 0 processing keyword \"Betla National Park\" round 1/ 6","round":1,"timestamp":"2025-03-01 00:13:29"}
{"label":"gen.ts","level":"info","message":"รอบที่ 18 / 463","round":18,"timestamp":"2025-03-01 00:13:29","total":463}
{"label":"gen.ts","level":"info","message":"รอ  Bot ว่าง","timestamp":"2025-03-01 00:13:29"}
{"botIndex":0,"keyword":"Betla National Park","label":"gen.ts","level":"info","message":"Bot 0 processing keyword \"Betla National Park\" round 2/ 6","round":2,"timestamp":"2025-03-01 00:13:47"}
{"botIndex":0,"keyword":"Betla National Park","label":"gen.ts","level":"info","message":"Bot 0 processing keyword \"Betla National Park\" round 3/ 6","round":3,"timestamp":"2025-03-01 00:14:00"}
{"botIndex":0,"keyword":"Betla National Park","label":"gen.ts","level":"info","message":"Bot 0 processing keyword \"Betla National Park\" round 4/ 6","round":4,"timestamp":"2025-03-01 00:14:15"}
{"botIndex":0,"keyword":"Betla National Park","label":"gen.ts","level":"info","message":"Bot 0 processing keyword \"Betla National Park\" round 5/ 6","round":5,"timestamp":"2025-03-01 00:14:26"}
{"botIndex":0,"keyword":"Betla National Park","label":"gen.ts","level":"info","message":"Bot 0 processing keyword \"Betla National Park\" round 6/ 6","round":6,"timestamp":"2025-03-01 00:14:40"}
{"botIndex":0,"keyword":"Fossil National Park","label":"gen.ts","level":"info","message":"Bot 0 processing keyword \"Fossil National Park\" round 1/ 6","round":1,"timestamp":"2025-03-01 00:14:56"}
{"label":"gen.ts","level":"info","message":"รอบที่ 19 / 463","round":19,"timestamp":"2025-03-01 00:14:56","total":463}
{"label":"gen.ts","level":"info","message":"รอ  Bot ว่าง","timestamp":"2025-03-01 00:14:56"}
{"botIndex":0,"keyword":"Fossil National Park","label":"gen.ts","level":"info","message":"Bot 0 processing keyword \"Fossil National Park\" round 2/ 6","round":2,"timestamp":"2025-03-01 00:15:08"}
{"botIndex":0,"keyword":"Fossil National Park","label":"gen.ts","level":"info","message":"Bot 0 processing keyword \"Fossil National Park\" round 3/ 6","round":3,"timestamp":"2025-03-01 00:15:24"}
{"botIndex":0,"keyword":"Fossil National Park","label":"gen.ts","level":"info","message":"Bot 0 processing keyword \"Fossil National Park\" round 4/ 6","round":4,"timestamp":"2025-03-01 00:15:38"}
{"botIndex":0,"keyword":"Fossil National Park","label":"gen.ts","level":"info","message":"Bot 0 processing keyword \"Fossil National Park\" round 5/ 6","round":5,"timestamp":"2025-03-01 00:15:52"}
{"botIndex":0,"keyword":"Fossil National Park","label":"gen.ts","level":"info","message":"Bot 0 processing keyword \"Fossil National Park\" round 6/ 6","round":6,"timestamp":"2025-03-01 00:16:06"}
{"botIndex":0,"keyword":"Neora Valley National Park","label":"gen.ts","level":"info","message":"Bot 0 processing keyword \"Neora Valley National Park\" round 1/ 6","round":1,"timestamp":"2025-03-01 00:16:20"}
{"label":"gen.ts","level":"info","message":"รอบที่ 20 / 463","round":20,"timestamp":"2025-03-01 00:16:20","total":463}
{"label":"gen.ts","level":"info","message":"รอ  Bot ว่าง","timestamp":"2025-03-01 00:16:20"}
{"botIndex":0,"keyword":"Neora Valley National Park","label":"gen.ts","level":"info","message":"Bot 0 processing keyword \"Neora Valley National Park\" round 2/ 6","round":2,"timestamp":"2025-03-01 00:16:35"}
{"botIndex":0,"keyword":"Neora Valley National Park","label":"gen.ts","level":"info","message":"Bot 0 processing keyword \"Neora Valley National Park\" round 3/ 6","round":3,"timestamp":"2025-03-01 00:16:50"}
{"botIndex":0,"keyword":"Neora Valley National Park","label":"gen.ts","level":"info","message":"Bot 0 processing keyword \"Neora Valley National Park\" round 4/ 6","round":4,"timestamp":"2025-03-01 00:17:07"}
{"botIndex":0,"keyword":"Neora Valley National Park","label":"gen.ts","level":"info","message":"Bot 0 processing keyword \"Neora Valley National Park\" round 5/ 6","round":5,"timestamp":"2025-03-01 00:17:21"}
{"botIndex":0,"keyword":"Neora Valley National Park","label":"gen.ts","level":"info","message":"Bot 0 processing keyword \"Neora Valley National Park\" round 6/ 6","round":6,"timestamp":"2025-03-01 00:17:34"}
{"botIndex":0,"keyword":"Kasu Brahmananda Reddy National Park","label":"gen.ts","level":"info","message":"Bot 0 processing keyword \"Kasu Brahmananda Reddy National Park\" round 1/ 6","round":1,"timestamp":"2025-03-01 00:17:50"}
{"label":"gen.ts","level":"info","message":"รอบที่ 21 / 463","round":21,"timestamp":"2025-03-01 00:17:50","total":463}
{"label":"gen.ts","level":"info","message":"รอ  Bot ว่าง","timestamp":"2025-03-01 00:17:50"}
{"botIndex":0,"keyword":"Kasu Brahmananda Reddy National Park","label":"gen.ts","level":"info","message":"Bot 0 processing keyword \"Kasu Brahmananda Reddy National Park\" round 2/ 6","round":2,"timestamp":"2025-03-01 00:18:06"}
{"botIndex":0,"keyword":"Kasu Brahmananda Reddy National Park","label":"gen.ts","level":"info","message":"Bot 0 processing keyword \"Kasu Brahmananda Reddy National Park\" round 3/ 6","round":3,"timestamp":"2025-03-01 00:18:21"}
{"botIndex":0,"keyword":"Kasu Brahmananda Reddy National Park","label":"gen.ts","level":"info","message":"Bot 0 processing keyword \"Kasu Brahmananda Reddy National Park\" round 4/ 6","round":4,"timestamp":"2025-03-01 00:18:38"}
{"botIndex":0,"keyword":"Kasu Brahmananda Reddy National Park","label":"gen.ts","level":"info","message":"Bot 0 processing keyword \"Kasu Brahmananda Reddy National Park\" round 5/ 6","round":5,"timestamp":"2025-03-01 00:18:53"}
{"botIndex":0,"keyword":"Kasu Brahmananda Reddy National Park","label":"gen.ts","level":"info","message":"Bot 0 processing keyword \"Kasu Brahmananda Reddy National Park\" round 6/ 6","round":6,"timestamp":"2025-03-01 00:19:05"}
{"botIndex":0,"keyword":"Palamu National Park","label":"gen.ts","level":"info","message":"Bot 0 processing keyword \"Palamu National Park\" round 1/ 6","round":1,"timestamp":"2025-03-01 00:19:19"}
{"label":"gen.ts","level":"info","message":"รอบที่ 22 / 463","round":22,"timestamp":"2025-03-01 00:19:19","total":463}
{"label":"gen.ts","level":"info","message":"รอ  Bot ว่าง","timestamp":"2025-03-01 00:19:19"}
{"botIndex":0,"keyword":"Palamu National Park","label":"gen.ts","level":"info","message":"Bot 0 processing keyword \"Palamu National Park\" round 2/ 6","round":2,"timestamp":"2025-03-01 00:19:30"}
{"botIndex":0,"keyword":"Palamu National Park","label":"gen.ts","level":"info","message":"Bot 0 processing keyword \"Palamu National Park\" round 3/ 6","round":3,"timestamp":"2025-03-01 00:19:45"}
{"botIndex":0,"keyword":"Palamu National Park","label":"gen.ts","level":"info","message":"Bot 0 processing keyword \"Palamu National Park\" round 4/ 6","round":4,"timestamp":"2025-03-01 00:19:59"}
{"botIndex":0,"keyword":"Palamu National Park","label":"gen.ts","level":"info","message":"Bot 0 processing keyword \"Palamu National Park\" round 5/ 6","round":5,"timestamp":"2025-03-01 00:20:11"}
{"botIndex":0,"keyword":"Palamu National Park","label":"gen.ts","level":"info","message":"Bot 0 processing keyword \"Palamu National Park\" round 6/ 6","round":6,"timestamp":"2025-03-01 00:20:24"}
{"botIndex":0,"keyword":"Nameri National Park","label":"gen.ts","level":"info","message":"Bot 0 processing keyword \"Nameri National Park\" round 1/ 6","round":1,"timestamp":"2025-03-01 00:20:41"}
{"label":"gen.ts","level":"info","message":"รอบที่ 23 / 463","round":23,"timestamp":"2025-03-01 00:20:41","total":463}
{"label":"gen.ts","level":"info","message":"รอ  Bot ว่าง","timestamp":"2025-03-01 00:20:41"}
{"botIndex":0,"keyword":"Nameri National Park","label":"gen.ts","level":"info","message":"Bot 0 processing keyword \"Nameri National Park\" round 2/ 6","round":2,"timestamp":"2025-03-01 00:20:52"}
{"botIndex":0,"keyword":"Nameri National Park","label":"gen.ts","level":"info","message":"Bot 0 processing keyword \"Nameri National Park\" round 3/ 6","round":3,"timestamp":"2025-03-01 00:21:05"}
{"botIndex":0,"keyword":"Nameri National Park","label":"gen.ts","level":"info","message":"Bot 0 processing keyword \"Nameri National Park\" round 4/ 6","round":4,"timestamp":"2025-03-01 00:21:18"}
{"botIndex":0,"keyword":"Nameri National Park","label":"gen.ts","level":"info","message":"Bot 0 processing keyword \"Nameri National Park\" round 5/ 6","round":5,"timestamp":"2025-03-01 00:21:33"}
{"botIndex":0,"keyword":"Nameri National Park","label":"gen.ts","level":"info","message":"Bot 0 processing keyword \"Nameri National Park\" round 6/ 6","round":6,"timestamp":"2025-03-01 00:21:47"}
{"botIndex":0,"keyword":"Orang National Park","label":"gen.ts","level":"info","message":"Bot 0 processing keyword \"Orang National Park\" round 1/ 6","round":1,"timestamp":"2025-03-01 00:22:00"}
{"label":"gen.ts","level":"info","message":"รอบที่ 24 / 463","round":24,"timestamp":"2025-03-01 00:22:00","total":463}
{"label":"gen.ts","level":"info","message":"รอ  Bot ว่าง","timestamp":"2025-03-01 00:22:00"}
{"botIndex":0,"keyword":"Orang National Park","label":"gen.ts","level":"info","message":"Bot 0 processing keyword \"Orang National Park\" round 2/ 6","round":2,"timestamp":"2025-03-01 00:22:16"}
{"botIndex":0,"keyword":"Orang National Park","label":"gen.ts","level":"info","message":"Bot 0 processing keyword \"Orang National Park\" round 3/ 6","round":3,"timestamp":"2025-03-01 00:22:30"}
{"botIndex":0,"keyword":"Orang National Park","label":"gen.ts","level":"info","message":"Bot 0 processing keyword \"Orang National Park\" round 4/ 6","round":4,"timestamp":"2025-03-01 00:22:45"}
{"botIndex":0,"keyword":"Orang National Park","label":"gen.ts","level":"info","message":"Bot 0 processing keyword \"Orang National Park\" round 5/ 6","round":5,"timestamp":"2025-03-01 00:22:59"}
{"botIndex":0,"keyword":"Orang National Park","label":"gen.ts","level":"info","message":"Bot 0 processing keyword \"Orang National Park\" round 6/ 6","round":6,"timestamp":"2025-03-01 00:23:17"}
{"botIndex":0,"keyword":"Dibru-Saikhowa National Park","label":"gen.ts","level":"info","message":"Bot 0 processing keyword \"Dibru-Saikhowa National Park\" round 1/ 6","round":1,"timestamp":"2025-03-01 00:23:34"}
{"label":"gen.ts","level":"info","message":"รอบที่ 25 / 463","round":25,"timestamp":"2025-03-01 00:23:34","total":463}
{"label":"gen.ts","level":"info","message":"รอ  Bot ว่าง","timestamp":"2025-03-01 00:23:34"}
{"botIndex":0,"keyword":"Dibru-Saikhowa National Park","label":"gen.ts","level":"info","message":"Bot 0 processing keyword \"Dibru-Saikhowa National Park\" round 2/ 6","round":2,"timestamp":"2025-03-01 00:23:49"}
{"botIndex":0,"keyword":"Dibru-Saikhowa National Park","label":"gen.ts","level":"info","message":"Bot 0 processing keyword \"Dibru-Saikhowa National Park\" round 3/ 6","round":3,"timestamp":"2025-03-01 00:24:06"}
{"botIndex":0,"keyword":"Dibru-Saikhowa National Park","label":"gen.ts","level":"info","message":"Bot 0 processing keyword \"Dibru-Saikhowa National Park\" round 4/ 6","round":4,"timestamp":"2025-03-01 00:24:21"}
{"botIndex":0,"keyword":"Dibru-Saikhowa National Park","label":"gen.ts","level":"info","message":"Bot 0 processing keyword \"Dibru-Saikhowa National Park\" round 5/ 6","round":5,"timestamp":"2025-03-01 00:24:33"}
{"botIndex":0,"keyword":"Dibru-Saikhowa National Park","label":"gen.ts","level":"info","message":"Bot 0 processing keyword \"Dibru-Saikhowa National Park\" round 6/ 6","round":6,"timestamp":"2025-03-01 00:24:45"}
{"botIndex":0,"keyword":"Balphakram National Park","label":"gen.ts","level":"info","message":"Bot 0 processing keyword \"Balphakram National Park\" round 1/ 6","round":1,"timestamp":"2025-03-01 00:25:01"}
{"label":"gen.ts","level":"info","message":"รอบที่ 26 / 463","round":26,"timestamp":"2025-03-01 00:25:01","total":463}
{"label":"gen.ts","level":"info","message":"รอ  Bot ว่าง","timestamp":"2025-03-01 00:25:01"}
{"botIndex":0,"keyword":"Balphakram National Park","label":"gen.ts","level":"info","message":"Bot 0 processing keyword \"Balphakram National Park\" round 2/ 6","round":2,"timestamp":"2025-03-01 00:25:14"}
{"botIndex":0,"keyword":"Balphakram National Park","label":"gen.ts","level":"info","message":"Bot 0 processing keyword \"Balphakram National Park\" round 3/ 6","round":3,"timestamp":"2025-03-01 00:25:29"}
{"botIndex":0,"keyword":"Balphakram National Park","label":"gen.ts","level":"info","message":"Bot 0 processing keyword \"Balphakram National Park\" round 4/ 6","round":4,"timestamp":"2025-03-01 00:25:46"}
{"botIndex":0,"keyword":"Balphakram National Park","label":"gen.ts","level":"info","message":"Bot 0 processing keyword \"Balphakram National Park\" round 5/ 6","round":5,"timestamp":"2025-03-01 00:25:59"}
{"botIndex":0,"keyword":"Balphakram National Park","label":"gen.ts","level":"info","message":"Bot 0 processing keyword \"Balphakram National Park\" round 6/ 6","round":6,"timestamp":"2025-03-01 00:26:10"}
{"botIndex":0,"keyword":"Nokrek National Park","label":"gen.ts","level":"info","message":"Bot 0 processing keyword \"Nokrek National Park\" round 1/ 6","round":1,"timestamp":"2025-03-01 00:26:24"}
{"label":"gen.ts","level":"info","message":"รอบที่ 27 / 463","round":27,"timestamp":"2025-03-01 00:26:24","total":463}
{"label":"gen.ts","level":"info","message":"รอ  Bot ว่าง","timestamp":"2025-03-01 00:26:24"}
{"botIndex":0,"keyword":"Nokrek National Park","label":"gen.ts","level":"info","message":"Bot 0 processing keyword \"Nokrek National Park\" round 2/ 6","round":2,"timestamp":"2025-03-01 00:26:38"}
{"botIndex":0,"keyword":"Nokrek National Park","label":"gen.ts","level":"info","message":"Bot 0 processing keyword \"Nokrek National Park\" round 3/ 6","round":3,"timestamp":"2025-03-01 00:26:50"}
{"botIndex":0,"keyword":"Nokrek National Park","label":"gen.ts","level":"info","message":"Bot 0 processing keyword \"Nokrek National Park\" round 4/ 6","round":4,"timestamp":"2025-03-01 00:27:12"}
{"botIndex":0,"keyword":"Nokrek National Park","label":"gen.ts","level":"info","message":"Bot 0 processing keyword \"Nokrek National Park\" round 5/ 6","round":5,"timestamp":"2025-03-01 00:27:25"}
{"botIndex":0,"keyword":"Nokrek National Park","label":"gen.ts","level":"info","message":"Bot 0 processing keyword \"Nokrek National Park\" round 6/ 6","round":6,"timestamp":"2025-03-01 00:27:37"}
{"botIndex":0,"keyword":"Mouling National Park","label":"gen.ts","level":"info","message":"Bot 0 processing keyword \"Mouling National Park\" round 1/ 6","round":1,"timestamp":"2025-03-01 00:27:56"}
{"label":"gen.ts","level":"info","message":"รอบที่ 28 / 463","round":28,"timestamp":"2025-03-01 00:27:56","total":463}
{"label":"gen.ts","level":"info","message":"รอ  Bot ว่าง","timestamp":"2025-03-01 00:27:56"}
{"botIndex":0,"keyword":"Mouling National Park","label":"gen.ts","level":"info","message":"Bot 0 processing keyword \"Mouling National Park\" round 2/ 6","round":2,"timestamp":"2025-03-01 00:28:11"}
{"botIndex":0,"keyword":"Mouling National Park","label":"gen.ts","level":"info","message":"Bot 0 processing keyword \"Mouling National Park\" round 3/ 6","round":3,"timestamp":"2025-03-01 00:28:25"}
{"botIndex":0,"keyword":"Mouling National Park","label":"gen.ts","level":"info","message":"Bot 0 processing keyword \"Mouling National Park\" round 4/ 6","round":4,"timestamp":"2025-03-01 00:28:44"}
{"botIndex":0,"keyword":"Mouling National Park","label":"gen.ts","level":"info","message":"Bot 0 processing keyword \"Mouling National Park\" round 5/ 6","round":5,"timestamp":"2025-03-01 00:28:59"}
{"botIndex":0,"keyword":"Mouling National Park","label":"gen.ts","level":"info","message":"Bot 0 processing keyword \"Mouling National Park\" round 6/ 6","round":6,"timestamp":"2025-03-01 00:29:12"}
{"botIndex":0,"keyword":"Intanki National Park","label":"gen.ts","level":"info","message":"Bot 0 processing keyword \"Intanki National Park\" round 1/ 6","round":1,"timestamp":"2025-03-01 00:29:25"}
{"label":"gen.ts","level":"info","message":"รอบที่ 29 / 463","round":29,"timestamp":"2025-03-01 00:29:25","total":463}
{"label":"gen.ts","level":"info","message":"รอ  Bot ว่าง","timestamp":"2025-03-01 00:29:25"}
{"botIndex":0,"keyword":"Intanki National Park","label":"gen.ts","level":"info","message":"Bot 0 processing keyword \"Intanki National Park\" round 2/ 6","round":2,"timestamp":"2025-03-01 00:29:39"}
{"botIndex":0,"keyword":"Intanki National Park","label":"gen.ts","level":"info","message":"Bot 0 processing keyword \"Intanki National Park\" round 3/ 6","round":3,"timestamp":"2025-03-01 00:29:54"}
{"botIndex":0,"keyword":"Intanki National Park","label":"gen.ts","level":"info","message":"Bot 0 processing keyword \"Intanki National Park\" round 4/ 6","round":4,"timestamp":"2025-03-01 00:30:07"}
{"botIndex":0,"keyword":"Intanki National Park","label":"gen.ts","level":"info","message":"Bot 0 processing keyword \"Intanki National Park\" round 5/ 6","round":5,"timestamp":"2025-03-01 00:30:21"}
{"botIndex":0,"keyword":"Intanki National Park","label":"gen.ts","level":"info","message":"Bot 0 processing keyword \"Intanki National Park\" round 6/ 6","round":6,"timestamp":"2025-03-01 00:30:34"}
{"botIndex":0,"keyword":"Mathikettan Shola National Park","label":"gen.ts","level":"info","message":"Bot 0 processing keyword \"Mathikettan Shola National Park\" round 1/ 6","round":1,"timestamp":"2025-03-01 00:30:46"}
{"label":"gen.ts","level":"info","message":"รอบที่ 30 / 463","round":30,"timestamp":"2025-03-01 00:30:46","total":463}
{"label":"gen.ts","level":"info","message":"รอ  Bot ว่าง","timestamp":"2025-03-01 00:30:46"}
{"botIndex":0,"keyword":"Mathikettan Shola National Park","label":"gen.ts","level":"info","message":"Bot 0 processing keyword \"Mathikettan Shola National Park\" round 2/ 6","round":2,"timestamp":"2025-03-01 00:31:02"}
{"botIndex":0,"keyword":"Mathikettan Shola National Park","label":"gen.ts","level":"info","message":"Bot 0 processing keyword \"Mathikettan Shola National Park\" round 3/ 6","round":3,"timestamp":"2025-03-01 00:31:13"}
{"botIndex":0,"keyword":"Mathikettan Shola National Park","label":"gen.ts","level":"info","message":"Bot 0 processing keyword \"Mathikettan Shola National Park\" round 4/ 6","round":4,"timestamp":"2025-03-01 00:31:26"}
{"botIndex":0,"keyword":"Mathikettan Shola National Park","label":"gen.ts","level":"info","message":"Bot 0 processing keyword \"Mathikettan Shola National Park\" round 5/ 6","round":5,"timestamp":"2025-03-01 00:31:42"}
{"botIndex":0,"keyword":"Mathikettan Shola National Park","label":"gen.ts","level":"info","message":"Bot 0 processing keyword \"Mathikettan Shola National Park\" round 6/ 6","round":6,"timestamp":"2025-03-01 00:31:56"}
{"botIndex":0,"keyword":"Murlen National Park","label":"gen.ts","level":"info","message":"Bot 0 processing keyword \"Murlen National Park\" round 1/ 6","round":1,"timestamp":"2025-03-01 00:32:11"}
{"label":"gen.ts","level":"info","message":"รอบที่ 31 / 463","round":31,"timestamp":"2025-03-01 00:32:11","total":463}
{"label":"gen.ts","level":"info","message":"รอ  Bot ว่าง","timestamp":"2025-03-01 00:32:11"}
{"botIndex":0,"keyword":"Murlen National Park","label":"gen.ts","level":"info","message":"Bot 0 processing keyword \"Murlen National Park\" round 2/ 6","round":2,"timestamp":"2025-03-01 00:32:26"}
{"botIndex":0,"keyword":"Murlen National Park","label":"gen.ts","level":"info","message":"Bot 0 processing keyword \"Murlen National Park\" round 3/ 6","round":3,"timestamp":"2025-03-01 00:32:41"}
{"botIndex":0,"keyword":"Murlen National Park","label":"gen.ts","level":"info","message":"Bot 0 processing keyword \"Murlen National Park\" round 4/ 6","round":4,"timestamp":"2025-03-01 00:32:55"}
{"botIndex":0,"keyword":"Murlen National Park","label":"gen.ts","level":"info","message":"Bot 0 processing keyword \"Murlen National Park\" round 5/ 6","round":5,"timestamp":"2025-03-01 00:33:09"}
{"botIndex":0,"keyword":"Murlen National Park","label":"gen.ts","level":"info","message":"Bot 0 processing keyword \"Murlen National Park\" round 6/ 6","round":6,"timestamp":"2025-03-01 00:33:25"}
{"botIndex":0,"keyword":"Phawngpui Blue Mountain National Park","label":"gen.ts","level":"info","message":"Bot 0 processing keyword \"Phawngpui Blue Mountain National Park\" round 1/ 6","round":1,"timestamp":"2025-03-01 00:33:40"}
{"label":"gen.ts","level":"info","message":"รอบที่ 32 / 463","round":32,"timestamp":"2025-03-01 00:33:40","total":463}
{"label":"gen.ts","level":"info","message":"รอ  Bot ว่าง","timestamp":"2025-03-01 00:33:40"}
{"botIndex":0,"keyword":"Phawngpui Blue Mountain National Park","label":"gen.ts","level":"info","message":"Bot 0 processing keyword \"Phawngpui Blue Mountain National Park\" round 2/ 6","round":2,"timestamp":"2025-03-01 00:33:53"}
{"botIndex":0,"keyword":"Phawngpui Blue Mountain National Park","label":"gen.ts","level":"info","message":"Bot 0 processing keyword \"Phawngpui Blue Mountain National Park\" round 3/ 6","round":3,"timestamp":"2025-03-01 00:34:07"}
{"botIndex":0,"keyword":"Phawngpui Blue Mountain National Park","label":"gen.ts","level":"info","message":"Bot 0 processing keyword \"Phawngpui Blue Mountain National Park\" round 4/ 6","round":4,"timestamp":"2025-03-01 00:34:25"}
{"botIndex":0,"keyword":"Phawngpui Blue Mountain National Park","label":"gen.ts","level":"info","message":"Bot 0 processing keyword \"Phawngpui Blue Mountain National Park\" round 5/ 6","round":5,"timestamp":"2025-03-01 00:34:39"}
{"botIndex":0,"keyword":"Phawngpui Blue Mountain National Park","label":"gen.ts","level":"info","message":"Bot 0 processing keyword \"Phawngpui Blue Mountain National Park\" round 6/ 6","round":6,"timestamp":"2025-03-01 00:34:53"}
{"botIndex":0,"keyword":"Dachigam National Park","label":"gen.ts","level":"info","message":"Bot 0 processing keyword \"Dachigam National Park\" round 1/ 6","round":1,"timestamp":"2025-03-01 00:35:10"}
{"label":"gen.ts","level":"info","message":"รอบที่ 33 / 463","round":33,"timestamp":"2025-03-01 00:35:10","total":463}
{"label":"gen.ts","level":"info","message":"รอ  Bot ว่าง","timestamp":"2025-03-01 00:35:10"}
{"botIndex":0,"keyword":"Dachigam National Park","label":"gen.ts","level":"info","message":"Bot 0 processing keyword \"Dachigam National Park\" round 2/ 6","round":2,"timestamp":"2025-03-01 00:35:25"}
{"botIndex":0,"keyword":"Dachigam National Park","label":"gen.ts","level":"info","message":"Bot 0 processing keyword \"Dachigam National Park\" round 3/ 6","round":3,"timestamp":"2025-03-01 00:35:39"}
{"botIndex":0,"keyword":"Dachigam National Park","label":"gen.ts","level":"info","message":"Bot 0 processing keyword \"Dachigam National Park\" round 4/ 6","round":4,"timestamp":"2025-03-01 00:35:54"}
{"botIndex":0,"keyword":"Dachigam National Park","label":"gen.ts","level":"info","message":"Bot 0 processing keyword \"Dachigam National Park\" round 5/ 6","round":5,"timestamp":"2025-03-01 00:36:08"}
{"botIndex":0,"keyword":"Dachigam National Park","label":"gen.ts","level":"info","message":"Bot 0 processing keyword \"Dachigam National Park\" round 6/ 6","round":6,"timestamp":"2025-03-01 00:36:20"}
{"botIndex":0,"keyword":"Kishtwar National Park","label":"gen.ts","level":"info","message":"Bot 0 processing keyword \"Kishtwar National Park\" round 1/ 6","round":1,"timestamp":"2025-03-01 00:36:33"}
{"label":"gen.ts","level":"info","message":"รอบที่ 34 / 463","round":34,"timestamp":"2025-03-01 00:36:33","total":463}
{"label":"gen.ts","level":"info","message":"รอ  Bot ว่าง","timestamp":"2025-03-01 00:36:33"}
{"botIndex":0,"keyword":"Kishtwar National Park","label":"gen.ts","level":"info","message":"Bot 0 processing keyword \"Kishtwar National Park\" round 2/ 6","round":2,"timestamp":"2025-03-01 00:36:55"}
{"botIndex":0,"keyword":"Kishtwar National Park","label":"gen.ts","level":"info","message":"Bot 0 processing keyword \"Kishtwar National Park\" round 3/ 6","round":3,"timestamp":"2025-03-01 00:37:08"}
{"botIndex":0,"keyword":"Kishtwar National Park","label":"gen.ts","level":"info","message":"Bot 0 processing keyword \"Kishtwar National Park\" round 4/ 6","round":4,"timestamp":"2025-03-01 00:37:24"}
{"botIndex":0,"keyword":"Kishtwar National Park","label":"gen.ts","level":"info","message":"Bot 0 processing keyword \"Kishtwar National Park\" round 5/ 6","round":5,"timestamp":"2025-03-01 00:37:43"}
{"botIndex":0,"keyword":"Kishtwar National Park","label":"gen.ts","level":"info","message":"Bot 0 processing keyword \"Kishtwar National Park\" round 6/ 6","round":6,"timestamp":"2025-03-01 00:37:58"}
{"botIndex":0,"keyword":"Salim Ali National Park","label":"gen.ts","level":"info","message":"Bot 0 processing keyword \"Salim Ali National Park\" round 1/ 6","round":1,"timestamp":"2025-03-01 00:38:12"}
{"label":"gen.ts","level":"info","message":"รอบที่ 35 / 463","round":35,"timestamp":"2025-03-01 00:38:12","total":463}
{"label":"gen.ts","level":"info","message":"รอ  Bot ว่าง","timestamp":"2025-03-01 00:38:12"}
{"botIndex":0,"keyword":"Salim Ali National Park","label":"gen.ts","level":"info","message":"Bot 0 processing keyword \"Salim Ali National Park\" round 2/ 6","round":2,"timestamp":"2025-03-01 00:38:27"}
{"botIndex":0,"keyword":"Salim Ali National Park","label":"gen.ts","level":"info","message":"Bot 0 processing keyword \"Salim Ali National Park\" round 3/ 6","round":3,"timestamp":"2025-03-01 00:38:41"}
{"botIndex":0,"keyword":"Salim Ali National Park","label":"gen.ts","level":"info","message":"Bot 0 processing keyword \"Salim Ali National Park\" round 4/ 6","round":4,"timestamp":"2025-03-01 00:38:53"}
{"botIndex":0,"keyword":"Salim Ali National Park","label":"gen.ts","level":"info","message":"Bot 0 processing keyword \"Salim Ali National Park\" round 5/ 6","round":5,"timestamp":"2025-03-01 00:39:11"}
{"botIndex":0,"keyword":"Salim Ali National Park","label":"gen.ts","level":"info","message":"Bot 0 processing keyword \"Salim Ali National Park\" round 6/ 6","round":6,"timestamp":"2025-03-01 00:39:26"}
{"botIndex":0,"keyword":"Sri Venkateswara National Park","label":"gen.ts","level":"info","message":"Bot 0 processing keyword \"Sri Venkateswara National Park\" round 1/ 6","round":1,"timestamp":"2025-03-01 00:39:44"}
{"label":"gen.ts","level":"info","message":"รอบที่ 36 / 463","round":36,"timestamp":"2025-03-01 00:39:44","total":463}
{"label":"gen.ts","level":"info","message":"รอ  Bot ว่าง","timestamp":"2025-03-01 00:39:44"}
{"botIndex":0,"keyword":"Sri Venkateswara National Park","label":"gen.ts","level":"info","message":"Bot 0 processing keyword \"Sri Venkateswara National Park\" round 2/ 6","round":2,"timestamp":"2025-03-01 00:39:58"}
{"botIndex":0,"keyword":"Sri Venkateswara National Park","label":"gen.ts","level":"info","message":"Bot 0 processing keyword \"Sri Venkateswara National Park\" round 3/ 6","round":3,"timestamp":"2025-03-01 00:40:15"}
{"botIndex":0,"keyword":"Sri Venkateswara National Park","label":"gen.ts","level":"info","message":"Bot 0 processing keyword \"Sri Venkateswara National Park\" round 4/ 6","round":4,"timestamp":"2025-03-01 00:40:29"}
{"botIndex":0,"keyword":"Sri Venkateswara National Park","label":"gen.ts","level":"info","message":"Bot 0 processing keyword \"Sri Venkateswara National Park\" round 5/ 6","round":5,"timestamp":"2025-03-01 00:40:45"}
{"botIndex":0,"keyword":"Sri Venkateswara National Park","label":"gen.ts","level":"info","message":"Bot 0 processing keyword \"Sri Venkateswara National Park\" round 6/ 6","round":6,"timestamp":"2025-03-01 00:40:58"}
{"botIndex":0,"keyword":"Guindy National Park","label":"gen.ts","level":"info","message":"Bot 0 processing keyword \"Guindy National Park\" round 1/ 6","round":1,"timestamp":"2025-03-01 00:41:16"}
{"label":"gen.ts","level":"info","message":"รอบที่ 37 / 463","round":37,"timestamp":"2025-03-01 00:41:16","total":463}
{"label":"gen.ts","level":"info","message":"รอ  Bot ว่าง","timestamp":"2025-03-01 00:41:16"}
{"botIndex":0,"keyword":"Guindy National Park","label":"gen.ts","level":"info","message":"Bot 0 processing keyword \"Guindy National Park\" round 2/ 6","round":2,"timestamp":"2025-03-01 00:41:32"}
{"botIndex":0,"keyword":"Guindy National Park","label":"gen.ts","level":"info","message":"Bot 0 processing keyword \"Guindy National Park\" round 3/ 6","round":3,"timestamp":"2025-03-01 00:41:50"}
{"botIndex":0,"keyword":"Guindy National Park","label":"gen.ts","level":"info","message":"Bot 0 processing keyword \"Guindy National Park\" round 4/ 6","round":4,"timestamp":"2025-03-01 00:42:03"}
{"botIndex":0,"keyword":"Guindy National Park","label":"gen.ts","level":"info","message":"Bot 0 processing keyword \"Guindy National Park\" round 5/ 6","round":5,"timestamp":"2025-03-01 00:42:18"}
{"botIndex":0,"keyword":"Guindy National Park","label":"gen.ts","level":"info","message":"Bot 0 processing keyword \"Guindy National Park\" round 6/ 6","round":6,"timestamp":"2025-03-01 00:42:34"}
{"botIndex":0,"keyword":"Pench National Park (Maharashtra)","label":"gen.ts","level":"info","message":"Bot 0 processing keyword \"Pench National Park (Maharashtra)\" round 1/ 6","round":1,"timestamp":"2025-03-01 00:42:49"}
{"label":"gen.ts","level":"info","message":"รอบที่ 38 / 463","round":38,"timestamp":"2025-03-01 00:42:49","total":463}
{"label":"gen.ts","level":"info","message":"รอ  Bot ว่าง","timestamp":"2025-03-01 00:42:49"}
{"botIndex":0,"keyword":"Pench National Park (Maharashtra)","label":"gen.ts","level":"info","message":"Bot 0 processing keyword \"Pench National Park (Maharashtra)\" round 2/ 6","round":2,"timestamp":"2025-03-01 00:43:05"}
{"botIndex":0,"keyword":"Pench National Park (Maharashtra)","label":"gen.ts","level":"info","message":"Bot 0 processing keyword \"Pench National Park (Maharashtra)\" round 3/ 6","round":3,"timestamp":"2025-03-01 00:43:17"}
{"botIndex":0,"keyword":"Pench National Park (Maharashtra)","label":"gen.ts","level":"info","message":"Bot 0 processing keyword \"Pench National Park (Maharashtra)\" round 4/ 6","round":4,"timestamp":"2025-03-01 00:43:30"}
{"botIndex":0,"keyword":"Pench National Park (Maharashtra)","label":"gen.ts","level":"info","message":"Bot 0 processing keyword \"Pench National Park (Maharashtra)\" round 5/ 6","round":5,"timestamp":"2025-03-01 00:43:41"}
{"botIndex":0,"keyword":"Pench National Park (Maharashtra)","label":"gen.ts","level":"info","message":"Bot 0 processing keyword \"Pench National Park (Maharashtra)\" round 6/ 6","round":6,"timestamp":"2025-03-01 00:43:56"}
{"botIndex":0,"keyword":"Simbalbara National Park","label":"gen.ts","level":"info","message":"Bot 0 processing keyword \"Simbalbara National Park\" round 1/ 6","round":1,"timestamp":"2025-03-01 00:44:10"}
{"label":"gen.ts","level":"info","message":"รอบที่ 39 / 463","round":39,"timestamp":"2025-03-01 00:44:10","total":463}
{"label":"gen.ts","level":"info","message":"รอ  Bot ว่าง","timestamp":"2025-03-01 00:44:10"}
{"botIndex":0,"keyword":"Simbalbara National Park","label":"gen.ts","level":"info","message":"Bot 0 processing keyword \"Simbalbara National Park\" round 2/ 6","round":2,"timestamp":"2025-03-01 00:44:24"}
{"botIndex":0,"keyword":"Simbalbara National Park","label":"gen.ts","level":"info","message":"Bot 0 processing keyword \"Simbalbara National Park\" round 3/ 6","round":3,"timestamp":"2025-03-01 00:44:41"}
{"botIndex":0,"keyword":"Simbalbara National Park","label":"gen.ts","level":"info","message":"Bot 0 processing keyword \"Simbalbara National Park\" round 4/ 6","round":4,"timestamp":"2025-03-01 00:44:56"}
{"botIndex":0,"keyword":"Simbalbara National Park","label":"gen.ts","level":"info","message":"Bot 0 processing keyword \"Simbalbara National Park\" round 5/ 6","round":5,"timestamp":"2025-03-01 00:45:14"}
{"botIndex":0,"keyword":"Simbalbara National Park","label":"gen.ts","level":"info","message":"Bot 0 processing keyword \"Simbalbara National Park\" round 6/ 6","round":6,"timestamp":"2025-03-01 00:45:28"}
{"botIndex":0,"keyword":"Ayubia National Park","label":"gen.ts","level":"info","message":"Bot 0 processing keyword \"Ayubia National Park\" round 1/ 6","round":1,"timestamp":"2025-03-01 00:45:42"}
{"label":"gen.ts","level":"info","message":"รอบที่ 40 / 463","round":40,"timestamp":"2025-03-01 00:45:42","total":463}
{"label":"gen.ts","level":"info","message":"รอ  Bot ว่าง","timestamp":"2025-03-01 00:45:42"}
{"botIndex":0,"error":{"status":429,"statusText":"Too Many Requests"},"keyword":"Ayubia National Park","label":"gen.ts","level":"error","message":"Error in processData","round":1,"timestamp":"2025-03-01 00:45:42"}
{"label":"gen.ts","level":"info","message":"Start running","timestamp":"2025-03-01 00:49:55"}
{"label":"gen.ts","level":"info","message":"รอบที่ 1 / 425","round":1,"timestamp":"2025-03-01 00:49:55","total":425}
{"botIndex":0,"keyword":"Ayubia National Park","label":"gen.ts","level":"info","message":"Bot 0 processing keyword \"Ayubia National Park\" round 1/ 6","round":1,"timestamp":"2025-03-01 00:49:55"}
{"label":"gen.ts","level":"info","message":"รอบที่ 2 / 425","round":2,"timestamp":"2025-03-01 00:49:55","total":425}
{"label":"gen.ts","level":"info","message":"รอ  Bot ว่าง","timestamp":"2025-03-01 00:49:55"}
{"botIndex":0,"error":{"status":429,"statusText":"Too Many Requests"},"keyword":"Ayubia National Park","label":"gen.ts","level":"error","message":"Error in processData","round":1,"timestamp":"2025-03-01 00:49:56"}
