{"label":"gen.ts","level":"info","message":"Start running","timestamp":"2025-02-28 18:03:25"}
{"label":"gen.ts","level":"info","message":"รอบที่ 1 / 862","round":1,"timestamp":"2025-02-28 18:03:25","total":862}
{"botIndex":0,"keyword":"Augrabies Falls National Park","label":"gen.ts","level":"info","message":"Bot 0 processing keyword \"Augrabies Falls National Park\" round 1","round":1,"timestamp":"2025-02-28 18:03:25"}
{"label":"gen.ts","level":"info","message":"รอบที่ 2 / 862","round":2,"timestamp":"2025-02-28 18:03:25","total":862}
{"botIndex":1,"keyword":"Golden Gate Highlands National Park","label":"gen.ts","level":"info","message":"Bot 1 processing keyword \"Golden Gate Highlands National Park\" round 1","round":1,"timestamp":"2025-02-28 18:03:25"}
{"label":"gen.ts","level":"info","message":"รอบที่ 3 / 862","round":3,"timestamp":"2025-02-28 18:03:25","total":862}
{"label":"gen.ts","level":"info","message":"รอ  Bot ว่าง","timestamp":"2025-02-28 18:03:25"}
{"botIndex":1,"keyword":"Golden Gate Highlands National Park","label":"gen.ts","level":"info","message":"Bot 1 processing keyword \"Golden Gate Highlands National Park\" round 2","round":2,"timestamp":"2025-02-28 18:03:40"}
{"botIndex":0,"keyword":"Augrabies Falls National Park","label":"gen.ts","level":"info","message":"Bot 0 processing keyword \"Augrabies Falls National Park\" round 2","round":2,"timestamp":"2025-02-28 18:03:43"}
{"label":"gen.ts","level":"info","message":"Start running","timestamp":"2025-02-28 18:04:16"}
{"label":"gen.ts","level":"info","message":"รอบที่ 1 / 862","round":1,"timestamp":"2025-02-28 18:04:16","total":862}
{"botIndex":0,"keyword":"Augrabies Falls National Park","label":"gen.ts","level":"info","message":"Bot 0 processing keyword \"Augrabies Falls National Park\" round 1 / 6","round":1,"timestamp":"2025-02-28 18:04:16"}
{"label":"gen.ts","level":"info","message":"รอบที่ 2 / 862","round":2,"timestamp":"2025-02-28 18:04:16","total":862}
{"botIndex":1,"keyword":"Golden Gate Highlands National Park","label":"gen.ts","level":"info","message":"Bot 1 processing keyword \"Golden Gate Highlands National Park\" round 1 / 6","round":1,"timestamp":"2025-02-28 18:04:16"}
{"label":"gen.ts","level":"info","message":"รอบที่ 3 / 862","round":3,"timestamp":"2025-02-28 18:04:16","total":862}
{"label":"gen.ts","level":"info","message":"รอ  Bot ว่าง","timestamp":"2025-02-28 18:04:16"}
{"label":"gen.ts","level":"info","message":"Start running","timestamp":"2025-02-28 18:04:27"}
{"label":"gen.ts","level":"info","message":"รอบที่ 1 / 862","round":1,"timestamp":"2025-02-28 18:04:27","total":862}
{"botIndex":0,"keyword":"Augrabies Falls National Park","label":"gen.ts","level":"info","message":"Bot 0 processing keyword \"Augrabies Falls National Park\" round 1/6","round":1,"timestamp":"2025-02-28 18:04:27"}
{"label":"gen.ts","level":"info","message":"รอบที่ 2 / 862","round":2,"timestamp":"2025-02-28 18:04:27","total":862}
{"botIndex":1,"keyword":"Golden Gate Highlands National Park","label":"gen.ts","level":"info","message":"Bot 1 processing keyword \"Golden Gate Highlands National Park\" round 1/6","round":1,"timestamp":"2025-02-28 18:04:27"}
{"label":"gen.ts","level":"info","message":"รอบที่ 3 / 862","round":3,"timestamp":"2025-02-28 18:04:27","total":862}
{"label":"gen.ts","level":"info","message":"รอ  Bot ว่าง","timestamp":"2025-02-28 18:04:27"}
{"botIndex":1,"keyword":"Golden Gate Highlands National Park","label":"gen.ts","level":"info","message":"Bot 1 processing keyword \"Golden Gate Highlands National Park\" round 2/6","round":2,"timestamp":"2025-02-28 18:04:39"}
{"botIndex":0,"keyword":"Augrabies Falls National Park","label":"gen.ts","level":"info","message":"Bot 0 processing keyword \"Augrabies Falls National Park\" round 2/6","round":2,"timestamp":"2025-02-28 18:04:42"}
{"botIndex":1,"keyword":"Golden Gate Highlands National Park","label":"gen.ts","level":"info","message":"Bot 1 processing keyword \"Golden Gate Highlands National Park\" round 3/6","round":3,"timestamp":"2025-02-28 18:04:53"}
{"botIndex":0,"keyword":"Augrabies Falls National Park","label":"gen.ts","level":"info","message":"Bot 0 processing keyword \"Augrabies Falls National Park\" round 3/6","round":3,"timestamp":"2025-02-28 18:04:56"}
{"botIndex":1,"keyword":"Golden Gate Highlands National Park","label":"gen.ts","level":"info","message":"Bot 1 processing keyword \"Golden Gate Highlands National Park\" round 4/6","round":4,"timestamp":"2025-02-28 18:05:08"}
{"botIndex":0,"keyword":"Augrabies Falls National Park","label":"gen.ts","level":"info","message":"Bot 0 processing keyword \"Augrabies Falls National Park\" round 4/6","round":4,"timestamp":"2025-02-28 18:05:12"}
{"botIndex":1,"keyword":"Golden Gate Highlands National Park","label":"gen.ts","level":"info","message":"Bot 1 processing keyword \"Golden Gate Highlands National Park\" round 5/6","round":5,"timestamp":"2025-02-28 18:05:22"}
{"botIndex":0,"keyword":"Augrabies Falls National Park","label":"gen.ts","level":"info","message":"Bot 0 processing keyword \"Augrabies Falls National Park\" round 5/6","round":5,"timestamp":"2025-02-28 18:05:26"}
{"botIndex":1,"keyword":"Golden Gate Highlands National Park","label":"gen.ts","level":"info","message":"Bot 1 processing keyword \"Golden Gate Highlands National Park\" round 6/6","round":6,"timestamp":"2025-02-28 18:05:35"}
{"botIndex":0,"keyword":"Augrabies Falls National Park","label":"gen.ts","level":"info","message":"Bot 0 processing keyword \"Augrabies Falls National Park\" round 6/6","round":6,"timestamp":"2025-02-28 18:05:45"}
{"botIndex":0,"keyword":"Karoo National Park","label":"gen.ts","level":"info","message":"Bot 0 processing keyword \"Karoo National Park\" round 1/6","round":1,"timestamp":"2025-02-28 18:06:00"}
{"label":"gen.ts","level":"info","message":"รอบที่ 4 / 862","round":4,"timestamp":"2025-02-28 18:06:00","total":862}
{"botIndex":1,"keyword":"uKhahlamba-Drakensberg Park","label":"gen.ts","level":"info","message":"Bot 1 processing keyword \"uKhahlamba-Drakensberg Park\" round 1/6","round":1,"timestamp":"2025-02-28 18:06:00"}
{"label":"gen.ts","level":"info","message":"รอบที่ 5 / 862","round":5,"timestamp":"2025-02-28 18:06:00","total":862}
{"label":"gen.ts","level":"info","message":"รอ  Bot ว่าง","timestamp":"2025-02-28 18:06:00"}
{"botIndex":0,"keyword":"Karoo National Park","label":"gen.ts","level":"info","message":"Bot 0 processing keyword \"Karoo National Park\" round 2/6","round":2,"timestamp":"2025-02-28 18:06:16"}
{"botIndex":1,"keyword":"uKhahlamba-Drakensberg Park","label":"gen.ts","level":"info","message":"Bot 1 processing keyword \"uKhahlamba-Drakensberg Park\" round 2/6","round":2,"timestamp":"2025-02-28 18:06:17"}
{"botIndex":0,"keyword":"Karoo National Park","label":"gen.ts","level":"info","message":"Bot 0 processing keyword \"Karoo National Park\" round 3/6","round":3,"timestamp":"2025-02-28 18:06:30"}
{"botIndex":1,"keyword":"uKhahlamba-Drakensberg Park","label":"gen.ts","level":"info","message":"Bot 1 processing keyword \"uKhahlamba-Drakensberg Park\" round 3/6","round":3,"timestamp":"2025-02-28 18:06:31"}
{"botIndex":0,"keyword":"Karoo National Park","label":"gen.ts","level":"info","message":"Bot 0 processing keyword \"Karoo National Park\" round 4/6","round":4,"timestamp":"2025-02-28 18:06:44"}
{"botIndex":1,"keyword":"uKhahlamba-Drakensberg Park","label":"gen.ts","level":"info","message":"Bot 1 processing keyword \"uKhahlamba-Drakensberg Park\" round 4/6","round":4,"timestamp":"2025-02-28 18:06:46"}
{"botIndex":1,"keyword":"uKhahlamba-Drakensberg Park","label":"gen.ts","level":"info","message":"Bot 1 processing keyword \"uKhahlamba-Drakensberg Park\" round 5/6","round":5,"timestamp":"2025-02-28 18:07:02"}
{"botIndex":0,"keyword":"Karoo National Park","label":"gen.ts","level":"info","message":"Bot 0 processing keyword \"Karoo National Park\" round 5/6","round":5,"timestamp":"2025-02-28 18:07:03"}
{"botIndex":0,"keyword":"Karoo National Park","label":"gen.ts","level":"info","message":"Bot 0 processing keyword \"Karoo National Park\" round 6/6","round":6,"timestamp":"2025-02-28 18:07:16"}
{"botIndex":1,"keyword":"uKhahlamba-Drakensberg Park","label":"gen.ts","level":"info","message":"Bot 1 processing keyword \"uKhahlamba-Drakensberg Park\" round 6/6","round":6,"timestamp":"2025-02-28 18:07:20"}
{"botIndex":0,"keyword":"West Coast National Park","label":"gen.ts","level":"info","message":"Bot 0 processing keyword \"West Coast National Park\" round 1/6","round":1,"timestamp":"2025-02-28 18:07:34"}
{"label":"gen.ts","level":"info","message":"รอบที่ 6 / 862","round":6,"timestamp":"2025-02-28 18:07:34","total":862}
{"botIndex":1,"keyword":"Garden Route National Park","label":"gen.ts","level":"info","message":"Bot 1 processing keyword \"Garden Route National Park\" round 1/6","round":1,"timestamp":"2025-02-28 18:07:34"}
{"label":"gen.ts","level":"info","message":"รอบที่ 7 / 862","round":7,"timestamp":"2025-02-28 18:07:34","total":862}
{"label":"gen.ts","level":"info","message":"รอ  Bot ว่าง","timestamp":"2025-02-28 18:07:34"}
{"botIndex":1,"keyword":"Garden Route National Park","label":"gen.ts","level":"info","message":"Bot 1 processing keyword \"Garden Route National Park\" round 2/6","round":2,"timestamp":"2025-02-28 18:07:48"}
{"botIndex":0,"keyword":"West Coast National Park","label":"gen.ts","level":"info","message":"Bot 0 processing keyword \"West Coast National Park\" round 2/6","round":2,"timestamp":"2025-02-28 18:07:48"}
{"botIndex":0,"keyword":"West Coast National Park","label":"gen.ts","level":"info","message":"Bot 0 processing keyword \"West Coast National Park\" round 3/6","round":3,"timestamp":"2025-02-28 18:08:01"}
{"botIndex":1,"keyword":"Garden Route National Park","label":"gen.ts","level":"info","message":"Bot 1 processing keyword \"Garden Route National Park\" round 3/6","round":3,"timestamp":"2025-02-28 18:08:05"}
{"botIndex":0,"keyword":"West Coast National Park","label":"gen.ts","level":"info","message":"Bot 0 processing keyword \"West Coast National Park\" round 4/6","round":4,"timestamp":"2025-02-28 18:08:16"}
{"botIndex":1,"keyword":"Garden Route National Park","label":"gen.ts","level":"info","message":"Bot 1 processing keyword \"Garden Route National Park\" round 4/6","round":4,"timestamp":"2025-02-28 18:08:20"}
{"botIndex":0,"keyword":"West Coast National Park","label":"gen.ts","level":"info","message":"Bot 0 processing keyword \"West Coast National Park\" round 5/6","round":5,"timestamp":"2025-02-28 18:08:31"}
{"botIndex":1,"keyword":"Garden Route National Park","label":"gen.ts","level":"info","message":"Bot 1 processing keyword \"Garden Route National Park\" round 5/6","round":5,"timestamp":"2025-02-28 18:08:34"}
{"botIndex":0,"keyword":"West Coast National Park","label":"gen.ts","level":"info","message":"Bot 0 processing keyword \"West Coast National Park\" round 6/6","round":6,"timestamp":"2025-02-28 18:08:46"}
{"botIndex":1,"keyword":"Garden Route National Park","label":"gen.ts","level":"info","message":"Bot 1 processing keyword \"Garden Route National Park\" round 6/6","round":6,"timestamp":"2025-02-28 18:08:48"}
{"botIndex":0,"keyword":"Mountain Zebra National Park","label":"gen.ts","level":"info","message":"Bot 0 processing keyword \"Mountain Zebra National Park\" round 1/6","round":1,"timestamp":"2025-02-28 18:09:02"}
{"label":"gen.ts","level":"info","message":"รอบที่ 8 / 862","round":8,"timestamp":"2025-02-28 18:09:02","total":862}
{"botIndex":1,"keyword":"Boma National Park","label":"gen.ts","level":"info","message":"Bot 1 processing keyword \"Boma National Park\" round 1/6","round":1,"timestamp":"2025-02-28 18:09:02"}
{"label":"gen.ts","level":"info","message":"รอบที่ 9 / 862","round":9,"timestamp":"2025-02-28 18:09:02","total":862}
{"label":"gen.ts","level":"info","message":"รอ  Bot ว่าง","timestamp":"2025-02-28 18:09:02"}
{"botIndex":0,"keyword":"Mountain Zebra National Park","label":"gen.ts","level":"info","message":"Bot 0 processing keyword \"Mountain Zebra National Park\" round 2/6","round":2,"timestamp":"2025-02-28 18:09:18"}
{"botIndex":1,"keyword":"Boma National Park","label":"gen.ts","level":"info","message":"Bot 1 processing keyword \"Boma National Park\" round 2/6","round":2,"timestamp":"2025-02-28 18:09:20"}
{"botIndex":0,"keyword":"Mountain Zebra National Park","label":"gen.ts","level":"info","message":"Bot 0 processing keyword \"Mountain Zebra National Park\" round 3/6","round":3,"timestamp":"2025-02-28 18:09:35"}
{"botIndex":1,"keyword":"Boma National Park","label":"gen.ts","level":"info","message":"Bot 1 processing keyword \"Boma National Park\" round 3/6","round":3,"timestamp":"2025-02-28 18:09:36"}
{"botIndex":1,"keyword":"Boma National Park","label":"gen.ts","level":"info","message":"Bot 1 processing keyword \"Boma National Park\" round 4/6","round":4,"timestamp":"2025-02-28 18:09:50"}
{"botIndex":0,"keyword":"Mountain Zebra National Park","label":"gen.ts","level":"info","message":"Bot 0 processing keyword \"Mountain Zebra National Park\" round 4/6","round":4,"timestamp":"2025-02-28 18:09:53"}
{"botIndex":1,"keyword":"Boma National Park","label":"gen.ts","level":"info","message":"Bot 1 processing keyword \"Boma National Park\" round 5/6","round":5,"timestamp":"2025-02-28 18:10:05"}
{"botIndex":0,"keyword":"Mountain Zebra National Park","label":"gen.ts","level":"info","message":"Bot 0 processing keyword \"Mountain Zebra National Park\" round 5/6","round":5,"timestamp":"2025-02-28 18:10:10"}
{"botIndex":1,"keyword":"Boma National Park","label":"gen.ts","level":"info","message":"Bot 1 processing keyword \"Boma National Park\" round 6/6","round":6,"timestamp":"2025-02-28 18:10:21"}
{"botIndex":0,"keyword":"Mountain Zebra National Park","label":"gen.ts","level":"info","message":"Bot 0 processing keyword \"Mountain Zebra National Park\" round 6/6","round":6,"timestamp":"2025-02-28 18:10:25"}
{"botIndex":0,"keyword":"Sudan: Dinder National Park","label":"gen.ts","level":"info","message":"Bot 0 processing keyword \"Sudan: Dinder National Park\" round 1/6","round":1,"timestamp":"2025-02-28 18:10:40"}
{"label":"gen.ts","level":"info","message":"รอบที่ 10 / 862","round":10,"timestamp":"2025-02-28 18:10:40","total":862}
{"botIndex":1,"keyword":"Serengeti National Park","label":"gen.ts","level":"info","message":"Bot 1 processing keyword \"Serengeti National Park\" round 1/6","round":1,"timestamp":"2025-02-28 18:10:40"}
{"label":"gen.ts","level":"info","message":"รอบที่ 11 / 862","round":11,"timestamp":"2025-02-28 18:10:40","total":862}
{"label":"gen.ts","level":"info","message":"รอ  Bot ว่าง","timestamp":"2025-02-28 18:10:40"}
{"botIndex":0,"keyword":"Sudan: Dinder National Park","label":"gen.ts","level":"info","message":"Bot 0 processing keyword \"Sudan: Dinder National Park\" round 2/6","round":2,"timestamp":"2025-02-28 18:10:54"}
{"botIndex":1,"keyword":"Serengeti National Park","label":"gen.ts","level":"info","message":"Bot 1 processing keyword \"Serengeti National Park\" round 2/6","round":2,"timestamp":"2025-02-28 18:10:56"}
{"botIndex":0,"keyword":"Sudan: Dinder National Park","label":"gen.ts","level":"info","message":"Bot 0 processing keyword \"Sudan: Dinder National Park\" round 3/6","round":3,"timestamp":"2025-02-28 18:11:08"}
{"botIndex":1,"keyword":"Serengeti National Park","label":"gen.ts","level":"info","message":"Bot 1 processing keyword \"Serengeti National Park\" round 3/6","round":3,"timestamp":"2025-02-28 18:11:11"}
{"botIndex":0,"keyword":"Sudan: Dinder National Park","label":"gen.ts","level":"info","message":"Bot 0 processing keyword \"Sudan: Dinder National Park\" round 4/6","round":4,"timestamp":"2025-02-28 18:11:24"}
{"botIndex":1,"keyword":"Serengeti National Park","label":"gen.ts","level":"info","message":"Bot 1 processing keyword \"Serengeti National Park\" round 4/6","round":4,"timestamp":"2025-02-28 18:11:28"}
{"botIndex":0,"keyword":"Sudan: Dinder National Park","label":"gen.ts","level":"info","message":"Bot 0 processing keyword \"Sudan: Dinder National Park\" round 5/6","round":5,"timestamp":"2025-02-28 18:11:39"}
{"botIndex":1,"keyword":"Serengeti National Park","label":"gen.ts","level":"info","message":"Bot 1 processing keyword \"Serengeti National Park\" round 5/6","round":5,"timestamp":"2025-02-28 18:11:43"}
{"botIndex":1,"keyword":"Serengeti National Park","label":"gen.ts","level":"info","message":"Bot 1 processing keyword \"Serengeti National Park\" round 6/6","round":6,"timestamp":"2025-02-28 18:11:55"}
{"botIndex":0,"keyword":"Sudan: Dinder National Park","label":"gen.ts","level":"info","message":"Bot 0 processing keyword \"Sudan: Dinder National Park\" round 6/6","round":6,"timestamp":"2025-02-28 18:11:56"}
{"botIndex":0,"keyword":"Tarangire National Park","label":"gen.ts","level":"info","message":"Bot 0 processing keyword \"Tarangire National Park\" round 1/6","round":1,"timestamp":"2025-02-28 18:12:11"}
{"label":"gen.ts","level":"info","message":"รอบที่ 12 / 862","round":12,"timestamp":"2025-02-28 18:12:11","total":862}
{"botIndex":1,"keyword":"Ruaha National Park","label":"gen.ts","level":"info","message":"Bot 1 processing keyword \"Ruaha National Park\" round 1/6","round":1,"timestamp":"2025-02-28 18:12:11"}
{"label":"gen.ts","level":"info","message":"รอบที่ 13 / 862","round":13,"timestamp":"2025-02-28 18:12:11","total":862}
{"label":"gen.ts","level":"info","message":"รอ  Bot ว่าง","timestamp":"2025-02-28 18:12:11"}
{"botIndex":1,"keyword":"Ruaha National Park","label":"gen.ts","level":"info","message":"Bot 1 processing keyword \"Ruaha National Park\" round 2/6","round":2,"timestamp":"2025-02-28 18:12:24"}
{"botIndex":0,"keyword":"Tarangire National Park","label":"gen.ts","level":"info","message":"Bot 0 processing keyword \"Tarangire National Park\" round 2/6","round":2,"timestamp":"2025-02-28 18:12:27"}
{"botIndex":1,"keyword":"Ruaha National Park","label":"gen.ts","level":"info","message":"Bot 1 processing keyword \"Ruaha National Park\" round 3/6","round":3,"timestamp":"2025-02-28 18:12:41"}
{"botIndex":0,"keyword":"Tarangire National Park","label":"gen.ts","level":"info","message":"Bot 0 processing keyword \"Tarangire National Park\" round 3/6","round":3,"timestamp":"2025-02-28 18:12:44"}
{"botIndex":1,"keyword":"Ruaha National Park","label":"gen.ts","level":"info","message":"Bot 1 processing keyword \"Ruaha National Park\" round 4/6","round":4,"timestamp":"2025-02-28 18:12:58"}
{"botIndex":0,"keyword":"Tarangire National Park","label":"gen.ts","level":"info","message":"Bot 0 processing keyword \"Tarangire National Park\" round 4/6","round":4,"timestamp":"2025-02-28 18:13:00"}
{"botIndex":1,"keyword":"Ruaha National Park","label":"gen.ts","level":"info","message":"Bot 1 processing keyword \"Ruaha National Park\" round 5/6","round":5,"timestamp":"2025-02-28 18:13:14"}
{"botIndex":0,"keyword":"Tarangire National Park","label":"gen.ts","level":"info","message":"Bot 0 processing keyword \"Tarangire National Park\" round 5/6","round":5,"timestamp":"2025-02-28 18:13:15"}
{"botIndex":1,"keyword":"Ruaha National Park","label":"gen.ts","level":"info","message":"Bot 1 processing keyword \"Ruaha National Park\" round 6/6","round":6,"timestamp":"2025-02-28 18:13:28"}
{"botIndex":0,"keyword":"Tarangire National Park","label":"gen.ts","level":"info","message":"Bot 0 processing keyword \"Tarangire National Park\" round 6/6","round":6,"timestamp":"2025-02-28 18:13:29"}
{"botIndex":0,"keyword":"Kilimanjaro National Park","label":"gen.ts","level":"info","message":"Bot 0 processing keyword \"Kilimanjaro National Park\" round 1/6","round":1,"timestamp":"2025-02-28 18:13:46"}
{"label":"gen.ts","level":"info","message":"รอบที่ 14 / 862","round":14,"timestamp":"2025-02-28 18:13:46","total":862}
{"botIndex":1,"keyword":"Mikumi National Park","label":"gen.ts","level":"info","message":"Bot 1 processing keyword \"Mikumi National Park\" round 1/6","round":1,"timestamp":"2025-02-28 18:13:46"}
{"label":"gen.ts","level":"info","message":"รอบที่ 15 / 862","round":15,"timestamp":"2025-02-28 18:13:46","total":862}
{"label":"gen.ts","level":"info","message":"รอ  Bot ว่าง","timestamp":"2025-02-28 18:13:46"}
{"botIndex":1,"keyword":"Mikumi National Park","label":"gen.ts","level":"info","message":"Bot 1 processing keyword \"Mikumi National Park\" round 2/6","round":2,"timestamp":"2025-02-28 18:13:59"}
{"botIndex":0,"keyword":"Kilimanjaro National Park","label":"gen.ts","level":"info","message":"Bot 0 processing keyword \"Kilimanjaro National Park\" round 2/6","round":2,"timestamp":"2025-02-28 18:14:03"}
{"botIndex":1,"keyword":"Mikumi National Park","label":"gen.ts","level":"info","message":"Bot 1 processing keyword \"Mikumi National Park\" round 3/6","round":3,"timestamp":"2025-02-28 18:14:14"}
{"botIndex":0,"keyword":"Kilimanjaro National Park","label":"gen.ts","level":"info","message":"Bot 0 processing keyword \"Kilimanjaro National Park\" round 3/6","round":3,"timestamp":"2025-02-28 18:14:18"}
{"botIndex":1,"keyword":"Mikumi National Park","label":"gen.ts","level":"info","message":"Bot 1 processing keyword \"Mikumi National Park\" round 4/6","round":4,"timestamp":"2025-02-28 18:14:29"}
{"botIndex":0,"keyword":"Kilimanjaro National Park","label":"gen.ts","level":"info","message":"Bot 0 processing keyword \"Kilimanjaro National Park\" round 4/6","round":4,"timestamp":"2025-02-28 18:14:33"}
{"botIndex":1,"keyword":"Mikumi National Park","label":"gen.ts","level":"info","message":"Bot 1 processing keyword \"Mikumi National Park\" round 5/6","round":5,"timestamp":"2025-02-28 18:14:44"}
{"botIndex":0,"keyword":"Kilimanjaro National Park","label":"gen.ts","level":"info","message":"Bot 0 processing keyword \"Kilimanjaro National Park\" round 5/6","round":5,"timestamp":"2025-02-28 18:14:47"}
{"botIndex":1,"keyword":"Mikumi National Park","label":"gen.ts","level":"info","message":"Bot 1 processing keyword \"Mikumi National Park\" round 6/6","round":6,"timestamp":"2025-02-28 18:14:59"}
{"botIndex":0,"keyword":"Kilimanjaro National Park","label":"gen.ts","level":"info","message":"Bot 0 processing keyword \"Kilimanjaro National Park\" round 6/6","round":6,"timestamp":"2025-02-28 18:15:02"}
{"botIndex":0,"keyword":"Fazao-Malfakassa National Park","label":"gen.ts","level":"info","message":"Bot 0 processing keyword \"Fazao-Malfakassa National Park\" round 1/6","round":1,"timestamp":"2025-02-28 18:15:18"}
{"label":"gen.ts","level":"info","message":"รอบที่ 16 / 862","round":16,"timestamp":"2025-02-28 18:15:18","total":862}
{"botIndex":1,"keyword":"Ichkeul National Park","label":"gen.ts","level":"info","message":"Bot 1 processing keyword \"Ichkeul National Park\" round 1/6","round":1,"timestamp":"2025-02-28 18:15:18"}
{"label":"gen.ts","level":"info","message":"รอบที่ 17 / 862","round":17,"timestamp":"2025-02-28 18:15:18","total":862}
{"label":"gen.ts","level":"info","message":"รอ  Bot ว่าง","timestamp":"2025-02-28 18:15:18"}
{"botIndex":0,"keyword":"Fazao-Malfakassa National Park","label":"gen.ts","level":"info","message":"Bot 0 processing keyword \"Fazao-Malfakassa National Park\" round 2/6","round":2,"timestamp":"2025-02-28 18:15:32"}
{"botIndex":1,"keyword":"Ichkeul National Park","label":"gen.ts","level":"info","message":"Bot 1 processing keyword \"Ichkeul National Park\" round 2/6","round":2,"timestamp":"2025-02-28 18:15:33"}
{"botIndex":0,"keyword":"Fazao-Malfakassa National Park","label":"gen.ts","level":"info","message":"Bot 0 processing keyword \"Fazao-Malfakassa National Park\" round 3/6","round":3,"timestamp":"2025-02-28 18:15:44"}
{"botIndex":1,"keyword":"Ichkeul National Park","label":"gen.ts","level":"info","message":"Bot 1 processing keyword \"Ichkeul National Park\" round 3/6","round":3,"timestamp":"2025-02-28 18:15:48"}
{"botIndex":0,"keyword":"Fazao-Malfakassa National Park","label":"gen.ts","level":"info","message":"Bot 0 processing keyword \"Fazao-Malfakassa National Park\" round 4/6","round":4,"timestamp":"2025-02-28 18:15:58"}
{"botIndex":1,"keyword":"Ichkeul National Park","label":"gen.ts","level":"info","message":"Bot 1 processing keyword \"Ichkeul National Park\" round 4/6","round":4,"timestamp":"2025-02-28 18:16:01"}
{"botIndex":0,"keyword":"Fazao-Malfakassa National Park","label":"gen.ts","level":"info","message":"Bot 0 processing keyword \"Fazao-Malfakassa National Park\" round 5/6","round":5,"timestamp":"2025-02-28 18:16:14"}
{"botIndex":1,"keyword":"Ichkeul National Park","label":"gen.ts","level":"info","message":"Bot 1 processing keyword \"Ichkeul National Park\" round 5/6","round":5,"timestamp":"2025-02-28 18:16:16"}
{"botIndex":0,"keyword":"Fazao-Malfakassa National Park","label":"gen.ts","level":"info","message":"Bot 0 processing keyword \"Fazao-Malfakassa National Park\" round 6/6","round":6,"timestamp":"2025-02-28 18:16:31"}
{"botIndex":1,"keyword":"Ichkeul National Park","label":"gen.ts","level":"info","message":"Bot 1 processing keyword \"Ichkeul National Park\" round 6/6","round":6,"timestamp":"2025-02-28 18:16:33"}
{"botIndex":0,"keyword":"Bwindi Impenetrable National Park","label":"gen.ts","level":"info","message":"Bot 0 processing keyword \"Bwindi Impenetrable National Park\" round 1/6","round":1,"timestamp":"2025-02-28 18:16:48"}
{"label":"gen.ts","level":"info","message":"รอบที่ 18 / 862","round":18,"timestamp":"2025-02-28 18:16:48","total":862}
{"botIndex":1,"keyword":"Queen Elizabeth National Park","label":"gen.ts","level":"info","message":"Bot 1 processing keyword \"Queen Elizabeth National Park\" round 1/6","round":1,"timestamp":"2025-02-28 18:16:48"}
{"label":"gen.ts","level":"info","message":"รอบที่ 19 / 862","round":19,"timestamp":"2025-02-28 18:16:48","total":862}
{"label":"gen.ts","level":"info","message":"รอ  Bot ว่าง","timestamp":"2025-02-28 18:16:48"}
{"botIndex":1,"keyword":"Queen Elizabeth National Park","label":"gen.ts","level":"info","message":"Bot 1 processing keyword \"Queen Elizabeth National Park\" round 2/6","round":2,"timestamp":"2025-02-28 18:17:00"}
{"botIndex":0,"keyword":"Bwindi Impenetrable National Park","label":"gen.ts","level":"info","message":"Bot 0 processing keyword \"Bwindi Impenetrable National Park\" round 2/6","round":2,"timestamp":"2025-02-28 18:17:04"}
{"botIndex":1,"keyword":"Queen Elizabeth National Park","label":"gen.ts","level":"info","message":"Bot 1 processing keyword \"Queen Elizabeth National Park\" round 3/6","round":3,"timestamp":"2025-02-28 18:17:15"}
{"botIndex":0,"keyword":"Bwindi Impenetrable National Park","label":"gen.ts","level":"info","message":"Bot 0 processing keyword \"Bwindi Impenetrable National Park\" round 3/6","round":3,"timestamp":"2025-02-28 18:17:19"}
{"botIndex":1,"keyword":"Queen Elizabeth National Park","label":"gen.ts","level":"info","message":"Bot 1 processing keyword \"Queen Elizabeth National Park\" round 4/6","round":4,"timestamp":"2025-02-28 18:17:30"}
{"botIndex":0,"keyword":"Bwindi Impenetrable National Park","label":"gen.ts","level":"info","message":"Bot 0 processing keyword \"Bwindi Impenetrable National Park\" round 4/6","round":4,"timestamp":"2025-02-28 18:17:33"}
{"botIndex":1,"keyword":"Queen Elizabeth National Park","label":"gen.ts","level":"info","message":"Bot 1 processing keyword \"Queen Elizabeth National Park\" round 5/6","round":5,"timestamp":"2025-02-28 18:17:45"}
{"botIndex":0,"keyword":"Bwindi Impenetrable National Park","label":"gen.ts","level":"info","message":"Bot 0 processing keyword \"Bwindi Impenetrable National Park\" round 5/6","round":5,"timestamp":"2025-02-28 18:17:47"}
{"botIndex":1,"keyword":"Queen Elizabeth National Park","label":"gen.ts","level":"info","message":"Bot 1 processing keyword \"Queen Elizabeth National Park\" round 6/6","round":6,"timestamp":"2025-02-28 18:18:02"}
{"botIndex":0,"keyword":"Bwindi Impenetrable National Park","label":"gen.ts","level":"info","message":"Bot 0 processing keyword \"Bwindi Impenetrable National Park\" round 6/6","round":6,"timestamp":"2025-02-28 18:18:05"}
{"botIndex":0,"keyword":"Murchison Falls National Park","label":"gen.ts","level":"info","message":"Bot 0 processing keyword \"Murchison Falls National Park\" round 1/6","round":1,"timestamp":"2025-02-28 18:18:19"}
{"label":"gen.ts","level":"info","message":"รอบที่ 20 / 862","round":20,"timestamp":"2025-02-28 18:18:19","total":862}
{"botIndex":1,"keyword":"Kibale National Park","label":"gen.ts","level":"info","message":"Bot 1 processing keyword \"Kibale National Park\" round 1/6","round":1,"timestamp":"2025-02-28 18:18:19"}
{"label":"gen.ts","level":"info","message":"รอบที่ 21 / 862","round":21,"timestamp":"2025-02-28 18:18:19","total":862}
{"label":"gen.ts","level":"info","message":"รอ  Bot ว่าง","timestamp":"2025-02-28 18:18:19"}
{"botIndex":0,"keyword":"Murchison Falls National Park","label":"gen.ts","level":"info","message":"Bot 0 processing keyword \"Murchison Falls National Park\" round 2/6","round":2,"timestamp":"2025-02-28 18:18:32"}
{"botIndex":1,"keyword":"Kibale National Park","label":"gen.ts","level":"info","message":"Bot 1 processing keyword \"Kibale National Park\" round 2/6","round":2,"timestamp":"2025-02-28 18:18:35"}
{"botIndex":0,"keyword":"Murchison Falls National Park","label":"gen.ts","level":"info","message":"Bot 0 processing keyword \"Murchison Falls National Park\" round 3/6","round":3,"timestamp":"2025-02-28 18:18:46"}
{"botIndex":1,"keyword":"Kibale National Park","label":"gen.ts","level":"info","message":"Bot 1 processing keyword \"Kibale National Park\" round 3/6","round":3,"timestamp":"2025-02-28 18:18:49"}
{"botIndex":0,"keyword":"Murchison Falls National Park","label":"gen.ts","level":"info","message":"Bot 0 processing keyword \"Murchison Falls National Park\" round 4/6","round":4,"timestamp":"2025-02-28 18:19:04"}
{"botIndex":1,"keyword":"Kibale National Park","label":"gen.ts","level":"info","message":"Bot 1 processing keyword \"Kibale National Park\" round 4/6","round":4,"timestamp":"2025-02-28 18:19:05"}
{"botIndex":1,"keyword":"Kibale National Park","label":"gen.ts","level":"info","message":"Bot 1 processing keyword \"Kibale National Park\" round 5/6","round":5,"timestamp":"2025-02-28 18:19:20"}
{"botIndex":0,"keyword":"Murchison Falls National Park","label":"gen.ts","level":"info","message":"Bot 0 processing keyword \"Murchison Falls National Park\" round 5/6","round":5,"timestamp":"2025-02-28 18:19:21"}
{"botIndex":0,"keyword":"Murchison Falls National Park","label":"gen.ts","level":"info","message":"Bot 0 processing keyword \"Murchison Falls National Park\" round 6/6","round":6,"timestamp":"2025-02-28 18:19:34"}
{"botIndex":1,"keyword":"Kibale National Park","label":"gen.ts","level":"info","message":"Bot 1 processing keyword \"Kibale National Park\" round 6/6","round":6,"timestamp":"2025-02-28 18:19:34"}
{"botIndex":0,"keyword":"Mgahinga Gorilla National Park","label":"gen.ts","level":"info","message":"Bot 0 processing keyword \"Mgahinga Gorilla National Park\" round 1/6","round":1,"timestamp":"2025-02-28 18:19:51"}
{"label":"gen.ts","level":"info","message":"รอบที่ 22 / 862","round":22,"timestamp":"2025-02-28 18:19:51","total":862}
{"botIndex":1,"keyword":"Kidepo Valley National Park","label":"gen.ts","level":"info","message":"Bot 1 processing keyword \"Kidepo Valley National Park\" round 1/6","round":1,"timestamp":"2025-02-28 18:19:51"}
{"label":"gen.ts","level":"info","message":"รอบที่ 23 / 862","round":23,"timestamp":"2025-02-28 18:19:51","total":862}
{"label":"gen.ts","level":"info","message":"รอ  Bot ว่าง","timestamp":"2025-02-28 18:19:51"}
{"botIndex":1,"keyword":"Kidepo Valley National Park","label":"gen.ts","level":"info","message":"Bot 1 processing keyword \"Kidepo Valley National Park\" round 2/6","round":2,"timestamp":"2025-02-28 18:20:03"}
{"botIndex":0,"keyword":"Mgahinga Gorilla National Park","label":"gen.ts","level":"info","message":"Bot 0 processing keyword \"Mgahinga Gorilla National Park\" round 2/6","round":2,"timestamp":"2025-02-28 18:20:07"}
{"botIndex":1,"keyword":"Kidepo Valley National Park","label":"gen.ts","level":"info","message":"Bot 1 processing keyword \"Kidepo Valley National Park\" round 3/6","round":3,"timestamp":"2025-02-28 18:20:18"}
{"botIndex":0,"keyword":"Mgahinga Gorilla National Park","label":"gen.ts","level":"info","message":"Bot 0 processing keyword \"Mgahinga Gorilla National Park\" round 3/6","round":3,"timestamp":"2025-02-28 18:20:21"}
{"botIndex":1,"keyword":"Kidepo Valley National Park","label":"gen.ts","level":"info","message":"Bot 1 processing keyword \"Kidepo Valley National Park\" round 4/6","round":4,"timestamp":"2025-02-28 18:20:30"}
{"botIndex":0,"keyword":"Mgahinga Gorilla National Park","label":"gen.ts","level":"info","message":"Bot 0 processing keyword \"Mgahinga Gorilla National Park\" round 4/6","round":4,"timestamp":"2025-02-28 18:20:35"}
{"botIndex":1,"keyword":"Kidepo Valley National Park","label":"gen.ts","level":"info","message":"Bot 1 processing keyword \"Kidepo Valley National Park\" round 5/6","round":5,"timestamp":"2025-02-28 18:20:40"}
{"botIndex":0,"keyword":"Mgahinga Gorilla National Park","label":"gen.ts","level":"info","message":"Bot 0 processing keyword \"Mgahinga Gorilla National Park\" round 5/6","round":5,"timestamp":"2025-02-28 18:20:50"}
{"botIndex":1,"keyword":"Kidepo Valley National Park","label":"gen.ts","level":"info","message":"Bot 1 processing keyword \"Kidepo Valley National Park\" round 6/6","round":6,"timestamp":"2025-02-28 18:20:52"}
{"botIndex":0,"keyword":"Mgahinga Gorilla National Park","label":"gen.ts","level":"info","message":"Bot 0 processing keyword \"Mgahinga Gorilla National Park\" round 6/6","round":6,"timestamp":"2025-02-28 18:21:04"}
{"botIndex":0,"keyword":"South Luangwa National Park","label":"gen.ts","level":"info","message":"Bot 0 processing keyword \"South Luangwa National Park\" round 1/6","round":1,"timestamp":"2025-02-28 18:21:18"}
{"label":"gen.ts","level":"info","message":"รอบที่ 24 / 862","round":24,"timestamp":"2025-02-28 18:21:18","total":862}
{"botIndex":1,"keyword":"Kafue National Park","label":"gen.ts","level":"info","message":"Bot 1 processing keyword \"Kafue National Park\" round 1/6","round":1,"timestamp":"2025-02-28 18:21:18"}
{"label":"gen.ts","level":"info","message":"รอบที่ 25 / 862","round":25,"timestamp":"2025-02-28 18:21:18","total":862}
{"label":"gen.ts","level":"info","message":"รอ  Bot ว่าง","timestamp":"2025-02-28 18:21:18"}
{"botIndex":0,"keyword":"South Luangwa National Park","label":"gen.ts","level":"info","message":"Bot 0 processing keyword \"South Luangwa National Park\" round 2/6","round":2,"timestamp":"2025-02-28 18:21:32"}
{"botIndex":1,"keyword":"Kafue National Park","label":"gen.ts","level":"info","message":"Bot 1 processing keyword \"Kafue National Park\" round 2/6","round":2,"timestamp":"2025-02-28 18:21:35"}
{"botIndex":0,"keyword":"South Luangwa National Park","label":"gen.ts","level":"info","message":"Bot 0 processing keyword \"South Luangwa National Park\" round 3/6","round":3,"timestamp":"2025-02-28 18:21:49"}
{"botIndex":1,"keyword":"Kafue National Park","label":"gen.ts","level":"info","message":"Bot 1 processing keyword \"Kafue National Park\" round 3/6","round":3,"timestamp":"2025-02-28 18:21:50"}
{"botIndex":1,"keyword":"Kafue National Park","label":"gen.ts","level":"info","message":"Bot 1 processing keyword \"Kafue National Park\" round 4/6","round":4,"timestamp":"2025-02-28 18:22:04"}
{"botIndex":0,"keyword":"South Luangwa National Park","label":"gen.ts","level":"info","message":"Bot 0 processing keyword \"South Luangwa National Park\" round 4/6","round":4,"timestamp":"2025-02-28 18:22:06"}
{"botIndex":1,"keyword":"Kafue National Park","label":"gen.ts","level":"info","message":"Bot 1 processing keyword \"Kafue National Park\" round 5/6","round":5,"timestamp":"2025-02-28 18:22:19"}
{"botIndex":0,"keyword":"South Luangwa National Park","label":"gen.ts","level":"info","message":"Bot 0 processing keyword \"South Luangwa National Park\" round 5/6","round":5,"timestamp":"2025-02-28 18:22:23"}
{"botIndex":1,"keyword":"Kafue National Park","label":"gen.ts","level":"info","message":"Bot 1 processing keyword \"Kafue National Park\" round 6/6","round":6,"timestamp":"2025-02-28 18:22:33"}
{"botIndex":0,"keyword":"South Luangwa National Park","label":"gen.ts","level":"info","message":"Bot 0 processing keyword \"South Luangwa National Park\" round 6/6","round":6,"timestamp":"2025-02-28 18:22:37"}
{"botIndex":0,"keyword":"Lower Zambezi National Park","label":"gen.ts","level":"info","message":"Bot 0 processing keyword \"Lower Zambezi National Park\" round 1/6","round":1,"timestamp":"2025-02-28 18:22:51"}
{"label":"gen.ts","level":"info","message":"รอบที่ 26 / 862","round":26,"timestamp":"2025-02-28 18:22:51","total":862}
{"botIndex":1,"keyword":"North Luangwa National Park","label":"gen.ts","level":"info","message":"Bot 1 processing keyword \"North Luangwa National Park\" round 1/6","round":1,"timestamp":"2025-02-28 18:22:51"}
{"label":"gen.ts","level":"info","message":"รอบที่ 27 / 862","round":27,"timestamp":"2025-02-28 18:22:51","total":862}
{"label":"gen.ts","level":"info","message":"รอ  Bot ว่าง","timestamp":"2025-02-28 18:22:51"}
{"botIndex":1,"keyword":"North Luangwa National Park","label":"gen.ts","level":"info","message":"Bot 1 processing keyword \"North Luangwa National Park\" round 2/6","round":2,"timestamp":"2025-02-28 18:23:06"}
{"botIndex":0,"keyword":"Lower Zambezi National Park","label":"gen.ts","level":"info","message":"Bot 0 processing keyword \"Lower Zambezi National Park\" round 2/6","round":2,"timestamp":"2025-02-28 18:23:08"}
{"botIndex":1,"keyword":"North Luangwa National Park","label":"gen.ts","level":"info","message":"Bot 1 processing keyword \"North Luangwa National Park\" round 3/6","round":3,"timestamp":"2025-02-28 18:23:20"}
{"botIndex":0,"keyword":"Lower Zambezi National Park","label":"gen.ts","level":"info","message":"Bot 0 processing keyword \"Lower Zambezi National Park\" round 3/6","round":3,"timestamp":"2025-02-28 18:23:22"}
{"botIndex":1,"keyword":"North Luangwa National Park","label":"gen.ts","level":"info","message":"Bot 1 processing keyword \"North Luangwa National Park\" round 4/6","round":4,"timestamp":"2025-02-28 18:23:34"}
{"botIndex":0,"keyword":"Lower Zambezi National Park","label":"gen.ts","level":"info","message":"Bot 0 processing keyword \"Lower Zambezi National Park\" round 4/6","round":4,"timestamp":"2025-02-28 18:23:36"}
{"botIndex":1,"keyword":"North Luangwa National Park","label":"gen.ts","level":"info","message":"Bot 1 processing keyword \"North Luangwa National Park\" round 5/6","round":5,"timestamp":"2025-02-28 18:23:49"}
{"botIndex":0,"keyword":"Lower Zambezi National Park","label":"gen.ts","level":"info","message":"Bot 0 processing keyword \"Lower Zambezi National Park\" round 5/6","round":5,"timestamp":"2025-02-28 18:23:51"}
{"botIndex":1,"keyword":"North Luangwa National Park","label":"gen.ts","level":"info","message":"Bot 1 processing keyword \"North Luangwa National Park\" round 6/6","round":6,"timestamp":"2025-02-28 18:24:02"}
{"botIndex":0,"keyword":"Lower Zambezi National Park","label":"gen.ts","level":"info","message":"Bot 0 processing keyword \"Lower Zambezi National Park\" round 6/6","round":6,"timestamp":"2025-02-28 18:24:05"}
{"botIndex":0,"keyword":"Hwange National Park","label":"gen.ts","level":"info","message":"Bot 0 processing keyword \"Hwange National Park\" round 1/6","round":1,"timestamp":"2025-02-28 18:24:20"}
{"label":"gen.ts","level":"info","message":"รอบที่ 28 / 862","round":28,"timestamp":"2025-02-28 18:24:20","total":862}
{"botIndex":1,"keyword":"Mana Pools National Park","label":"gen.ts","level":"info","message":"Bot 1 processing keyword \"Mana Pools National Park\" round 1/6","round":1,"timestamp":"2025-02-28 18:24:20"}
{"label":"gen.ts","level":"info","message":"รอบที่ 29 / 862","round":29,"timestamp":"2025-02-28 18:24:20","total":862}
{"label":"gen.ts","level":"info","message":"รอ  Bot ว่าง","timestamp":"2025-02-28 18:24:20"}
{"botIndex":1,"keyword":"Mana Pools National Park","label":"gen.ts","level":"info","message":"Bot 1 processing keyword \"Mana Pools National Park\" round 2/6","round":2,"timestamp":"2025-02-28 18:24:36"}
{"botIndex":0,"keyword":"Hwange National Park","label":"gen.ts","level":"info","message":"Bot 0 processing keyword \"Hwange National Park\" round 2/6","round":2,"timestamp":"2025-02-28 18:24:37"}
{"botIndex":1,"keyword":"Mana Pools National Park","label":"gen.ts","level":"info","message":"Bot 1 processing keyword \"Mana Pools National Park\" round 3/6","round":3,"timestamp":"2025-02-28 18:24:52"}
{"botIndex":0,"keyword":"Hwange National Park","label":"gen.ts","level":"info","message":"Bot 0 processing keyword \"Hwange National Park\" round 3/6","round":3,"timestamp":"2025-02-28 18:24:54"}
{"botIndex":1,"keyword":"Mana Pools National Park","label":"gen.ts","level":"info","message":"Bot 1 processing keyword \"Mana Pools National Park\" round 4/6","round":4,"timestamp":"2025-02-28 18:25:09"}
{"botIndex":0,"keyword":"Hwange National Park","label":"gen.ts","level":"info","message":"Bot 0 processing keyword \"Hwange National Park\" round 4/6","round":4,"timestamp":"2025-02-28 18:25:13"}
{"botIndex":1,"keyword":"Mana Pools National Park","label":"gen.ts","level":"info","message":"Bot 1 processing keyword \"Mana Pools National Park\" round 5/6","round":5,"timestamp":"2025-02-28 18:25:24"}
{"botIndex":0,"keyword":"Hwange National Park","label":"gen.ts","level":"info","message":"Bot 0 processing keyword \"Hwange National Park\" round 5/6","round":5,"timestamp":"2025-02-28 18:25:27"}
{"botIndex":0,"keyword":"Hwange National Park","label":"gen.ts","level":"info","message":"Bot 0 processing keyword \"Hwange National Park\" round 6/6","round":6,"timestamp":"2025-02-28 18:25:40"}
{"botIndex":1,"keyword":"Mana Pools National Park","label":"gen.ts","level":"info","message":"Bot 1 processing keyword \"Mana Pools National Park\" round 6/6","round":6,"timestamp":"2025-02-28 18:25:41"}
{"botIndex":0,"keyword":"Gonarezhou National Park","label":"gen.ts","level":"info","message":"Bot 0 processing keyword \"Gonarezhou National Park\" round 1/6","round":1,"timestamp":"2025-02-28 18:25:57"}
{"label":"gen.ts","level":"info","message":"รอบที่ 30 / 862","round":30,"timestamp":"2025-02-28 18:25:57","total":862}
{"botIndex":1,"keyword":"Matobo National Park","label":"gen.ts","level":"info","message":"Bot 1 processing keyword \"Matobo National Park\" round 1/6","round":1,"timestamp":"2025-02-28 18:25:57"}
{"label":"gen.ts","level":"info","message":"รอบที่ 31 / 862","round":31,"timestamp":"2025-02-28 18:25:57","total":862}
{"label":"gen.ts","level":"info","message":"รอ  Bot ว่าง","timestamp":"2025-02-28 18:25:57"}
