{"label":"main.ts","level":"info","message":"Data Source has been initialized!","timestamp":"2025-04-09 21:15:30"}
{"label":"main.ts","level":"info","message":"Routes have been set up!","timestamp":"2025-04-09 21:15:30"}
{"label":"main.ts","level":"info","message":"Server is running on http://localhost:3000","timestamp":"2025-04-09 21:15:30"}
{"label":"main.ts","level":"info","message":"Data Source has been initialized!","timestamp":"2025-04-09 21:20:10"}
{"label":"main.ts","level":"info","message":"Routes have been set up!","timestamp":"2025-04-09 21:20:10"}
{"label":"main.ts","level":"info","message":"Server is running on http://localhost:3000","timestamp":"2025-04-09 21:20:10"}
{"label":"comfy-gen.ts","level":"info","message":"Starting Db...","timestamp":"2025-04-09 21:53:37"}
{"label":"comfy-gen.ts","level":"error","message":"No server found, Waiting for 1 second for activate server","timestamp":"2025-04-09 21:53:37"}
{"label":"comfy-down.ts","level":"info","message":"No pending prompts. Retrying in 5 seconds...","timestamp":"2025-04-09 21:53:37"}
{"label":"comfy-gen.ts","level":"error","message":"No server found, Waiting for 1 second for activate server","timestamp":"2025-04-09 21:53:38"}
{"label":"comfy-gen.ts","level":"error","message":"No server found, Waiting for 1 second for activate server","timestamp":"2025-04-09 21:53:39"}
{"label":"comfy-gen.ts","level":"error","message":"No server found, Waiting for 1 second for activate server","timestamp":"2025-04-09 21:53:40"}
{"label":"comfy-gen.ts","level":"error","message":"No server found, Waiting for 1 second for activate server","timestamp":"2025-04-09 21:53:41"}
{"label":"comfy-gen.ts","level":"error","message":"No server found, Waiting for 1 second for activate server","timestamp":"2025-04-09 21:53:42"}
{"label":"comfy-down.ts","level":"info","message":"No pending prompts. Retrying in 5 seconds...","timestamp":"2025-04-09 21:53:42"}
{"label":"comfy-gen.ts","level":"error","message":"No server found, Waiting for 1 second for activate server","timestamp":"2025-04-09 21:53:43"}
{"label":"comfy-gen.ts","level":"error","message":"No server found, Waiting for 1 second for activate server","timestamp":"2025-04-09 21:53:44"}
{"label":"comfy-gen.ts","level":"error","message":"No server found, Waiting for 1 second for activate server","timestamp":"2025-04-09 21:53:45"}
{"label":"comfy-gen.ts","level":"error","message":"No server found, Waiting for 1 second for activate server","timestamp":"2025-04-09 21:53:46"}
{"label":"comfy-gen.ts","level":"error","message":"No server found, Waiting for 1 second for activate server","timestamp":"2025-04-09 21:53:47"}
{"label":"comfy-down.ts","level":"info","message":"No pending prompts. Retrying in 5 seconds...","timestamp":"2025-04-09 21:53:47"}
{"label":"comfy-gen.ts","level":"error","message":"No server found, Waiting for 1 second for activate server","timestamp":"2025-04-09 21:53:48"}
{"label":"comfy-gen.ts","level":"error","message":"No server found, Waiting for 1 second for activate server","timestamp":"2025-04-09 21:53:49"}
{"label":"comfy-gen.ts","level":"error","message":"No server found, Waiting for 1 second for activate server","timestamp":"2025-04-09 21:53:50"}
{"label":"comfy-gen.ts","level":"error","message":"No server found, Waiting for 1 second for activate server","timestamp":"2025-04-09 21:53:51"}
{"label":"comfy-gen.ts","level":"error","message":"No server found, Waiting for 1 second for activate server","timestamp":"2025-04-09 21:53:52"}
{"label":"comfy-down.ts","level":"info","message":"No pending prompts. Retrying in 5 seconds...","timestamp":"2025-04-09 21:53:52"}
{"label":"comfy-gen.ts","level":"error","message":"No server found, Waiting for 1 second for activate server","timestamp":"2025-04-09 21:53:53"}
{"label":"comfy-gen.ts","level":"error","message":"No server found, Waiting for 1 second for activate server","timestamp":"2025-04-09 21:53:54"}
{"label":"comfy-gen.ts","level":"error","message":"No server found, Waiting for 1 second for activate server","timestamp":"2025-04-09 21:53:55"}
{"label":"comfy-gen.ts","level":"error","message":"No server found, Waiting for 1 second for activate server","timestamp":"2025-04-09 21:53:56"}
{"label":"comfy-gen.ts","level":"error","message":"No server found, Waiting for 1 second for activate server","timestamp":"2025-04-09 21:53:57"}
{"label":"comfy-down.ts","level":"info","message":"No pending prompts. Retrying in 5 seconds...","timestamp":"2025-04-09 21:53:57"}
{"label":"comfy-gen.ts","level":"error","message":"No server found, Waiting for 1 second for activate server","timestamp":"2025-04-09 21:53:58"}
{"label":"comfy-gen.ts","level":"error","message":"No server found, Waiting for 1 second for activate server","timestamp":"2025-04-09 21:53:59"}
{"label":"comfy-gen.ts","level":"error","message":"No server found, Waiting for 1 second for activate server","timestamp":"2025-04-09 21:54:00"}
{"label":"comfy-gen.ts","level":"error","message":"No server found, Waiting for 1 second for activate server","timestamp":"2025-04-09 21:54:01"}
{"label":"comfy-gen.ts","level":"error","message":"No server found, Waiting for 1 second for activate server","timestamp":"2025-04-09 21:54:02"}
{"label":"comfy-down.ts","level":"info","message":"No pending prompts. Retrying in 5 seconds...","timestamp":"2025-04-09 21:54:02"}
{"label":"comfy-gen.ts","level":"error","message":"No server found, Waiting for 1 second for activate server","timestamp":"2025-04-09 21:54:03"}
{"label":"comfy-gen.ts","level":"error","message":"No server found, Waiting for 1 second for activate server","timestamp":"2025-04-09 21:54:04"}
{"label":"comfy-gen.ts","level":"error","message":"No server found, Waiting for 1 second for activate server","timestamp":"2025-04-09 21:54:05"}
{"label":"comfy-gen.ts","level":"error","message":"No server found, Waiting for 1 second for activate server","timestamp":"2025-04-09 21:54:06"}
{"label":"comfy-gen.ts","level":"error","message":"No server found, Waiting for 1 second for activate server","timestamp":"2025-04-09 21:54:07"}
{"label":"comfy-down.ts","level":"info","message":"No pending prompts. Retrying in 5 seconds...","timestamp":"2025-04-09 21:54:07"}
{"label":"comfy-gen.ts","level":"error","message":"No server found, Waiting for 1 second for activate server","timestamp":"2025-04-09 21:54:08"}
{"label":"comfy-gen.ts","level":"error","message":"No server found, Waiting for 1 second for activate server","timestamp":"2025-04-09 21:54:09"}
{"label":"comfy-gen.ts","level":"error","message":"No server found, Waiting for 1 second for activate server","timestamp":"2025-04-09 21:54:10"}
{"label":"comfy-gen.ts","level":"error","message":"No server found, Waiting for 1 second for activate server","timestamp":"2025-04-09 21:54:11"}
{"label":"comfy-gen.ts","level":"error","message":"No server found, Waiting for 1 second for activate server","timestamp":"2025-04-09 21:54:12"}
{"label":"comfy-down.ts","level":"info","message":"No pending prompts. Retrying in 5 seconds...","timestamp":"2025-04-09 21:54:12"}
{"label":"comfy-gen.ts","level":"error","message":"No server found, Waiting for 1 second for activate server","timestamp":"2025-04-09 21:54:13"}
{"label":"comfy-gen.ts","level":"error","message":"No server found, Waiting for 1 second for activate server","timestamp":"2025-04-09 21:54:14"}
{"label":"comfy-gen.ts","level":"error","message":"No server found, Waiting for 1 second for activate server","timestamp":"2025-04-09 21:54:15"}
{"label":"comfy-gen.ts","level":"error","message":"No server found, Waiting for 1 second for activate server","timestamp":"2025-04-09 21:54:16"}
{"label":"comfy-gen.ts","level":"error","message":"No server found, Waiting for 1 second for activate server","timestamp":"2025-04-09 21:54:17"}
{"label":"comfy-down.ts","level":"info","message":"No pending prompts. Retrying in 5 seconds...","timestamp":"2025-04-09 21:54:17"}
{"label":"comfy-gen.ts","level":"error","message":"No server found, Waiting for 1 second for activate server","timestamp":"2025-04-09 21:54:18"}
{"label":"comfy-gen.ts","level":"error","message":"No server found, Waiting for 1 second for activate server","timestamp":"2025-04-09 21:54:19"}
{"label":"comfy-gen.ts","level":"error","message":"No server found, Waiting for 1 second for activate server","timestamp":"2025-04-09 21:54:20"}
{"label":"comfy-gen.ts","level":"error","message":"No server found, Waiting for 1 second for activate server","timestamp":"2025-04-09 21:54:21"}
{"label":"comfy-gen.ts","level":"error","message":"No server found, Waiting for 1 second for activate server","timestamp":"2025-04-09 21:54:22"}
{"label":"comfy-down.ts","level":"info","message":"No pending prompts. Retrying in 5 seconds...","timestamp":"2025-04-09 21:54:22"}
{"label":"comfy-gen.ts","level":"error","message":"No server found, Waiting for 1 second for activate server","timestamp":"2025-04-09 21:54:23"}
{"label":"comfy-gen.ts","level":"error","message":"No server found, Waiting for 1 second for activate server","timestamp":"2025-04-09 21:54:24"}
{"label":"comfy-gen.ts","level":"error","message":"No server found, Waiting for 1 second for activate server","timestamp":"2025-04-09 21:54:25"}
{"label":"comfy-gen.ts","level":"error","message":"No server found, Waiting for 1 second for activate server","timestamp":"2025-04-09 21:54:26"}
{"label":"comfy-gen.ts","level":"error","message":"No server found, Waiting for 1 second for activate server","timestamp":"2025-04-09 21:54:27"}
{"label":"comfy-down.ts","level":"info","message":"No pending prompts. Retrying in 5 seconds...","timestamp":"2025-04-09 21:54:27"}
{"label":"comfy-gen.ts","level":"error","message":"No server found, Waiting for 1 second for activate server","timestamp":"2025-04-09 21:54:28"}
{"label":"comfy-gen.ts","level":"error","message":"No server found, Waiting for 1 second for activate server","timestamp":"2025-04-09 21:54:29"}
{"label":"comfy-gen.ts","level":"error","message":"No server found, Waiting for 1 second for activate server","timestamp":"2025-04-09 21:54:30"}
{"label":"comfy-gen.ts","level":"error","message":"No server found, Waiting for 1 second for activate server","timestamp":"2025-04-09 21:54:31"}
{"label":"comfy-gen.ts","level":"error","message":"No server found, Waiting for 1 second for activate server","timestamp":"2025-04-09 21:54:32"}
{"label":"comfy-down.ts","level":"info","message":"No pending prompts. Retrying in 5 seconds...","timestamp":"2025-04-09 21:54:32"}
{"label":"comfy-gen.ts","level":"error","message":"No server found, Waiting for 1 second for activate server","timestamp":"2025-04-09 21:54:33"}
{"label":"comfy-gen.ts","level":"error","message":"No server found, Waiting for 1 second for activate server","timestamp":"2025-04-09 21:54:34"}
{"label":"comfy-gen.ts","level":"error","message":"No server found, Waiting for 1 second for activate server","timestamp":"2025-04-09 21:54:35"}
{"label":"comfy-gen.ts","level":"error","message":"No server found, Waiting for 1 second for activate server","timestamp":"2025-04-09 21:54:36"}
{"label":"comfy-gen.ts","level":"error","message":"No server found, Waiting for 1 second for activate server","timestamp":"2025-04-09 21:54:37"}
{"label":"comfy-down.ts","level":"info","message":"No pending prompts. Retrying in 5 seconds...","timestamp":"2025-04-09 21:54:37"}
{"label":"comfy-gen.ts","level":"error","message":"No server found, Waiting for 1 second for activate server","timestamp":"2025-04-09 21:54:38"}
{"label":"comfy-gen.ts","level":"error","message":"No server found, Waiting for 1 second for activate server","timestamp":"2025-04-09 21:54:39"}
{"label":"comfy-gen.ts","level":"error","message":"No server found, Waiting for 1 second for activate server","timestamp":"2025-04-09 21:54:40"}
{"label":"comfy-gen.ts","level":"error","message":"No server found, Waiting for 1 second for activate server","timestamp":"2025-04-09 21:54:41"}
{"label":"comfy-gen.ts","level":"error","message":"No server found, Waiting for 1 second for activate server","timestamp":"2025-04-09 21:54:42"}
{"label":"comfy-down.ts","level":"info","message":"No pending prompts. Retrying in 5 seconds...","timestamp":"2025-04-09 21:54:42"}
{"label":"comfy-gen.ts","level":"error","message":"No server found, Waiting for 1 second for activate server","timestamp":"2025-04-09 21:54:43"}
{"label":"comfy-gen.ts","level":"error","message":"No server found, Waiting for 1 second for activate server","timestamp":"2025-04-09 21:54:44"}
{"label":"comfy-gen.ts","level":"error","message":"No server found, Waiting for 1 second for activate server","timestamp":"2025-04-09 21:54:45"}
{"label":"comfy-gen.ts","level":"error","message":"No server found, Waiting for 1 second for activate server","timestamp":"2025-04-09 21:54:46"}
{"label":"comfy-gen.ts","level":"error","message":"No server found, Waiting for 1 second for activate server","timestamp":"2025-04-09 21:54:47"}
{"label":"comfy-down.ts","level":"info","message":"No pending prompts. Retrying in 5 seconds...","timestamp":"2025-04-09 21:54:47"}
{"label":"comfy-gen.ts","level":"error","message":"No server found, Waiting for 1 second for activate server","timestamp":"2025-04-09 21:54:48"}
{"label":"comfy-gen.ts","level":"error","message":"No server found, Waiting for 1 second for activate server","timestamp":"2025-04-09 21:54:49"}
{"label":"comfy-gen.ts","level":"error","message":"No server found, Waiting for 1 second for activate server","timestamp":"2025-04-09 21:54:50"}
{"label":"comfy-gen.ts","level":"error","message":"No server found, Waiting for 1 second for activate server","timestamp":"2025-04-09 21:54:51"}
{"label":"comfy-gen.ts","level":"error","message":"No server found, Waiting for 1 second for activate server","timestamp":"2025-04-09 21:54:52"}
{"label":"comfy-down.ts","level":"info","message":"No pending prompts. Retrying in 5 seconds...","timestamp":"2025-04-09 21:54:52"}
{"label":"comfy-gen.ts","level":"error","message":"No server found, Waiting for 1 second for activate server","timestamp":"2025-04-09 21:54:53"}
{"label":"comfy-gen.ts","level":"error","message":"No server found, Waiting for 1 second for activate server","timestamp":"2025-04-09 21:54:54"}
{"label":"comfy-gen.ts","level":"error","message":"No server found, Waiting for 1 second for activate server","timestamp":"2025-04-09 21:54:55"}
{"label":"comfy-gen.ts","level":"error","message":"No server found, Waiting for 1 second for activate server","timestamp":"2025-04-09 21:54:56"}
{"label":"comfy-gen.ts","level":"error","message":"No server found, Waiting for 1 second for activate server","timestamp":"2025-04-09 21:54:57"}
{"label":"comfy-down.ts","level":"info","message":"No pending prompts. Retrying in 5 seconds...","timestamp":"2025-04-09 21:54:57"}
{"label":"comfy-gen.ts","level":"error","message":"No server found, Waiting for 1 second for activate server","timestamp":"2025-04-09 21:54:58"}
{"label":"comfy-gen.ts","level":"error","message":"No server found, Waiting for 1 second for activate server","timestamp":"2025-04-09 21:54:59"}
{"label":"comfy-gen.ts","level":"error","message":"No server found, Waiting for 1 second for activate server","timestamp":"2025-04-09 21:55:00"}
{"label":"comfy-gen.ts","level":"error","message":"No server found, Waiting for 1 second for activate server","timestamp":"2025-04-09 21:55:01"}
{"label":"comfy-gen.ts","level":"error","message":"No server found, Waiting for 1 second for activate server","timestamp":"2025-04-09 21:55:02"}
{"label":"comfy-down.ts","level":"info","message":"No pending prompts. Retrying in 5 seconds...","timestamp":"2025-04-09 21:55:02"}
{"label":"comfy-gen.ts","level":"error","message":"No server found, Waiting for 1 second for activate server","timestamp":"2025-04-09 21:55:03"}
{"label":"comfy-gen.ts","level":"error","message":"No server found, Waiting for 1 second for activate server","timestamp":"2025-04-09 21:55:04"}
{"label":"comfy-gen.ts","level":"error","message":"No server found, Waiting for 1 second for activate server","timestamp":"2025-04-09 21:55:05"}
{"label":"comfy-gen.ts","level":"error","message":"No server found, Waiting for 1 second for activate server","timestamp":"2025-04-09 21:55:06"}
{"label":"comfy-gen.ts","level":"error","message":"No server found, Waiting for 1 second for activate server","timestamp":"2025-04-09 21:55:07"}
{"label":"comfy-down.ts","level":"info","message":"No pending prompts. Retrying in 5 seconds...","timestamp":"2025-04-09 21:55:07"}
{"label":"comfy-gen.ts","level":"error","message":"No server found, Waiting for 1 second for activate server","timestamp":"2025-04-09 21:55:08"}
{"label":"comfy-gen.ts","level":"error","message":"No server found, Waiting for 1 second for activate server","timestamp":"2025-04-09 21:55:09"}
{"label":"comfy-gen.ts","level":"error","message":"No server found, Waiting for 1 second for activate server","timestamp":"2025-04-09 21:55:10"}
{"label":"comfy-gen.ts","level":"error","message":"No server found, Waiting for 1 second for activate server","timestamp":"2025-04-09 21:55:11"}
{"label":"comfy-gen.ts","level":"error","message":"No server found, Waiting for 1 second for activate server","timestamp":"2025-04-09 21:55:12"}
{"label":"comfy-down.ts","level":"info","message":"No pending prompts. Retrying in 5 seconds...","timestamp":"2025-04-09 21:55:12"}
{"label":"comfy-gen.ts","level":"error","message":"No server found, Waiting for 1 second for activate server","timestamp":"2025-04-09 21:55:13"}
{"label":"comfy-gen.ts","level":"error","message":"No server found, Waiting for 1 second for activate server","timestamp":"2025-04-09 21:55:14"}
{"label":"comfy-gen.ts","level":"error","message":"No server found, Waiting for 1 second for activate server","timestamp":"2025-04-09 21:55:15"}
{"label":"comfy-gen.ts","level":"error","message":"No server found, Waiting for 1 second for activate server","timestamp":"2025-04-09 21:55:16"}
{"label":"comfy-gen.ts","level":"error","message":"No server found, Waiting for 1 second for activate server","timestamp":"2025-04-09 21:55:17"}
{"label":"comfy-down.ts","level":"info","message":"No pending prompts. Retrying in 5 seconds...","timestamp":"2025-04-09 21:55:17"}
{"label":"comfy-gen.ts","level":"error","message":"No server found, Waiting for 1 second for activate server","timestamp":"2025-04-09 21:55:18"}
{"label":"comfy-gen.ts","level":"error","message":"No server found, Waiting for 1 second for activate server","timestamp":"2025-04-09 21:55:19"}
{"label":"comfy-gen.ts","level":"error","message":"No server found, Waiting for 1 second for activate server","timestamp":"2025-04-09 21:55:20"}
{"label":"comfy-gen.ts","level":"error","message":"No server found, Waiting for 1 second for activate server","timestamp":"2025-04-09 21:55:21"}
{"label":"comfy-gen.ts","level":"error","message":"No server found, Waiting for 1 second for activate server","timestamp":"2025-04-09 21:55:22"}
{"label":"comfy-down.ts","level":"info","message":"No pending prompts. Retrying in 5 seconds...","timestamp":"2025-04-09 21:55:22"}
{"label":"comfy-gen.ts","level":"error","message":"No server found, Waiting for 1 second for activate server","timestamp":"2025-04-09 21:55:23"}
{"label":"comfy-gen.ts","level":"error","message":"No server found, Waiting for 1 second for activate server","timestamp":"2025-04-09 21:55:24"}
{"label":"comfy-gen.ts","level":"error","message":"No server found, Waiting for 1 second for activate server","timestamp":"2025-04-09 21:55:25"}
{"label":"comfy-gen.ts","level":"error","message":"No server found, Waiting for 1 second for activate server","timestamp":"2025-04-09 21:55:26"}
{"label":"comfy-gen.ts","level":"error","message":"No server found, Waiting for 1 second for activate server","timestamp":"2025-04-09 21:55:27"}
{"label":"comfy-down.ts","level":"info","message":"No pending prompts. Retrying in 5 seconds...","timestamp":"2025-04-09 21:55:27"}
{"label":"comfy-gen.ts","level":"error","message":"No server found, Waiting for 1 second for activate server","timestamp":"2025-04-09 21:55:28"}
{"label":"comfy-gen.ts","level":"error","message":"No server found, Waiting for 1 second for activate server","timestamp":"2025-04-09 21:55:29"}
{"label":"comfy-gen.ts","level":"error","message":"No server found, Waiting for 1 second for activate server","timestamp":"2025-04-09 21:55:30"}
{"label":"comfy-gen.ts","level":"error","message":"No server found, Waiting for 1 second for activate server","timestamp":"2025-04-09 21:55:31"}
{"label":"comfy-gen.ts","level":"error","message":"No server found, Waiting for 1 second for activate server","timestamp":"2025-04-09 21:55:32"}
{"label":"comfy-down.ts","level":"info","message":"No pending prompts. Retrying in 5 seconds...","timestamp":"2025-04-09 21:55:32"}
{"label":"comfy-gen.ts","level":"error","message":"No server found, Waiting for 1 second for activate server","timestamp":"2025-04-09 21:55:33"}
{"label":"comfy-gen.ts","level":"error","message":"No server found, Waiting for 1 second for activate server","timestamp":"2025-04-09 21:55:34"}
{"label":"comfy-gen.ts","level":"error","message":"No server found, Waiting for 1 second for activate server","timestamp":"2025-04-09 21:55:35"}
{"label":"comfy-gen.ts","level":"error","message":"No server found, Waiting for 1 second for activate server","timestamp":"2025-04-09 21:55:36"}
{"label":"comfy-gen.ts","level":"error","message":"No server found, Waiting for 1 second for activate server","timestamp":"2025-04-09 21:55:37"}
{"label":"comfy-down.ts","level":"info","message":"No pending prompts. Retrying in 5 seconds...","timestamp":"2025-04-09 21:55:37"}
{"label":"comfy-gen.ts","level":"error","message":"No server found, Waiting for 1 second for activate server","timestamp":"2025-04-09 21:55:38"}
{"label":"comfy-gen.ts","level":"error","message":"No server found, Waiting for 1 second for activate server","timestamp":"2025-04-09 21:55:39"}
{"label":"comfy-gen.ts","level":"error","message":"No server found, Waiting for 1 second for activate server","timestamp":"2025-04-09 21:55:40"}
{"label":"comfy-gen.ts","level":"error","message":"No server found, Waiting for 1 second for activate server","timestamp":"2025-04-09 21:55:41"}
{"label":"comfy-gen.ts","level":"error","message":"No server found, Waiting for 1 second for activate server","timestamp":"2025-04-09 21:55:42"}
{"label":"comfy-down.ts","level":"info","message":"No pending prompts. Retrying in 5 seconds...","timestamp":"2025-04-09 21:55:42"}
{"label":"comfy-gen.ts","level":"error","message":"No server found, Waiting for 1 second for activate server","timestamp":"2025-04-09 21:55:43"}
{"label":"comfy-gen.ts","level":"error","message":"No server found, Waiting for 1 second for activate server","timestamp":"2025-04-09 21:55:44"}
{"label":"comfy-gen.ts","level":"error","message":"No server found, Waiting for 1 second for activate server","timestamp":"2025-04-09 21:55:45"}
{"label":"comfy-gen.ts","level":"error","message":"No server found, Waiting for 1 second for activate server","timestamp":"2025-04-09 21:55:46"}
{"label":"comfy-gen.ts","level":"error","message":"No server found, Waiting for 1 second for activate server","timestamp":"2025-04-09 21:55:47"}
{"label":"comfy-down.ts","level":"info","message":"No pending prompts. Retrying in 5 seconds...","timestamp":"2025-04-09 21:55:47"}
{"label":"comfy-gen.ts","level":"error","message":"No server found, Waiting for 1 second for activate server","timestamp":"2025-04-09 21:55:48"}
{"label":"comfy-gen.ts","level":"error","message":"No server found, Waiting for 1 second for activate server","timestamp":"2025-04-09 21:55:49"}
{"label":"comfy-gen.ts","level":"error","message":"No server found, Waiting for 1 second for activate server","timestamp":"2025-04-09 21:55:50"}
{"label":"comfy-gen.ts","level":"error","message":"No server found, Waiting for 1 second for activate server","timestamp":"2025-04-09 21:55:51"}
{"label":"comfy-gen.ts","level":"error","message":"No server found, Waiting for 1 second for activate server","timestamp":"2025-04-09 21:55:52"}
{"label":"comfy-down.ts","level":"info","message":"No pending prompts. Retrying in 5 seconds...","timestamp":"2025-04-09 21:55:52"}
{"label":"comfy-gen.ts","level":"error","message":"No server found, Waiting for 1 second for activate server","timestamp":"2025-04-09 21:55:53"}
{"label":"comfy-gen.ts","level":"error","message":"No server found, Waiting for 1 second for activate server","timestamp":"2025-04-09 21:55:54"}
{"label":"comfy-gen.ts","level":"error","message":"No server found, Waiting for 1 second for activate server","timestamp":"2025-04-09 21:55:55"}
{"label":"comfy-gen.ts","level":"error","message":"No server found, Waiting for 1 second for activate server","timestamp":"2025-04-09 21:55:56"}
{"label":"comfy-gen.ts","level":"error","message":"No server found, Waiting for 1 second for activate server","timestamp":"2025-04-09 21:55:57"}
{"label":"comfy-down.ts","level":"info","message":"No pending prompts. Retrying in 5 seconds...","timestamp":"2025-04-09 21:55:57"}
{"label":"comfy-gen.ts","level":"error","message":"No server found, Waiting for 1 second for activate server","timestamp":"2025-04-09 21:55:58"}
{"label":"comfy-gen.ts","level":"error","message":"No server found, Waiting for 1 second for activate server","timestamp":"2025-04-09 21:55:59"}
{"label":"comfy-gen.ts","level":"error","message":"No server found, Waiting for 1 second for activate server","timestamp":"2025-04-09 21:56:00"}
{"label":"comfy-gen.ts","level":"error","message":"No server found, Waiting for 1 second for activate server","timestamp":"2025-04-09 21:56:01"}
{"label":"comfy-gen.ts","level":"error","message":"No server found, Waiting for 1 second for activate server","timestamp":"2025-04-09 21:56:02"}
{"label":"comfy-down.ts","level":"info","message":"No pending prompts. Retrying in 5 seconds...","timestamp":"2025-04-09 21:56:02"}
{"label":"comfy-gen.ts","level":"error","message":"No server found, Waiting for 1 second for activate server","timestamp":"2025-04-09 21:56:03"}
{"label":"comfy-gen.ts","level":"error","message":"No server found, Waiting for 1 second for activate server","timestamp":"2025-04-09 21:56:04"}
{"label":"comfy-gen.ts","level":"error","message":"No server found, Waiting for 1 second for activate server","timestamp":"2025-04-09 21:56:05"}
{"label":"comfy-gen.ts","level":"error","message":"No server found, Waiting for 1 second for activate server","timestamp":"2025-04-09 21:56:06"}
{"label":"comfy-gen.ts","level":"error","message":"No server found, Waiting for 1 second for activate server","timestamp":"2025-04-09 21:56:07"}
{"label":"comfy-down.ts","level":"info","message":"No pending prompts. Retrying in 5 seconds...","timestamp":"2025-04-09 21:56:07"}
{"label":"comfy-gen.ts","level":"error","message":"No server found, Waiting for 1 second for activate server","timestamp":"2025-04-09 21:56:08"}
{"label":"comfy-gen.ts","level":"error","message":"No server found, Waiting for 1 second for activate server","timestamp":"2025-04-09 21:56:09"}
{"label":"comfy-gen.ts","level":"error","message":"No server found, Waiting for 1 second for activate server","timestamp":"2025-04-09 21:56:10"}
{"label":"comfy-gen.ts","level":"error","message":"No server found, Waiting for 1 second for activate server","timestamp":"2025-04-09 21:56:11"}
{"label":"comfy-gen.ts","level":"error","message":"No server found, Waiting for 1 second for activate server","timestamp":"2025-04-09 21:56:12"}
{"label":"comfy-down.ts","level":"info","message":"No pending prompts. Retrying in 5 seconds...","timestamp":"2025-04-09 21:56:12"}
{"label":"comfy-gen.ts","level":"error","message":"No server found, Waiting for 1 second for activate server","timestamp":"2025-04-09 21:56:13"}
{"label":"comfy-gen.ts","level":"error","message":"No server found, Waiting for 1 second for activate server","timestamp":"2025-04-09 21:56:14"}
{"label":"comfy-gen.ts","level":"error","message":"No server found, Waiting for 1 second for activate server","timestamp":"2025-04-09 21:56:15"}
{"label":"comfy-gen.ts","level":"error","message":"No server found, Waiting for 1 second for activate server","timestamp":"2025-04-09 21:56:16"}
{"label":"comfy-gen.ts","level":"error","message":"No server found, Waiting for 1 second for activate server","timestamp":"2025-04-09 21:56:17"}
{"label":"comfy-down.ts","level":"info","message":"No pending prompts. Retrying in 5 seconds...","timestamp":"2025-04-09 21:56:17"}
{"label":"comfy-gen.ts","level":"error","message":"No server found, Waiting for 1 second for activate server","timestamp":"2025-04-09 21:56:18"}
{"label":"comfy-gen.ts","level":"error","message":"No server found, Waiting for 1 second for activate server","timestamp":"2025-04-09 21:56:19"}
{"label":"comfy-gen.ts","level":"error","message":"No server found, Waiting for 1 second for activate server","timestamp":"2025-04-09 21:56:20"}
{"label":"comfy-gen.ts","level":"error","message":"No server found, Waiting for 1 second for activate server","timestamp":"2025-04-09 21:56:21"}
{"label":"comfy-gen.ts","level":"error","message":"No server found, Waiting for 1 second for activate server","timestamp":"2025-04-09 21:56:22"}
{"label":"comfy-down.ts","level":"info","message":"No pending prompts. Retrying in 5 seconds...","timestamp":"2025-04-09 21:56:22"}
{"label":"comfy-gen.ts","level":"error","message":"No server found, Waiting for 1 second for activate server","timestamp":"2025-04-09 21:56:23"}
{"label":"comfy-gen.ts","level":"error","message":"No server found, Waiting for 1 second for activate server","timestamp":"2025-04-09 21:56:24"}
{"label":"comfy-gen.ts","level":"error","message":"No server found, Waiting for 1 second for activate server","timestamp":"2025-04-09 21:56:25"}
{"label":"comfy-gen.ts","level":"error","message":"No server found, Waiting for 1 second for activate server","timestamp":"2025-04-09 21:56:26"}
{"label":"comfy-gen.ts","level":"error","message":"No server found, Waiting for 1 second for activate server","timestamp":"2025-04-09 21:56:27"}
{"label":"comfy-down.ts","level":"info","message":"No pending prompts. Retrying in 5 seconds...","timestamp":"2025-04-09 21:56:27"}
{"label":"comfy-gen.ts","level":"error","message":"No server found, Waiting for 1 second for activate server","timestamp":"2025-04-09 21:56:28"}
{"label":"comfy-gen.ts","level":"error","message":"No server found, Waiting for 1 second for activate server","timestamp":"2025-04-09 21:56:29"}
{"label":"comfy-gen.ts","level":"error","message":"No server found, Waiting for 1 second for activate server","timestamp":"2025-04-09 21:56:30"}
{"label":"comfy-gen.ts","level":"error","message":"No server found, Waiting for 1 second for activate server","timestamp":"2025-04-09 21:56:31"}
{"label":"comfy-gen.ts","level":"error","message":"No server found, Waiting for 1 second for activate server","timestamp":"2025-04-09 21:56:32"}
{"label":"comfy-down.ts","level":"info","message":"No pending prompts. Retrying in 5 seconds...","timestamp":"2025-04-09 21:56:32"}
{"label":"comfy-gen.ts","level":"error","message":"No server found, Waiting for 1 second for activate server","timestamp":"2025-04-09 21:56:33"}
{"label":"comfy-gen.ts","level":"error","message":"No server found, Waiting for 1 second for activate server","timestamp":"2025-04-09 21:56:34"}
{"label":"comfy-gen.ts","level":"error","message":"No server found, Waiting for 1 second for activate server","timestamp":"2025-04-09 21:56:35"}
{"label":"comfy-gen.ts","level":"error","message":"No server found, Waiting for 1 second for activate server","timestamp":"2025-04-09 21:56:36"}
{"label":"comfy-gen.ts","level":"error","message":"No server found, Waiting for 1 second for activate server","timestamp":"2025-04-09 21:56:37"}
{"label":"comfy-down.ts","level":"info","message":"No pending prompts. Retrying in 5 seconds...","timestamp":"2025-04-09 21:56:37"}
{"label":"comfy-gen.ts","level":"error","message":"No server found, Waiting for 1 second for activate server","timestamp":"2025-04-09 21:56:38"}
{"label":"comfy-gen.ts","level":"error","message":"No server found, Waiting for 1 second for activate server","timestamp":"2025-04-09 21:56:39"}
{"label":"comfy-gen.ts","level":"error","message":"No server found, Waiting for 1 second for activate server","timestamp":"2025-04-09 21:56:40"}
{"label":"comfy-gen.ts","level":"error","message":"No server found, Waiting for 1 second for activate server","timestamp":"2025-04-09 21:56:41"}
{"label":"comfy-gen.ts","level":"error","message":"No server found, Waiting for 1 second for activate server","timestamp":"2025-04-09 21:56:42"}
{"label":"comfy-down.ts","level":"info","message":"No pending prompts. Retrying in 5 seconds...","timestamp":"2025-04-09 21:56:42"}
{"label":"comfy-gen.ts","level":"error","message":"No server found, Waiting for 1 second for activate server","timestamp":"2025-04-09 21:56:43"}
{"label":"comfy-gen.ts","level":"error","message":"No server found, Waiting for 1 second for activate server","timestamp":"2025-04-09 21:56:44"}
{"label":"comfy-gen.ts","level":"error","message":"No server found, Waiting for 1 second for activate server","timestamp":"2025-04-09 21:56:45"}
{"label":"comfy-gen.ts","level":"error","message":"No server found, Waiting for 1 second for activate server","timestamp":"2025-04-09 21:56:46"}
{"label":"comfy-gen.ts","level":"error","message":"No server found, Waiting for 1 second for activate server","timestamp":"2025-04-09 21:56:47"}
{"label":"comfy-down.ts","level":"info","message":"No pending prompts. Retrying in 5 seconds...","timestamp":"2025-04-09 21:56:47"}
{"label":"comfy-gen.ts","level":"error","message":"No server found, Waiting for 1 second for activate server","timestamp":"2025-04-09 21:56:48"}
{"label":"comfy-gen.ts","level":"error","message":"No server found, Waiting for 1 second for activate server","timestamp":"2025-04-09 21:56:49"}
{"label":"comfy-gen.ts","level":"error","message":"No server found, Waiting for 1 second for activate server","timestamp":"2025-04-09 21:56:50"}
{"label":"comfy-gen.ts","level":"error","message":"No server found, Waiting for 1 second for activate server","timestamp":"2025-04-09 21:56:51"}
{"label":"comfy-gen.ts","level":"error","message":"No server found, Waiting for 1 second for activate server","timestamp":"2025-04-09 21:56:52"}
{"label":"comfy-down.ts","level":"info","message":"No pending prompts. Retrying in 5 seconds...","timestamp":"2025-04-09 21:56:52"}
{"label":"comfy-gen.ts","level":"error","message":"No server found, Waiting for 1 second for activate server","timestamp":"2025-04-09 21:56:53"}
{"label":"comfy-gen.ts","level":"error","message":"No server found, Waiting for 1 second for activate server","timestamp":"2025-04-09 21:56:54"}
{"label":"comfy-gen.ts","level":"error","message":"No server found, Waiting for 1 second for activate server","timestamp":"2025-04-09 21:56:55"}
{"label":"comfy-gen.ts","level":"error","message":"No server found, Waiting for 1 second for activate server","timestamp":"2025-04-09 21:56:56"}
{"label":"comfy-gen.ts","level":"error","message":"No server found, Waiting for 1 second for activate server","timestamp":"2025-04-09 21:56:57"}
{"label":"comfy-down.ts","level":"info","message":"No pending prompts. Retrying in 5 seconds...","timestamp":"2025-04-09 21:56:57"}
{"label":"comfy-gen.ts","level":"error","message":"No server found, Waiting for 1 second for activate server","timestamp":"2025-04-09 21:56:58"}
{"label":"comfy-gen.ts","level":"error","message":"No server found, Waiting for 1 second for activate server","timestamp":"2025-04-09 21:56:59"}
{"label":"comfy-gen.ts","level":"error","message":"No server found, Waiting for 1 second for activate server","timestamp":"2025-04-09 21:57:00"}
{"label":"comfy-gen.ts","level":"error","message":"No server found, Waiting for 1 second for activate server","timestamp":"2025-04-09 21:57:01"}
{"label":"comfy-gen.ts","level":"error","message":"No server found, Waiting for 1 second for activate server","timestamp":"2025-04-09 21:57:02"}
{"label":"comfy-down.ts","level":"info","message":"No pending prompts. Retrying in 5 seconds...","timestamp":"2025-04-09 21:57:02"}
{"label":"comfy-gen.ts","level":"error","message":"No server found, Waiting for 1 second for activate server","timestamp":"2025-04-09 21:57:03"}
{"label":"comfy-gen.ts","level":"error","message":"No server found, Waiting for 1 second for activate server","timestamp":"2025-04-09 21:57:04"}
{"label":"comfy-gen.ts","level":"error","message":"No server found, Waiting for 1 second for activate server","timestamp":"2025-04-09 21:57:05"}
{"label":"comfy-gen.ts","level":"error","message":"No server found, Waiting for 1 second for activate server","timestamp":"2025-04-09 21:57:06"}
{"label":"comfy-gen.ts","level":"error","message":"No server found, Waiting for 1 second for activate server","timestamp":"2025-04-09 21:57:07"}
{"label":"comfy-down.ts","level":"info","message":"No pending prompts. Retrying in 5 seconds...","timestamp":"2025-04-09 21:57:07"}
{"label":"comfy-gen.ts","level":"error","message":"No server found, Waiting for 1 second for activate server","timestamp":"2025-04-09 21:57:08"}
{"label":"comfy-gen.ts","level":"error","message":"No server found, Waiting for 1 second for activate server","timestamp":"2025-04-09 21:57:09"}
{"label":"comfy-gen.ts","level":"error","message":"No server found, Waiting for 1 second for activate server","timestamp":"2025-04-09 21:57:10"}
{"label":"comfy-gen.ts","level":"error","message":"No server found, Waiting for 1 second for activate server","timestamp":"2025-04-09 21:57:11"}
{"label":"comfy-gen.ts","level":"error","message":"No server found, Waiting for 1 second for activate server","timestamp":"2025-04-09 21:57:12"}
{"label":"comfy-down.ts","level":"info","message":"No pending prompts. Retrying in 5 seconds...","timestamp":"2025-04-09 21:57:12"}
{"label":"comfy-gen.ts","level":"error","message":"No server found, Waiting for 1 second for activate server","timestamp":"2025-04-09 21:57:13"}
{"label":"comfy-gen.ts","level":"error","message":"No server found, Waiting for 1 second for activate server","timestamp":"2025-04-09 21:57:14"}
{"label":"comfy-gen.ts","level":"error","message":"No server found, Waiting for 1 second for activate server","timestamp":"2025-04-09 21:57:15"}
{"label":"comfy-gen.ts","level":"error","message":"No server found, Waiting for 1 second for activate server","timestamp":"2025-04-09 21:57:16"}
{"label":"comfy-gen.ts","level":"error","message":"No server found, Waiting for 1 second for activate server","timestamp":"2025-04-09 21:57:17"}
{"label":"comfy-down.ts","level":"info","message":"No pending prompts. Retrying in 5 seconds...","timestamp":"2025-04-09 21:57:17"}
{"label":"comfy-gen.ts","level":"error","message":"No server found, Waiting for 1 second for activate server","timestamp":"2025-04-09 21:57:18"}
{"label":"comfy-gen.ts","level":"error","message":"No server found, Waiting for 1 second for activate server","timestamp":"2025-04-09 21:57:19"}
{"label":"comfy-gen.ts","level":"error","message":"No server found, Waiting for 1 second for activate server","timestamp":"2025-04-09 21:57:20"}
{"label":"comfy-gen.ts","level":"error","message":"No server found, Waiting for 1 second for activate server","timestamp":"2025-04-09 21:57:21"}
{"label":"comfy-gen.ts","level":"error","message":"No server found, Waiting for 1 second for activate server","timestamp":"2025-04-09 21:57:22"}
{"label":"comfy-down.ts","level":"info","message":"No pending prompts. Retrying in 5 seconds...","timestamp":"2025-04-09 21:57:22"}
{"label":"comfy-gen.ts","level":"error","message":"No server found, Waiting for 1 second for activate server","timestamp":"2025-04-09 21:57:23"}
{"label":"comfy-gen.ts","level":"error","message":"No server found, Waiting for 1 second for activate server","timestamp":"2025-04-09 21:57:24"}
{"label":"comfy-gen.ts","level":"error","message":"No server found, Waiting for 1 second for activate server","timestamp":"2025-04-09 21:57:25"}
{"label":"comfy-gen.ts","level":"error","message":"No server found, Waiting for 1 second for activate server","timestamp":"2025-04-09 21:57:26"}
{"label":"comfy-gen.ts","level":"error","message":"No server found, Waiting for 1 second for activate server","timestamp":"2025-04-09 21:57:27"}
{"label":"comfy-down.ts","level":"info","message":"No pending prompts. Retrying in 5 seconds...","timestamp":"2025-04-09 21:57:28"}
{"label":"comfy-gen.ts","level":"error","message":"No server found, Waiting for 1 second for activate server","timestamp":"2025-04-09 21:57:28"}
{"label":"comfy-gen.ts","level":"error","message":"No server found, Waiting for 1 second for activate server","timestamp":"2025-04-09 21:57:29"}
{"label":"comfy-gen.ts","level":"error","message":"No server found, Waiting for 1 second for activate server","timestamp":"2025-04-09 21:57:30"}
{"label":"comfy-gen.ts","level":"error","message":"No server found, Waiting for 1 second for activate server","timestamp":"2025-04-09 21:57:31"}
{"label":"comfy-gen.ts","level":"error","message":"No server found, Waiting for 1 second for activate server","timestamp":"2025-04-09 21:57:32"}
{"label":"comfy-down.ts","level":"info","message":"No pending prompts. Retrying in 5 seconds...","timestamp":"2025-04-09 21:57:33"}
{"label":"comfy-gen.ts","level":"error","message":"No server found, Waiting for 1 second for activate server","timestamp":"2025-04-09 21:57:33"}
{"label":"comfy-gen.ts","level":"error","message":"No server found, Waiting for 1 second for activate server","timestamp":"2025-04-09 21:57:34"}
{"label":"comfy-gen.ts","level":"error","message":"No server found, Waiting for 1 second for activate server","timestamp":"2025-04-09 21:57:35"}
{"label":"comfy-gen.ts","level":"error","message":"No server found, Waiting for 1 second for activate server","timestamp":"2025-04-09 21:57:36"}
{"label":"comfy-gen.ts","level":"error","message":"No server found, Waiting for 1 second for activate server","timestamp":"2025-04-09 21:57:37"}
{"label":"comfy-down.ts","level":"info","message":"No pending prompts. Retrying in 5 seconds...","timestamp":"2025-04-09 21:57:38"}
{"label":"comfy-gen.ts","level":"error","message":"No server found, Waiting for 1 second for activate server","timestamp":"2025-04-09 21:57:38"}
{"label":"comfy-gen.ts","level":"error","message":"No server found, Waiting for 1 second for activate server","timestamp":"2025-04-09 21:57:39"}
{"label":"comfy-gen.ts","level":"error","message":"No server found, Waiting for 1 second for activate server","timestamp":"2025-04-09 21:57:40"}
{"label":"comfy-gen.ts","level":"error","message":"No server found, Waiting for 1 second for activate server","timestamp":"2025-04-09 21:57:41"}
{"label":"comfy-gen.ts","level":"error","message":"No server found, Waiting for 1 second for activate server","timestamp":"2025-04-09 21:57:42"}
{"label":"comfy-down.ts","level":"info","message":"No pending prompts. Retrying in 5 seconds...","timestamp":"2025-04-09 21:57:43"}
{"label":"comfy-gen.ts","level":"error","message":"No server found, Waiting for 1 second for activate server","timestamp":"2025-04-09 21:57:43"}
{"label":"comfy-gen.ts","level":"error","message":"No server found, Waiting for 1 second for activate server","timestamp":"2025-04-09 21:57:44"}
{"label":"comfy-gen.ts","level":"error","message":"No server found, Waiting for 1 second for activate server","timestamp":"2025-04-09 21:57:45"}
{"label":"comfy-gen.ts","level":"error","message":"No server found, Waiting for 1 second for activate server","timestamp":"2025-04-09 21:57:46"}
{"label":"comfy-gen.ts","level":"error","message":"No server found, Waiting for 1 second for activate server","timestamp":"2025-04-09 21:57:47"}
{"label":"comfy-down.ts","level":"info","message":"No pending prompts. Retrying in 5 seconds...","timestamp":"2025-04-09 21:57:48"}
{"label":"comfy-gen.ts","level":"error","message":"No server found, Waiting for 1 second for activate server","timestamp":"2025-04-09 21:57:48"}
{"label":"comfy-gen.ts","level":"error","message":"No server found, Waiting for 1 second for activate server","timestamp":"2025-04-09 21:57:49"}
{"label":"comfy-gen.ts","level":"error","message":"No server found, Waiting for 1 second for activate server","timestamp":"2025-04-09 21:57:50"}
{"label":"comfy-gen.ts","level":"error","message":"No server found, Waiting for 1 second for activate server","timestamp":"2025-04-09 21:57:51"}
{"label":"comfy-gen.ts","level":"error","message":"No server found, Waiting for 1 second for activate server","timestamp":"2025-04-09 21:57:52"}
{"label":"comfy-down.ts","level":"info","message":"No pending prompts. Retrying in 5 seconds...","timestamp":"2025-04-09 21:57:53"}
{"label":"comfy-gen.ts","level":"error","message":"No server found, Waiting for 1 second for activate server","timestamp":"2025-04-09 21:57:53"}
{"label":"comfy-gen.ts","level":"error","message":"No server found, Waiting for 1 second for activate server","timestamp":"2025-04-09 21:57:54"}
{"label":"comfy-gen.ts","level":"error","message":"No server found, Waiting for 1 second for activate server","timestamp":"2025-04-09 21:57:55"}
{"label":"comfy-gen.ts","level":"error","message":"No server found, Waiting for 1 second for activate server","timestamp":"2025-04-09 21:57:56"}
{"label":"comfy-gen.ts","level":"error","message":"No server found, Waiting for 1 second for activate server","timestamp":"2025-04-09 21:57:57"}
{"label":"comfy-down.ts","level":"info","message":"No pending prompts. Retrying in 5 seconds...","timestamp":"2025-04-09 21:57:58"}
{"label":"comfy-gen.ts","level":"error","message":"No server found, Waiting for 1 second for activate server","timestamp":"2025-04-09 21:57:58"}
{"label":"comfy-gen.ts","level":"error","message":"No server found, Waiting for 1 second for activate server","timestamp":"2025-04-09 21:57:59"}
{"label":"comfy-gen.ts","level":"error","message":"No server found, Waiting for 1 second for activate server","timestamp":"2025-04-09 21:58:00"}
{"label":"comfy-gen.ts","level":"error","message":"No server found, Waiting for 1 second for activate server","timestamp":"2025-04-09 21:58:01"}
{"label":"comfy-gen.ts","level":"error","message":"No server found, Waiting for 1 second for activate server","timestamp":"2025-04-09 21:58:02"}
{"label":"comfy-down.ts","level":"info","message":"No pending prompts. Retrying in 5 seconds...","timestamp":"2025-04-09 21:58:03"}
{"label":"comfy-gen.ts","level":"error","message":"No server found, Waiting for 1 second for activate server","timestamp":"2025-04-09 21:58:03"}
{"label":"comfy-gen.ts","level":"error","message":"No server found, Waiting for 1 second for activate server","timestamp":"2025-04-09 21:58:04"}
{"label":"comfy-gen.ts","level":"error","message":"No server found, Waiting for 1 second for activate server","timestamp":"2025-04-09 21:58:05"}
{"label":"comfy-gen.ts","level":"error","message":"No server found, Waiting for 1 second for activate server","timestamp":"2025-04-09 21:58:06"}
{"label":"comfy-gen.ts","level":"error","message":"No server found, Waiting for 1 second for activate server","timestamp":"2025-04-09 21:58:07"}
{"label":"comfy-down.ts","level":"info","message":"No pending prompts. Retrying in 5 seconds...","timestamp":"2025-04-09 21:58:08"}
{"label":"comfy-gen.ts","level":"error","message":"No server found, Waiting for 1 second for activate server","timestamp":"2025-04-09 21:58:08"}
{"label":"comfy-gen.ts","level":"error","message":"No server found, Waiting for 1 second for activate server","timestamp":"2025-04-09 21:58:09"}
{"label":"comfy-gen.ts","level":"error","message":"No server found, Waiting for 1 second for activate server","timestamp":"2025-04-09 21:58:10"}
{"label":"comfy-gen.ts","level":"error","message":"No server found, Waiting for 1 second for activate server","timestamp":"2025-04-09 21:58:11"}
{"label":"comfy-gen.ts","level":"error","message":"No server found, Waiting for 1 second for activate server","timestamp":"2025-04-09 21:58:12"}
{"label":"comfy-down.ts","level":"info","message":"No pending prompts. Retrying in 5 seconds...","timestamp":"2025-04-09 21:58:13"}
{"label":"comfy-gen.ts","level":"error","message":"No server found, Waiting for 1 second for activate server","timestamp":"2025-04-09 21:58:13"}
{"label":"comfy-gen.ts","level":"error","message":"No server found, Waiting for 1 second for activate server","timestamp":"2025-04-09 21:58:14"}
{"label":"comfy-gen.ts","level":"error","message":"No server found, Waiting for 1 second for activate server","timestamp":"2025-04-09 21:58:15"}
{"label":"comfy-gen.ts","level":"error","message":"No server found, Waiting for 1 second for activate server","timestamp":"2025-04-09 21:58:16"}
{"label":"comfy-gen.ts","level":"error","message":"No server found, Waiting for 1 second for activate server","timestamp":"2025-04-09 21:58:17"}
{"label":"comfy-down.ts","level":"info","message":"No pending prompts. Retrying in 5 seconds...","timestamp":"2025-04-09 21:58:18"}
{"label":"comfy-gen.ts","level":"error","message":"No server found, Waiting for 1 second for activate server","timestamp":"2025-04-09 21:58:19"}
{"label":"comfy-gen.ts","level":"error","message":"No server found, Waiting for 1 second for activate server","timestamp":"2025-04-09 21:58:20"}
{"label":"comfy-gen.ts","level":"error","message":"No server found, Waiting for 1 second for activate server","timestamp":"2025-04-09 21:58:21"}
{"label":"comfy-gen.ts","level":"error","message":"No server found, Waiting for 1 second for activate server","timestamp":"2025-04-09 21:58:22"}
{"label":"comfy-gen.ts","level":"error","message":"No server found, Waiting for 1 second for activate server","timestamp":"2025-04-09 21:58:23"}
{"label":"comfy-down.ts","level":"info","message":"No pending prompts. Retrying in 5 seconds...","timestamp":"2025-04-09 21:58:23"}
{"label":"comfy-gen.ts","level":"error","message":"No server found, Waiting for 1 second for activate server","timestamp":"2025-04-09 21:58:24"}
{"label":"comfy-gen.ts","level":"error","message":"No server found, Waiting for 1 second for activate server","timestamp":"2025-04-09 21:58:25"}
{"label":"comfy-gen.ts","level":"error","message":"No server found, Waiting for 1 second for activate server","timestamp":"2025-04-09 21:58:26"}
{"label":"comfy-gen.ts","level":"error","message":"No server found, Waiting for 1 second for activate server","timestamp":"2025-04-09 21:58:27"}
{"label":"comfy-gen.ts","level":"error","message":"No server found, Waiting for 1 second for activate server","timestamp":"2025-04-09 21:58:28"}
{"label":"comfy-down.ts","level":"info","message":"No pending prompts. Retrying in 5 seconds...","timestamp":"2025-04-09 21:58:28"}
{"label":"comfy-gen.ts","level":"error","message":"No server found, Waiting for 1 second for activate server","timestamp":"2025-04-09 21:58:29"}
{"label":"comfy-gen.ts","level":"error","message":"No server found, Waiting for 1 second for activate server","timestamp":"2025-04-09 21:58:30"}
{"label":"comfy-gen.ts","level":"error","message":"No server found, Waiting for 1 second for activate server","timestamp":"2025-04-09 21:58:31"}
{"label":"comfy-gen.ts","level":"error","message":"No server found, Waiting for 1 second for activate server","timestamp":"2025-04-09 21:58:32"}
{"label":"comfy-gen.ts","level":"error","message":"No server found, Waiting for 1 second for activate server","timestamp":"2025-04-09 21:58:33"}
{"label":"comfy-down.ts","level":"info","message":"No pending prompts. Retrying in 5 seconds...","timestamp":"2025-04-09 21:58:33"}
{"label":"comfy-gen.ts","level":"error","message":"No server found, Waiting for 1 second for activate server","timestamp":"2025-04-09 21:58:34"}
{"label":"comfy-gen.ts","level":"error","message":"No server found, Waiting for 1 second for activate server","timestamp":"2025-04-09 21:58:35"}
{"label":"comfy-gen.ts","level":"error","message":"No server found, Waiting for 1 second for activate server","timestamp":"2025-04-09 21:58:36"}
{"label":"comfy-gen.ts","level":"error","message":"No server found, Waiting for 1 second for activate server","timestamp":"2025-04-09 21:58:37"}
{"label":"comfy-gen.ts","level":"error","message":"No server found, Waiting for 1 second for activate server","timestamp":"2025-04-09 21:58:38"}
{"label":"comfy-down.ts","level":"info","message":"No pending prompts. Retrying in 5 seconds...","timestamp":"2025-04-09 21:58:38"}
{"label":"comfy-gen.ts","level":"error","message":"No server found, Waiting for 1 second for activate server","timestamp":"2025-04-09 21:58:39"}
{"label":"comfy-gen.ts","level":"error","message":"No server found, Waiting for 1 second for activate server","timestamp":"2025-04-09 21:58:40"}
{"label":"comfy-gen.ts","level":"error","message":"No server found, Waiting for 1 second for activate server","timestamp":"2025-04-09 21:58:41"}
{"label":"comfy-gen.ts","level":"error","message":"No server found, Waiting for 1 second for activate server","timestamp":"2025-04-09 21:58:42"}
{"label":"comfy-gen.ts","level":"error","message":"No server found, Waiting for 1 second for activate server","timestamp":"2025-04-09 21:58:43"}
{"label":"comfy-down.ts","level":"info","message":"No pending prompts. Retrying in 5 seconds...","timestamp":"2025-04-09 21:58:43"}
{"label":"comfy-gen.ts","level":"error","message":"No server found, Waiting for 1 second for activate server","timestamp":"2025-04-09 21:58:44"}
{"label":"comfy-gen.ts","level":"error","message":"No server found, Waiting for 1 second for activate server","timestamp":"2025-04-09 21:58:45"}
{"label":"comfy-gen.ts","level":"error","message":"No server found, Waiting for 1 second for activate server","timestamp":"2025-04-09 21:58:46"}
{"label":"comfy-gen.ts","level":"error","message":"No server found, Waiting for 1 second for activate server","timestamp":"2025-04-09 21:58:47"}
{"label":"comfy-gen.ts","level":"error","message":"No server found, Waiting for 1 second for activate server","timestamp":"2025-04-09 21:58:48"}
{"label":"comfy-down.ts","level":"info","message":"No pending prompts. Retrying in 5 seconds...","timestamp":"2025-04-09 21:58:48"}
{"label":"comfy-gen.ts","level":"error","message":"No server found, Waiting for 1 second for activate server","timestamp":"2025-04-09 21:58:49"}
{"label":"comfy-gen.ts","level":"error","message":"No server found, Waiting for 1 second for activate server","timestamp":"2025-04-09 21:58:50"}
{"label":"comfy-gen.ts","level":"error","message":"No server found, Waiting for 1 second for activate server","timestamp":"2025-04-09 21:58:51"}
{"label":"comfy-gen.ts","level":"error","message":"No server found, Waiting for 1 second for activate server","timestamp":"2025-04-09 21:58:52"}
{"label":"comfy-gen.ts","level":"error","message":"No server found, Waiting for 1 second for activate server","timestamp":"2025-04-09 21:58:53"}
{"label":"comfy-down.ts","level":"info","message":"No pending prompts. Retrying in 5 seconds...","timestamp":"2025-04-09 21:58:53"}
{"label":"comfy-gen.ts","level":"error","message":"No server found, Waiting for 1 second for activate server","timestamp":"2025-04-09 21:58:54"}
{"label":"comfy-gen.ts","level":"error","message":"No server found, Waiting for 1 second for activate server","timestamp":"2025-04-09 21:58:55"}
{"label":"comfy-gen.ts","level":"error","message":"No server found, Waiting for 1 second for activate server","timestamp":"2025-04-09 21:58:56"}
{"label":"comfy-gen.ts","level":"error","message":"No server found, Waiting for 1 second for activate server","timestamp":"2025-04-09 21:58:57"}
{"label":"comfy-gen.ts","level":"error","message":"No server found, Waiting for 1 second for activate server","timestamp":"2025-04-09 21:58:58"}
{"label":"comfy-down.ts","level":"info","message":"No pending prompts. Retrying in 5 seconds...","timestamp":"2025-04-09 21:58:58"}
{"label":"comfy-gen.ts","level":"error","message":"No server found, Waiting for 1 second for activate server","timestamp":"2025-04-09 21:58:59"}
{"label":"comfy-gen.ts","level":"error","message":"No server found, Waiting for 1 second for activate server","timestamp":"2025-04-09 21:59:00"}
{"label":"comfy-gen.ts","level":"error","message":"No server found, Waiting for 1 second for activate server","timestamp":"2025-04-09 21:59:01"}
{"label":"comfy-gen.ts","level":"error","message":"No server found, Waiting for 1 second for activate server","timestamp":"2025-04-09 21:59:02"}
{"label":"comfy-gen.ts","level":"error","message":"No server found, Waiting for 1 second for activate server","timestamp":"2025-04-09 21:59:03"}
{"label":"comfy-down.ts","level":"info","message":"No pending prompts. Retrying in 5 seconds...","timestamp":"2025-04-09 21:59:03"}
{"label":"comfy-gen.ts","level":"error","message":"No server found, Waiting for 1 second for activate server","timestamp":"2025-04-09 21:59:04"}
{"label":"comfy-gen.ts","level":"error","message":"No server found, Waiting for 1 second for activate server","timestamp":"2025-04-09 21:59:05"}
{"label":"comfy-gen.ts","level":"error","message":"No server found, Waiting for 1 second for activate server","timestamp":"2025-04-09 21:59:06"}
{"label":"comfy-gen.ts","level":"error","message":"No server found, Waiting for 1 second for activate server","timestamp":"2025-04-09 21:59:07"}
{"label":"comfy-gen.ts","level":"error","message":"No server found, Waiting for 1 second for activate server","timestamp":"2025-04-09 21:59:08"}
{"label":"comfy-down.ts","level":"info","message":"No pending prompts. Retrying in 5 seconds...","timestamp":"2025-04-09 21:59:08"}
{"label":"comfy-gen.ts","level":"error","message":"No server found, Waiting for 1 second for activate server","timestamp":"2025-04-09 21:59:09"}
{"label":"comfy-gen.ts","level":"error","message":"No server found, Waiting for 1 second for activate server","timestamp":"2025-04-09 21:59:10"}
{"label":"comfy-gen.ts","level":"error","message":"No server found, Waiting for 1 second for activate server","timestamp":"2025-04-09 21:59:11"}
{"label":"comfy-gen.ts","level":"error","message":"No server found, Waiting for 1 second for activate server","timestamp":"2025-04-09 21:59:12"}
{"label":"comfy-gen.ts","level":"error","message":"No server found, Waiting for 1 second for activate server","timestamp":"2025-04-09 21:59:13"}
{"label":"comfy-down.ts","level":"info","message":"No pending prompts. Retrying in 5 seconds...","timestamp":"2025-04-09 21:59:13"}
{"label":"comfy-gen.ts","level":"error","message":"No server found, Waiting for 1 second for activate server","timestamp":"2025-04-09 21:59:14"}
{"label":"comfy-gen.ts","level":"error","message":"No server found, Waiting for 1 second for activate server","timestamp":"2025-04-09 21:59:15"}
{"label":"comfy-gen.ts","level":"error","message":"No server found, Waiting for 1 second for activate server","timestamp":"2025-04-09 21:59:16"}
{"label":"comfy-gen.ts","level":"error","message":"No server found, Waiting for 1 second for activate server","timestamp":"2025-04-09 21:59:17"}
{"label":"comfy-gen.ts","level":"error","message":"No server found, Waiting for 1 second for activate server","timestamp":"2025-04-09 21:59:18"}
{"label":"comfy-down.ts","level":"info","message":"No pending prompts. Retrying in 5 seconds...","timestamp":"2025-04-09 21:59:18"}
{"label":"comfy-gen.ts","level":"error","message":"No server found, Waiting for 1 second for activate server","timestamp":"2025-04-09 21:59:19"}
{"label":"comfy-gen.ts","level":"error","message":"No server found, Waiting for 1 second for activate server","timestamp":"2025-04-09 21:59:20"}
{"label":"comfy-gen.ts","level":"error","message":"No server found, Waiting for 1 second for activate server","timestamp":"2025-04-09 21:59:21"}
{"label":"comfy-gen.ts","level":"error","message":"No server found, Waiting for 1 second for activate server","timestamp":"2025-04-09 21:59:22"}
{"label":"comfy-gen.ts","level":"error","message":"No server found, Waiting for 1 second for activate server","timestamp":"2025-04-09 21:59:23"}
{"label":"comfy-down.ts","level":"info","message":"No pending prompts. Retrying in 5 seconds...","timestamp":"2025-04-09 21:59:23"}
{"label":"comfy-gen.ts","level":"error","message":"No server found, Waiting for 1 second for activate server","timestamp":"2025-04-09 21:59:24"}
{"label":"comfy-gen.ts","level":"error","message":"No server found, Waiting for 1 second for activate server","timestamp":"2025-04-09 21:59:25"}
{"label":"comfy-gen.ts","level":"error","message":"No server found, Waiting for 1 second for activate server","timestamp":"2025-04-09 21:59:26"}
{"label":"comfy-gen.ts","level":"error","message":"No server found, Waiting for 1 second for activate server","timestamp":"2025-04-09 21:59:27"}
{"label":"comfy-gen.ts","level":"error","message":"No server found, Waiting for 1 second for activate server","timestamp":"2025-04-09 21:59:28"}
{"label":"comfy-down.ts","level":"info","message":"No pending prompts. Retrying in 5 seconds...","timestamp":"2025-04-09 21:59:28"}
{"label":"comfy-gen.ts","level":"error","message":"No server found, Waiting for 1 second for activate server","timestamp":"2025-04-09 21:59:29"}
{"label":"comfy-gen.ts","level":"error","message":"No server found, Waiting for 1 second for activate server","timestamp":"2025-04-09 21:59:30"}
{"label":"comfy-gen.ts","level":"error","message":"No server found, Waiting for 1 second for activate server","timestamp":"2025-04-09 21:59:31"}
{"label":"comfy-gen.ts","level":"error","message":"No server found, Waiting for 1 second for activate server","timestamp":"2025-04-09 21:59:32"}
{"label":"comfy-gen.ts","level":"error","message":"No server found, Waiting for 1 second for activate server","timestamp":"2025-04-09 21:59:33"}
{"label":"comfy-down.ts","level":"info","message":"No pending prompts. Retrying in 5 seconds...","timestamp":"2025-04-09 21:59:33"}
{"label":"comfy-gen.ts","level":"error","message":"No server found, Waiting for 1 second for activate server","timestamp":"2025-04-09 21:59:34"}
{"label":"comfy-gen.ts","level":"error","message":"No server found, Waiting for 1 second for activate server","timestamp":"2025-04-09 21:59:35"}
{"label":"comfy-gen.ts","level":"error","message":"No server found, Waiting for 1 second for activate server","timestamp":"2025-04-09 21:59:36"}
{"label":"comfy-gen.ts","level":"error","message":"No server found, Waiting for 1 second for activate server","timestamp":"2025-04-09 21:59:37"}
{"label":"comfy-gen.ts","level":"error","message":"No server found, Waiting for 1 second for activate server","timestamp":"2025-04-09 21:59:38"}
{"label":"comfy-down.ts","level":"info","message":"No pending prompts. Retrying in 5 seconds...","timestamp":"2025-04-09 21:59:38"}
{"label":"comfy-gen.ts","level":"error","message":"No server found, Waiting for 1 second for activate server","timestamp":"2025-04-09 21:59:39"}
{"label":"comfy-gen.ts","level":"error","message":"No server found, Waiting for 1 second for activate server","timestamp":"2025-04-09 21:59:40"}
{"label":"comfy-gen.ts","level":"error","message":"No server found, Waiting for 1 second for activate server","timestamp":"2025-04-09 21:59:41"}
{"label":"comfy-gen.ts","level":"error","message":"No server found, Waiting for 1 second for activate server","timestamp":"2025-04-09 21:59:42"}
{"label":"comfy-gen.ts","level":"error","message":"No server found, Waiting for 1 second for activate server","timestamp":"2025-04-09 21:59:43"}
{"label":"comfy-down.ts","level":"info","message":"No pending prompts. Retrying in 5 seconds...","timestamp":"2025-04-09 21:59:43"}
{"label":"comfy-gen.ts","level":"error","message":"No server found, Waiting for 1 second for activate server","timestamp":"2025-04-09 21:59:44"}
{"label":"comfy-gen.ts","level":"error","message":"No server found, Waiting for 1 second for activate server","timestamp":"2025-04-09 21:59:45"}
{"label":"comfy-gen.ts","level":"error","message":"No server found, Waiting for 1 second for activate server","timestamp":"2025-04-09 21:59:46"}
{"label":"comfy-gen.ts","level":"error","message":"No server found, Waiting for 1 second for activate server","timestamp":"2025-04-09 21:59:47"}
{"label":"comfy-gen.ts","level":"error","message":"No server found, Waiting for 1 second for activate server","timestamp":"2025-04-09 21:59:48"}
{"label":"comfy-down.ts","level":"info","message":"No pending prompts. Retrying in 5 seconds...","timestamp":"2025-04-09 21:59:48"}
{"label":"comfy-gen.ts","level":"error","message":"No server found, Waiting for 1 second for activate server","timestamp":"2025-04-09 21:59:49"}
{"label":"comfy-gen.ts","level":"error","message":"No server found, Waiting for 1 second for activate server","timestamp":"2025-04-09 21:59:50"}
{"label":"comfy-gen.ts","level":"error","message":"No server found, Waiting for 1 second for activate server","timestamp":"2025-04-09 21:59:51"}
{"label":"comfy-gen.ts","level":"error","message":"No server found, Waiting for 1 second for activate server","timestamp":"2025-04-09 21:59:52"}
{"label":"comfy-gen.ts","level":"error","message":"No server found, Waiting for 1 second for activate server","timestamp":"2025-04-09 21:59:53"}
{"label":"comfy-down.ts","level":"info","message":"No pending prompts. Retrying in 5 seconds...","timestamp":"2025-04-09 21:59:53"}
{"label":"comfy-gen.ts","level":"error","message":"No server found, Waiting for 1 second for activate server","timestamp":"2025-04-09 21:59:54"}
{"label":"comfy-gen.ts","level":"error","message":"No server found, Waiting for 1 second for activate server","timestamp":"2025-04-09 21:59:55"}
{"label":"comfy-gen.ts","level":"error","message":"No server found, Waiting for 1 second for activate server","timestamp":"2025-04-09 21:59:56"}
{"label":"comfy-gen.ts","level":"error","message":"No server found, Waiting for 1 second for activate server","timestamp":"2025-04-09 21:59:57"}
{"label":"comfy-gen.ts","level":"error","message":"No server found, Waiting for 1 second for activate server","timestamp":"2025-04-09 21:59:58"}
{"label":"comfy-down.ts","level":"info","message":"No pending prompts. Retrying in 5 seconds...","timestamp":"2025-04-09 21:59:58"}
{"label":"comfy-gen.ts","level":"error","message":"No server found, Waiting for 1 second for activate server","timestamp":"2025-04-09 21:59:59"}
{"label":"comfy-gen.ts","level":"info","message":"Shutting down gracefully...","timestamp":"2025-04-09 22:00:00"}
{"label":"comfy-down.ts","level":"info","message":"No pending prompts. Retrying in 5 seconds...","timestamp":"2025-04-09 22:00:03"}
{"label":"comfy-gen.ts","level":"info","message":"Starting Db...","timestamp":"2025-04-09 22:00:03"}
{"label":"comfy-gen.ts","level":"error","message":"No server found, Waiting for 1 second for activate server","timestamp":"2025-04-09 22:00:03"}
{"label":"comfy-gen.ts","level":"error","message":"No server found, Waiting for 1 second for activate server","timestamp":"2025-04-09 22:00:04"}
{"label":"comfy-gen.ts","level":"error","message":"No server found, Waiting for 1 second for activate server","timestamp":"2025-04-09 22:00:05"}
{"label":"comfy-gen.ts","level":"error","message":"No server found, Waiting for 1 second for activate server","timestamp":"2025-04-09 22:00:06"}
{"label":"comfy-gen.ts","level":"error","message":"No server found, Waiting for 1 second for activate server","timestamp":"2025-04-09 22:00:07"}
{"label":"comfy-down.ts","level":"info","message":"No pending prompts. Retrying in 5 seconds...","timestamp":"2025-04-09 22:00:08"}
{"label":"comfy-gen.ts","level":"error","message":"No server found, Waiting for 1 second for activate server","timestamp":"2025-04-09 22:00:08"}
{"label":"comfy-gen.ts","level":"error","message":"No server found, Waiting for 1 second for activate server","timestamp":"2025-04-09 22:00:09"}
{"label":"comfy-gen.ts","level":"error","message":"No server found, Waiting for 1 second for activate server","timestamp":"2025-04-09 22:00:10"}
{"label":"comfy-gen.ts","level":"error","message":"No server found, Waiting for 1 second for activate server","timestamp":"2025-04-09 22:00:11"}
{"label":"comfy-gen.ts","level":"error","message":"No server found, Waiting for 1 second for activate server","timestamp":"2025-04-09 22:00:12"}
{"label":"comfy-down.ts","level":"info","message":"No pending prompts. Retrying in 5 seconds...","timestamp":"2025-04-09 22:00:13"}
{"label":"comfy-gen.ts","level":"error","message":"No server found, Waiting for 1 second for activate server","timestamp":"2025-04-09 22:00:13"}
{"label":"comfy-gen.ts","level":"error","message":"No server found, Waiting for 1 second for activate server","timestamp":"2025-04-09 22:00:14"}
{"label":"comfy-gen.ts","level":"error","message":"No server found, Waiting for 1 second for activate server","timestamp":"2025-04-09 22:00:15"}
{"label":"comfy-gen.ts","level":"error","message":"No server found, Waiting for 1 second for activate server","timestamp":"2025-04-09 22:00:16"}
{"label":"comfy-gen.ts","level":"error","message":"No server found, Waiting for 1 second for activate server","timestamp":"2025-04-09 22:00:17"}
{"label":"comfy-down.ts","level":"info","message":"No pending prompts. Retrying in 5 seconds...","timestamp":"2025-04-09 22:00:18"}
{"label":"comfy-gen.ts","level":"error","message":"No server found, Waiting for 1 second for activate server","timestamp":"2025-04-09 22:00:18"}
{"label":"comfy-gen.ts","level":"error","message":"No server found, Waiting for 1 second for activate server","timestamp":"2025-04-09 22:00:19"}
{"label":"comfy-gen.ts","level":"error","message":"No server found, Waiting for 1 second for activate server","timestamp":"2025-04-09 22:00:20"}
{"label":"comfy-gen.ts","level":"error","message":"No server found, Waiting for 1 second for activate server","timestamp":"2025-04-09 22:00:21"}
{"label":"comfy-gen.ts","level":"error","message":"No server found, Waiting for 1 second for activate server","timestamp":"2025-04-09 22:00:22"}
{"label":"comfy-down.ts","level":"info","message":"No pending prompts. Retrying in 5 seconds...","timestamp":"2025-04-09 22:00:23"}
{"label":"comfy-gen.ts","level":"error","message":"No server found, Waiting for 1 second for activate server","timestamp":"2025-04-09 22:00:23"}
{"label":"comfy-gen.ts","level":"error","message":"No server found, Waiting for 1 second for activate server","timestamp":"2025-04-09 22:00:24"}
{"label":"comfy-gen.ts","level":"error","message":"No server found, Waiting for 1 second for activate server","timestamp":"2025-04-09 22:00:25"}
{"label":"comfy-gen.ts","level":"error","message":"No server found, Waiting for 1 second for activate server","timestamp":"2025-04-09 22:00:26"}
{"label":"comfy-gen.ts","level":"error","message":"No server found, Waiting for 1 second for activate server","timestamp":"2025-04-09 22:00:27"}
{"label":"comfy-down.ts","level":"info","message":"No pending prompts. Retrying in 5 seconds...","timestamp":"2025-04-09 22:00:28"}
{"label":"comfy-gen.ts","level":"error","message":"No server found, Waiting for 1 second for activate server","timestamp":"2025-04-09 22:00:28"}
{"label":"comfy-gen.ts","level":"error","message":"No server found, Waiting for 1 second for activate server","timestamp":"2025-04-09 22:00:29"}
{"label":"comfy-gen.ts","level":"error","message":"No server found, Waiting for 1 second for activate server","timestamp":"2025-04-09 22:00:30"}
{"label":"comfy-gen.ts","level":"error","message":"No server found, Waiting for 1 second for activate server","timestamp":"2025-04-09 22:00:31"}
{"label":"comfy-gen.ts","level":"error","message":"No server found, Waiting for 1 second for activate server","timestamp":"2025-04-09 22:00:32"}
{"label":"comfy-down.ts","level":"info","message":"No pending prompts. Retrying in 5 seconds...","timestamp":"2025-04-09 22:00:33"}
{"label":"comfy-gen.ts","level":"error","message":"No server found, Waiting for 1 second for activate server","timestamp":"2025-04-09 22:00:33"}
{"label":"comfy-gen.ts","level":"error","message":"No server found, Waiting for 1 second for activate server","timestamp":"2025-04-09 22:00:34"}
{"label":"comfy-gen.ts","level":"error","message":"No server found, Waiting for 1 second for activate server","timestamp":"2025-04-09 22:00:35"}
{"label":"comfy-gen.ts","level":"error","message":"No server found, Waiting for 1 second for activate server","timestamp":"2025-04-09 22:00:36"}
{"label":"comfy-gen.ts","level":"error","message":"No server found, Waiting for 1 second for activate server","timestamp":"2025-04-09 22:00:37"}
{"label":"comfy-down.ts","level":"info","message":"No pending prompts. Retrying in 5 seconds...","timestamp":"2025-04-09 22:00:38"}
{"label":"comfy-gen.ts","level":"error","message":"No server found, Waiting for 1 second for activate server","timestamp":"2025-04-09 22:00:38"}
{"label":"comfy-gen.ts","level":"error","message":"No server found, Waiting for 1 second for activate server","timestamp":"2025-04-09 22:00:39"}
{"label":"comfy-gen.ts","level":"error","message":"No server found, Waiting for 1 second for activate server","timestamp":"2025-04-09 22:00:40"}
{"label":"comfy-gen.ts","level":"error","message":"No server found, Waiting for 1 second for activate server","timestamp":"2025-04-09 22:00:41"}
{"label":"comfy-gen.ts","level":"error","message":"No server found, Waiting for 1 second for activate server","timestamp":"2025-04-09 22:00:42"}
{"label":"comfy-down.ts","level":"info","message":"No pending prompts. Retrying in 5 seconds...","timestamp":"2025-04-09 22:00:43"}
{"label":"comfy-gen.ts","level":"error","message":"No server found, Waiting for 1 second for activate server","timestamp":"2025-04-09 22:00:43"}
{"label":"comfy-gen.ts","level":"error","message":"No server found, Waiting for 1 second for activate server","timestamp":"2025-04-09 22:00:44"}
{"label":"comfy-gen.ts","level":"error","message":"No server found, Waiting for 1 second for activate server","timestamp":"2025-04-09 22:00:45"}
{"label":"comfy-gen.ts","level":"error","message":"No server found, Waiting for 1 second for activate server","timestamp":"2025-04-09 22:00:46"}
{"label":"comfy-gen.ts","level":"error","message":"No server found, Waiting for 1 second for activate server","timestamp":"2025-04-09 22:00:47"}
{"label":"comfy-down.ts","level":"info","message":"No pending prompts. Retrying in 5 seconds...","timestamp":"2025-04-09 22:00:48"}
{"label":"comfy-gen.ts","level":"error","message":"No server found, Waiting for 1 second for activate server","timestamp":"2025-04-09 22:00:48"}
{"label":"comfy-gen.ts","level":"error","message":"No server found, Waiting for 1 second for activate server","timestamp":"2025-04-09 22:00:49"}
{"label":"comfy-gen.ts","level":"error","message":"No server found, Waiting for 1 second for activate server","timestamp":"2025-04-09 22:00:50"}
{"label":"comfy-gen.ts","level":"error","message":"No server found, Waiting for 1 second for activate server","timestamp":"2025-04-09 22:00:51"}
{"label":"comfy-gen.ts","level":"error","message":"No server found, Waiting for 1 second for activate server","timestamp":"2025-04-09 22:00:52"}
{"label":"comfy-down.ts","level":"info","message":"No pending prompts. Retrying in 5 seconds...","timestamp":"2025-04-09 22:00:53"}
{"label":"comfy-gen.ts","level":"error","message":"No server found, Waiting for 1 second for activate server","timestamp":"2025-04-09 22:00:53"}
{"label":"comfy-gen.ts","level":"error","message":"No server found, Waiting for 1 second for activate server","timestamp":"2025-04-09 22:00:54"}
{"label":"comfy-gen.ts","level":"error","message":"No server found, Waiting for 1 second for activate server","timestamp":"2025-04-09 22:00:55"}
{"label":"comfy-gen.ts","level":"error","message":"No server found, Waiting for 1 second for activate server","timestamp":"2025-04-09 22:00:56"}
{"label":"comfy-gen.ts","level":"error","message":"No server found, Waiting for 1 second for activate server","timestamp":"2025-04-09 22:00:57"}
{"label":"comfy-down.ts","level":"info","message":"No pending prompts. Retrying in 5 seconds...","timestamp":"2025-04-09 22:00:58"}
{"label":"comfy-gen.ts","level":"error","message":"No server found, Waiting for 1 second for activate server","timestamp":"2025-04-09 22:00:58"}
{"label":"comfy-gen.ts","level":"error","message":"No server found, Waiting for 1 second for activate server","timestamp":"2025-04-09 22:00:59"}
{"label":"comfy-gen.ts","level":"error","message":"No server found, Waiting for 1 second for activate server","timestamp":"2025-04-09 22:01:00"}
{"label":"comfy-gen.ts","level":"error","message":"No server found, Waiting for 1 second for activate server","timestamp":"2025-04-09 22:01:01"}
{"label":"comfy-gen.ts","level":"error","message":"No server found, Waiting for 1 second for activate server","timestamp":"2025-04-09 22:01:02"}
{"label":"comfy-down.ts","level":"info","message":"No pending prompts. Retrying in 5 seconds...","timestamp":"2025-04-09 22:01:03"}
{"label":"comfy-gen.ts","level":"error","message":"No server found, Waiting for 1 second for activate server","timestamp":"2025-04-09 22:01:03"}
{"label":"comfy-gen.ts","level":"error","message":"No server found, Waiting for 1 second for activate server","timestamp":"2025-04-09 22:01:04"}
{"label":"comfy-gen.ts","level":"error","message":"No server found, Waiting for 1 second for activate server","timestamp":"2025-04-09 22:01:05"}
{"label":"comfy-gen.ts","level":"error","message":"No server found, Waiting for 1 second for activate server","timestamp":"2025-04-09 22:01:06"}
{"label":"comfy-gen.ts","level":"error","message":"No server found, Waiting for 1 second for activate server","timestamp":"2025-04-09 22:01:07"}
{"label":"comfy-down.ts","level":"info","message":"No pending prompts. Retrying in 5 seconds...","timestamp":"2025-04-09 22:01:08"}
{"label":"comfy-gen.ts","level":"error","message":"No server found, Waiting for 1 second for activate server","timestamp":"2025-04-09 22:01:08"}
{"label":"comfy-gen.ts","level":"error","message":"No server found, Waiting for 1 second for activate server","timestamp":"2025-04-09 22:01:09"}
{"label":"comfy-gen.ts","level":"error","message":"No server found, Waiting for 1 second for activate server","timestamp":"2025-04-09 22:01:10"}
{"label":"comfy-gen.ts","level":"error","message":"No server found, Waiting for 1 second for activate server","timestamp":"2025-04-09 22:01:11"}
{"label":"comfy-gen.ts","level":"error","message":"No server found, Waiting for 1 second for activate server","timestamp":"2025-04-09 22:01:12"}
{"label":"comfy-down.ts","level":"info","message":"No pending prompts. Retrying in 5 seconds...","timestamp":"2025-04-09 22:01:13"}
{"label":"comfy-gen.ts","level":"error","message":"No server found, Waiting for 1 second for activate server","timestamp":"2025-04-09 22:01:13"}
{"label":"comfy-gen.ts","level":"error","message":"No server found, Waiting for 1 second for activate server","timestamp":"2025-04-09 22:01:14"}
{"label":"comfy-gen.ts","level":"error","message":"No server found, Waiting for 1 second for activate server","timestamp":"2025-04-09 22:01:15"}
{"label":"comfy-gen.ts","level":"error","message":"No server found, Waiting for 1 second for activate server","timestamp":"2025-04-09 22:01:16"}
{"label":"comfy-gen.ts","level":"error","message":"No server found, Waiting for 1 second for activate server","timestamp":"2025-04-09 22:01:17"}
{"label":"comfy-down.ts","level":"info","message":"No pending prompts. Retrying in 5 seconds...","timestamp":"2025-04-09 22:01:18"}
{"label":"comfy-gen.ts","level":"error","message":"No server found, Waiting for 1 second for activate server","timestamp":"2025-04-09 22:01:18"}
{"label":"comfy-gen.ts","level":"error","message":"No server found, Waiting for 1 second for activate server","timestamp":"2025-04-09 22:01:19"}
{"label":"comfy-gen.ts","level":"error","message":"No server found, Waiting for 1 second for activate server","timestamp":"2025-04-09 22:01:20"}
{"label":"comfy-gen.ts","level":"error","message":"No server found, Waiting for 1 second for activate server","timestamp":"2025-04-09 22:01:21"}
{"label":"comfy-gen.ts","level":"error","message":"No server found, Waiting for 1 second for activate server","timestamp":"2025-04-09 22:01:22"}
{"label":"comfy-down.ts","level":"info","message":"No pending prompts. Retrying in 5 seconds...","timestamp":"2025-04-09 22:01:23"}
{"label":"comfy-gen.ts","level":"error","message":"No server found, Waiting for 1 second for activate server","timestamp":"2025-04-09 22:01:23"}
{"label":"comfy-gen.ts","level":"error","message":"No server found, Waiting for 1 second for activate server","timestamp":"2025-04-09 22:01:24"}
{"label":"comfy-gen.ts","level":"error","message":"No server found, Waiting for 1 second for activate server","timestamp":"2025-04-09 22:01:25"}
{"label":"comfy-gen.ts","level":"error","message":"No server found, Waiting for 1 second for activate server","timestamp":"2025-04-09 22:01:26"}
{"label":"comfy-gen.ts","level":"error","message":"No server found, Waiting for 1 second for activate server","timestamp":"2025-04-09 22:01:27"}
{"label":"comfy-down.ts","level":"info","message":"No pending prompts. Retrying in 5 seconds...","timestamp":"2025-04-09 22:01:28"}
{"label":"comfy-gen.ts","level":"error","message":"No server found, Waiting for 1 second for activate server","timestamp":"2025-04-09 22:01:28"}
{"label":"comfy-gen.ts","level":"error","message":"No server found, Waiting for 1 second for activate server","timestamp":"2025-04-09 22:01:29"}
{"label":"comfy-gen.ts","level":"error","message":"No server found, Waiting for 1 second for activate server","timestamp":"2025-04-09 22:01:30"}
{"label":"comfy-gen.ts","level":"error","message":"No server found, Waiting for 1 second for activate server","timestamp":"2025-04-09 22:01:31"}
{"label":"comfy-gen.ts","level":"error","message":"No server found, Waiting for 1 second for activate server","timestamp":"2025-04-09 22:01:32"}
{"label":"comfy-down.ts","level":"info","message":"No pending prompts. Retrying in 5 seconds...","timestamp":"2025-04-09 22:01:33"}
{"label":"comfy-gen.ts","level":"error","message":"No server found, Waiting for 1 second for activate server","timestamp":"2025-04-09 22:01:33"}
{"label":"comfy-gen.ts","level":"error","message":"No server found, Waiting for 1 second for activate server","timestamp":"2025-04-09 22:01:34"}
{"label":"comfy-gen.ts","level":"error","message":"No server found, Waiting for 1 second for activate server","timestamp":"2025-04-09 22:01:35"}
{"label":"comfy-gen.ts","level":"error","message":"No server found, Waiting for 1 second for activate server","timestamp":"2025-04-09 22:01:36"}
{"label":"comfy-gen.ts","level":"error","message":"No server found, Waiting for 1 second for activate server","timestamp":"2025-04-09 22:01:37"}
{"label":"comfy-down.ts","level":"info","message":"No pending prompts. Retrying in 5 seconds...","timestamp":"2025-04-09 22:01:38"}
{"label":"comfy-gen.ts","level":"error","message":"No server found, Waiting for 1 second for activate server","timestamp":"2025-04-09 22:01:38"}
{"label":"comfy-gen.ts","level":"error","message":"No server found, Waiting for 1 second for activate server","timestamp":"2025-04-09 22:01:39"}
{"label":"comfy-gen.ts","level":"error","message":"No server found, Waiting for 1 second for activate server","timestamp":"2025-04-09 22:01:40"}
{"label":"comfy-gen.ts","level":"error","message":"No server found, Waiting for 1 second for activate server","timestamp":"2025-04-09 22:01:41"}
{"label":"comfy-gen.ts","level":"error","message":"No server found, Waiting for 1 second for activate server","timestamp":"2025-04-09 22:01:42"}
{"label":"comfy-down.ts","level":"info","message":"No pending prompts. Retrying in 5 seconds...","timestamp":"2025-04-09 22:01:43"}
{"label":"comfy-gen.ts","level":"error","message":"No server found, Waiting for 1 second for activate server","timestamp":"2025-04-09 22:01:43"}
{"label":"comfy-gen.ts","level":"error","message":"No server found, Waiting for 1 second for activate server","timestamp":"2025-04-09 22:01:44"}
{"label":"comfy-gen.ts","level":"error","message":"No server found, Waiting for 1 second for activate server","timestamp":"2025-04-09 22:01:45"}
{"label":"comfy-gen.ts","level":"error","message":"No server found, Waiting for 1 second for activate server","timestamp":"2025-04-09 22:01:46"}
{"label":"comfy-gen.ts","level":"error","message":"No server found, Waiting for 1 second for activate server","timestamp":"2025-04-09 22:01:47"}
{"label":"comfy-down.ts","level":"info","message":"No pending prompts. Retrying in 5 seconds...","timestamp":"2025-04-09 22:01:48"}
{"label":"comfy-gen.ts","level":"error","message":"No server found, Waiting for 1 second for activate server","timestamp":"2025-04-09 22:01:48"}
{"label":"comfy-gen.ts","level":"error","message":"No server found, Waiting for 1 second for activate server","timestamp":"2025-04-09 22:01:49"}
{"label":"comfy-gen.ts","level":"error","message":"No server found, Waiting for 1 second for activate server","timestamp":"2025-04-09 22:01:50"}
{"label":"comfy-gen.ts","level":"error","message":"No server found, Waiting for 1 second for activate server","timestamp":"2025-04-09 22:01:51"}
{"label":"comfy-gen.ts","level":"error","message":"No server found, Waiting for 1 second for activate server","timestamp":"2025-04-09 22:01:52"}
{"label":"comfy-down.ts","level":"info","message":"No pending prompts. Retrying in 5 seconds...","timestamp":"2025-04-09 22:01:53"}
{"label":"comfy-gen.ts","level":"error","message":"No server found, Waiting for 1 second for activate server","timestamp":"2025-04-09 22:01:53"}
{"label":"comfy-gen.ts","level":"error","message":"No server found, Waiting for 1 second for activate server","timestamp":"2025-04-09 22:01:54"}
{"label":"comfy-gen.ts","level":"error","message":"No server found, Waiting for 1 second for activate server","timestamp":"2025-04-09 22:01:55"}
{"label":"comfy-gen.ts","level":"error","message":"No server found, Waiting for 1 second for activate server","timestamp":"2025-04-09 22:01:56"}
{"label":"comfy-gen.ts","level":"error","message":"No server found, Waiting for 1 second for activate server","timestamp":"2025-04-09 22:01:57"}
{"label":"comfy-down.ts","level":"info","message":"No pending prompts. Retrying in 5 seconds...","timestamp":"2025-04-09 22:01:58"}
{"label":"comfy-gen.ts","level":"error","message":"No server found, Waiting for 1 second for activate server","timestamp":"2025-04-09 22:01:58"}
{"label":"comfy-gen.ts","level":"error","message":"No server found, Waiting for 1 second for activate server","timestamp":"2025-04-09 22:01:59"}
{"label":"comfy-gen.ts","level":"error","message":"No server found, Waiting for 1 second for activate server","timestamp":"2025-04-09 22:02:00"}
{"label":"comfy-gen.ts","level":"error","message":"No server found, Waiting for 1 second for activate server","timestamp":"2025-04-09 22:02:01"}
{"label":"comfy-gen.ts","level":"error","message":"No server found, Waiting for 1 second for activate server","timestamp":"2025-04-09 22:02:02"}
{"label":"comfy-down.ts","level":"info","message":"No pending prompts. Retrying in 5 seconds...","timestamp":"2025-04-09 22:02:03"}
{"label":"comfy-gen.ts","level":"error","message":"No server found, Waiting for 1 second for activate server","timestamp":"2025-04-09 22:02:03"}
{"label":"comfy-gen.ts","level":"error","message":"No server found, Waiting for 1 second for activate server","timestamp":"2025-04-09 22:02:04"}
{"label":"comfy-gen.ts","level":"error","message":"No server found, Waiting for 1 second for activate server","timestamp":"2025-04-09 22:02:05"}
{"label":"comfy-gen.ts","level":"error","message":"No server found, Waiting for 1 second for activate server","timestamp":"2025-04-09 22:02:06"}
{"label":"comfy-gen.ts","level":"error","message":"No server found, Waiting for 1 second for activate server","timestamp":"2025-04-09 22:02:07"}
{"label":"comfy-down.ts","level":"info","message":"No pending prompts. Retrying in 5 seconds...","timestamp":"2025-04-09 22:02:08"}
{"label":"comfy-gen.ts","level":"error","message":"No server found, Waiting for 1 second for activate server","timestamp":"2025-04-09 22:02:08"}
{"label":"comfy-gen.ts","level":"error","message":"No server found, Waiting for 1 second for activate server","timestamp":"2025-04-09 22:02:09"}
{"label":"comfy-gen.ts","level":"error","message":"No server found, Waiting for 1 second for activate server","timestamp":"2025-04-09 22:02:10"}
{"label":"comfy-gen.ts","level":"error","message":"No server found, Waiting for 1 second for activate server","timestamp":"2025-04-09 22:02:11"}
{"label":"comfy-gen.ts","level":"error","message":"No server found, Waiting for 1 second for activate server","timestamp":"2025-04-09 22:02:12"}
{"label":"comfy-down.ts","level":"info","message":"No pending prompts. Retrying in 5 seconds...","timestamp":"2025-04-09 22:02:13"}
{"label":"comfy-gen.ts","level":"error","message":"No server found, Waiting for 1 second for activate server","timestamp":"2025-04-09 22:02:13"}
{"label":"comfy-gen.ts","level":"error","message":"No server found, Waiting for 1 second for activate server","timestamp":"2025-04-09 22:02:14"}
{"label":"comfy-gen.ts","level":"error","message":"No server found, Waiting for 1 second for activate server","timestamp":"2025-04-09 22:02:15"}
{"label":"comfy-gen.ts","level":"error","message":"No server found, Waiting for 1 second for activate server","timestamp":"2025-04-09 22:02:16"}
{"label":"comfy-gen.ts","level":"error","message":"No server found, Waiting for 1 second for activate server","timestamp":"2025-04-09 22:02:17"}
{"label":"comfy-down.ts","level":"info","message":"No pending prompts. Retrying in 5 seconds...","timestamp":"2025-04-09 22:02:18"}
{"label":"comfy-gen.ts","level":"error","message":"No server found, Waiting for 1 second for activate server","timestamp":"2025-04-09 22:02:18"}
{"label":"comfy-gen.ts","level":"error","message":"No server found, Waiting for 1 second for activate server","timestamp":"2025-04-09 22:02:19"}
{"label":"comfy-gen.ts","level":"error","message":"No server found, Waiting for 1 second for activate server","timestamp":"2025-04-09 22:02:20"}
{"label":"comfy-gen.ts","level":"error","message":"No server found, Waiting for 1 second for activate server","timestamp":"2025-04-09 22:02:21"}
{"label":"comfy-gen.ts","level":"error","message":"No server found, Waiting for 1 second for activate server","timestamp":"2025-04-09 22:02:22"}
{"label":"comfy-down.ts","level":"info","message":"No pending prompts. Retrying in 5 seconds...","timestamp":"2025-04-09 22:02:23"}
{"label":"comfy-gen.ts","level":"error","message":"No server found, Waiting for 1 second for activate server","timestamp":"2025-04-09 22:02:23"}
{"label":"comfy-gen.ts","level":"error","message":"No server found, Waiting for 1 second for activate server","timestamp":"2025-04-09 22:02:24"}
{"label":"comfy-gen.ts","level":"error","message":"No server found, Waiting for 1 second for activate server","timestamp":"2025-04-09 22:02:25"}
{"label":"comfy-gen.ts","level":"error","message":"No server found, Waiting for 1 second for activate server","timestamp":"2025-04-09 22:02:26"}
{"label":"comfy-gen.ts","level":"error","message":"No server found, Waiting for 1 second for activate server","timestamp":"2025-04-09 22:02:27"}
{"label":"comfy-down.ts","level":"info","message":"No pending prompts. Retrying in 5 seconds...","timestamp":"2025-04-09 22:02:28"}
{"label":"comfy-gen.ts","level":"error","message":"No server found, Waiting for 1 second for activate server","timestamp":"2025-04-09 22:02:28"}
{"label":"comfy-gen.ts","level":"error","message":"No server found, Waiting for 1 second for activate server","timestamp":"2025-04-09 22:02:29"}
{"label":"comfy-gen.ts","level":"error","message":"No server found, Waiting for 1 second for activate server","timestamp":"2025-04-09 22:02:30"}
{"label":"comfy-gen.ts","level":"error","message":"No server found, Waiting for 1 second for activate server","timestamp":"2025-04-09 22:02:31"}
{"label":"comfy-gen.ts","level":"error","message":"No server found, Waiting for 1 second for activate server","timestamp":"2025-04-09 22:02:32"}
{"label":"comfy-down.ts","level":"info","message":"No pending prompts. Retrying in 5 seconds...","timestamp":"2025-04-09 22:02:33"}
{"label":"comfy-gen.ts","level":"error","message":"No server found, Waiting for 1 second for activate server","timestamp":"2025-04-09 22:02:33"}
{"label":"comfy-gen.ts","level":"error","message":"No server found, Waiting for 1 second for activate server","timestamp":"2025-04-09 22:02:34"}
{"label":"comfy-gen.ts","level":"error","message":"No server found, Waiting for 1 second for activate server","timestamp":"2025-04-09 22:02:35"}
{"label":"comfy-gen.ts","level":"error","message":"No server found, Waiting for 1 second for activate server","timestamp":"2025-04-09 22:02:36"}
{"label":"comfy-gen.ts","level":"error","message":"No server found, Waiting for 1 second for activate server","timestamp":"2025-04-09 22:02:37"}
{"label":"comfy-down.ts","level":"info","message":"No pending prompts. Retrying in 5 seconds...","timestamp":"2025-04-09 22:02:38"}
{"label":"comfy-gen.ts","level":"error","message":"No server found, Waiting for 1 second for activate server","timestamp":"2025-04-09 22:02:38"}
{"label":"comfy-gen.ts","level":"error","message":"No server found, Waiting for 1 second for activate server","timestamp":"2025-04-09 22:02:39"}
{"label":"comfy-gen.ts","level":"error","message":"No server found, Waiting for 1 second for activate server","timestamp":"2025-04-09 22:02:40"}
{"label":"comfy-gen.ts","level":"error","message":"No server found, Waiting for 1 second for activate server","timestamp":"2025-04-09 22:02:41"}
{"label":"comfy-gen.ts","level":"error","message":"No server found, Waiting for 1 second for activate server","timestamp":"2025-04-09 22:02:42"}
{"label":"comfy-down.ts","level":"info","message":"No pending prompts. Retrying in 5 seconds...","timestamp":"2025-04-09 22:02:43"}
{"label":"comfy-gen.ts","level":"error","message":"No server found, Waiting for 1 second for activate server","timestamp":"2025-04-09 22:02:43"}
{"label":"comfy-gen.ts","level":"error","message":"No server found, Waiting for 1 second for activate server","timestamp":"2025-04-09 22:02:44"}
{"label":"comfy-gen.ts","level":"error","message":"No server found, Waiting for 1 second for activate server","timestamp":"2025-04-09 22:02:45"}
{"label":"comfy-gen.ts","level":"error","message":"No server found, Waiting for 1 second for activate server","timestamp":"2025-04-09 22:02:46"}
{"label":"comfy-gen.ts","level":"error","message":"No server found, Waiting for 1 second for activate server","timestamp":"2025-04-09 22:02:47"}
{"label":"comfy-down.ts","level":"info","message":"No pending prompts. Retrying in 5 seconds...","timestamp":"2025-04-09 22:02:48"}
{"label":"comfy-gen.ts","level":"error","message":"No server found, Waiting for 1 second for activate server","timestamp":"2025-04-09 22:02:48"}
{"label":"comfy-gen.ts","level":"error","message":"No server found, Waiting for 1 second for activate server","timestamp":"2025-04-09 22:02:49"}
{"label":"comfy-gen.ts","level":"error","message":"No server found, Waiting for 1 second for activate server","timestamp":"2025-04-09 22:02:50"}
{"label":"comfy-gen.ts","level":"error","message":"No server found, Waiting for 1 second for activate server","timestamp":"2025-04-09 22:02:51"}
{"label":"comfy-gen.ts","level":"error","message":"No server found, Waiting for 1 second for activate server","timestamp":"2025-04-09 22:02:52"}
{"label":"comfy-down.ts","level":"info","message":"No pending prompts. Retrying in 5 seconds...","timestamp":"2025-04-09 22:02:53"}
{"label":"comfy-gen.ts","level":"error","message":"No server found, Waiting for 1 second for activate server","timestamp":"2025-04-09 22:02:53"}
{"label":"comfy-gen.ts","level":"error","message":"No server found, Waiting for 1 second for activate server","timestamp":"2025-04-09 22:02:54"}
{"label":"comfy-gen.ts","level":"error","message":"No server found, Waiting for 1 second for activate server","timestamp":"2025-04-09 22:02:55"}
{"label":"comfy-gen.ts","level":"error","message":"No server found, Waiting for 1 second for activate server","timestamp":"2025-04-09 22:02:56"}
{"label":"comfy-gen.ts","level":"error","message":"No server found, Waiting for 1 second for activate server","timestamp":"2025-04-09 22:02:57"}
{"label":"comfy-down.ts","level":"info","message":"No pending prompts. Retrying in 5 seconds...","timestamp":"2025-04-09 22:02:58"}
{"label":"comfy-gen.ts","level":"error","message":"No server found, Waiting for 1 second for activate server","timestamp":"2025-04-09 22:02:58"}
{"label":"comfy-gen.ts","level":"error","message":"No server found, Waiting for 1 second for activate server","timestamp":"2025-04-09 22:02:59"}
{"label":"comfy-gen.ts","level":"error","message":"No server found, Waiting for 1 second for activate server","timestamp":"2025-04-09 22:03:00"}
{"label":"comfy-gen.ts","level":"error","message":"No server found, Waiting for 1 second for activate server","timestamp":"2025-04-09 22:03:01"}
{"label":"comfy-gen.ts","level":"error","message":"No server found, Waiting for 1 second for activate server","timestamp":"2025-04-09 22:03:02"}
{"label":"comfy-down.ts","level":"info","message":"No pending prompts. Retrying in 5 seconds...","timestamp":"2025-04-09 22:03:03"}
{"label":"comfy-gen.ts","level":"error","message":"No server found, Waiting for 1 second for activate server","timestamp":"2025-04-09 22:03:03"}
{"label":"comfy-gen.ts","level":"error","message":"No server found, Waiting for 1 second for activate server","timestamp":"2025-04-09 22:03:04"}
{"label":"comfy-gen.ts","level":"error","message":"No server found, Waiting for 1 second for activate server","timestamp":"2025-04-09 22:03:05"}
{"label":"comfy-gen.ts","level":"error","message":"No server found, Waiting for 1 second for activate server","timestamp":"2025-04-09 22:03:06"}
{"label":"comfy-gen.ts","level":"error","message":"No server found, Waiting for 1 second for activate server","timestamp":"2025-04-09 22:03:07"}
{"label":"comfy-gen.ts","level":"error","message":"No server found, Waiting for 1 second for activate server","timestamp":"2025-04-09 22:03:08"}
{"label":"comfy-gen.ts","level":"info","message":"Shutting down gracefully...","timestamp":"2025-04-09 22:03:09"}
