2024-10-27 13:52 +07:00: 2024-10-27 13:52:56 [32minfo[39m [main.ts]: Starting round: 2
2024-10-27 13:52 +07:00: GetPromts 1
2024-10-27 13:52 +07:00: GetPromts 2
2024-10-27 13:52 +07:00: GetPromts 3
2024-10-27 13:52 +07:00: 2024-10-27 13:52:58 [32minfo[39m [main.ts]: Checking messages...
2024-10-27 13:52 +07:00: GetPromts 1
2024-10-27 13:52 +07:00: GetPromts 2
2024-10-27 13:52 +07:00: GetPromts 3
2024-10-27 13:52 +07:00: 2024-10-27 13:52:59 [32minfo[39m [main.ts]: Data not ready, checking again in 30 seconds...
2024-10-27 13:53 +07:00: 2024-10-27 13:53:26 [32minfo[39m [main.ts]: Starting round: 2
2024-10-27 13:53 +07:00: 2024-10-27 13:53:29 [32minfo[39m [main.ts]: Checking messages...
2024-10-27 13:53 +07:00: 2024-10-27 13:53:30 [32minfo[39m [main.ts]: Data not ready, checking again in 30 seconds...
2024-10-27 13:53 +07:00: 2024-10-27 13:53:44 [32minfo[39m [main.ts]: Starting round: 2
2024-10-27 13:53 +07:00: 2024-10-27 13:53:46 [32minfo[39m [main.ts]: Checking messages...
2024-10-27 13:53 +07:00: 2024-10-27 13:53:47 [32minfo[39m [main.ts]: Data not ready, checking again in 30 seconds...
2024-10-27 13:54 +07:00: 2024-10-27 13:54:17 [32minfo[39m [main.ts]: Checking messages...
2024-10-27 13:54 +07:00: 2024-10-27 13:54:19 [32minfo[39m [main.ts]: Data not ready, checking again in 30 seconds...
2024-10-27 13:54 +07:00: 2024-10-27 13:54:49 [32minfo[39m [main.ts]: Checking messages...
2024-10-27 13:54 +07:00: 2024-10-27 13:54:52 [32minfo[39m [main.ts]: Data not ready, checking again in 30 seconds...
2024-10-27 13:55 +07:00: 2024-10-27 13:55:22 [32minfo[39m [main.ts]: Checking messages...
2024-10-27 13:55 +07:00: 2024-10-27 13:55:25 [32minfo[39m [main.ts]: Waiting for full photo generation
2024-10-27 13:55 +07:00: 2024-10-27 13:55:39 [32minfo[39m [main.ts]: Images downloaded successfully!
2024-10-27 13:55 +07:00: 2024-10-27 13:55:42 [32minfo[39m [main.ts]: Round completed
2024-10-27 13:55 +07:00: 2024-10-27 13:55:42 [32minfo[39m [main.ts]: Starting round: 3
2024-10-27 13:55 +07:00: 2024-10-27 13:55:45 [32minfo[39m [main.ts]: Checking messages...
2024-10-27 13:55 +07:00: 2024-10-27 13:55:46 [32minfo[39m [main.ts]: Data not ready, checking again in 30 seconds...
2024-10-27 13:56 +07:00: 2024-10-27 13:56:16 [32minfo[39m [main.ts]: Checking messages...
2024-10-27 13:56 +07:00: 2024-10-27 13:56:18 [32minfo[39m [main.ts]: Data not ready, checking again in 30 seconds...
